2024-04-07 16:11:06.7290|TRACE|Microsoft.AspNetCore.Server.Kestrel.Http2|Connection id "0HN2N0GNHISHC" sending SETTINGS frame for stream ID 0 with length 18 and flags NONE.
2024-04-07 16:11:06.8357|TRACE|Microsoft.AspNetCore.Server.Kestrel.Http2|Connection id "0HN2N0GNHISHC" sending WINDOW_UPDATE frame for stream ID 0 with length 4 and flags 0x0.
2024-04-07 16:11:06.8357|TRACE|Microsoft.AspNetCore.Server.Kestrel.Http2|Connection id "0HN2N0GNHISHC" received SETTINGS frame for stream ID 0 with length 24 and flags NONE.
2024-04-07 16:11:06.8357|TRACE|Microsoft.AspNetCore.Server.Kestrel.Http2|Connection id "0HN2N0GNHISHC" sending SETTINGS frame for stream ID 0 with length 0 and flags ACK.
2024-04-07 16:11:06.8357|TRACE|Microsoft.AspNetCore.Server.Kestrel.Http2|Connection id "0HN2N0GNHISHC" received WINDOW_UPDATE frame for stream ID 0 with length 4 and flags 0x0.
2024-04-07 16:11:06.8406|TRACE|Microsoft.AspNetCore.Server.Kestrel.Http2|Connection id "0HN2N0GNHISHC" received HEADERS frame for stream ID 1 with length 566 and flags END_STREAM, END_HEADERS, PRIORITY.
2024-04-07 16:11:06.8913|TRACE|Microsoft.AspNetCore.Server.Kestrel.Http2|Connection id "0HN2N0GNHISHC" received SETTINGS frame for stream ID 0 with length 0 and flags ACK.
2024-04-07 16:11:07.2759|TRACE|Microsoft.AspNetCore.Server.Kestrel.Http2|Connection id "0HN2N0GNHISHC" sending HEADERS frame for stream ID 1 with length 66 and flags END_HEADERS.
2024-04-07 16:11:07.5407|TRACE|Microsoft.AspNetCore.Server.Kestrel.Http2|Connection id "0HN2N0GNHISHC" sending DATA frame for stream ID 1 with length 1024 and flags NONE.
2024-04-07 16:11:07.5407|TRACE|Microsoft.AspNetCore.Server.Kestrel.Http2|Connection id "0HN2N0GNHISHC" sending DATA frame for stream ID 1 with length 1024 and flags NONE.
2024-04-07 16:11:07.5407|TRACE|Microsoft.AspNetCore.Server.Kestrel.Http2|Connection id "0HN2N0GNHISHC" sending DATA frame for stream ID 1 with length 1024 and flags NONE.
2024-04-07 16:11:07.5407|TRACE|Microsoft.AspNetCore.Server.Kestrel.Http2|Connection id "0HN2N0GNHISHC" sending DATA frame for stream ID 1 with length 1024 and flags NONE.
2024-04-07 16:11:07.5407|TRACE|Microsoft.AspNetCore.Server.Kestrel.Http2|Connection id "0HN2N0GNHISHC" sending DATA frame for stream ID 1 with length 994 and flags NONE.
2024-04-07 16:11:07.5407|TRACE|Microsoft.AspNetCore.Server.Kestrel.Http2|Connection id "0HN2N0GNHISHC" sending DATA frame for stream ID 1 with length 65 and flags NONE.
2024-04-07 16:11:07.5407|TRACE|Microsoft.AspNetCore.Server.Kestrel.Http2|Connection id "0HN2N0GNHISHC" sending DATA frame for stream ID 1 with length 16 and flags NONE.
2024-04-07 16:11:07.5637|TRACE|Microsoft.AspNetCore.Server.Kestrel.Http2|Connection id "0HN2N0GNHISHC" received HEADERS frame for stream ID 3 with length 112 and flags END_STREAM, END_HEADERS, PRIORITY.
2024-04-07 16:11:07.5696|TRACE|Microsoft.AspNetCore.Server.Kestrel.Http2|Connection id "0HN2N0GNHISHC" received HEADERS frame for stream ID 5 with length 60 and flags END_STREAM, END_HEADERS, PRIORITY.
2024-04-07 16:11:07.5696|TRACE|Microsoft.AspNetCore.Server.Kestrel.Http2|Connection id "0HN2N0GNHISHC" sending HEADERS frame for stream ID 3 with length 60 and flags END_HEADERS.
2024-04-07 16:11:07.5925|TRACE|Microsoft.AspNetCore.Server.Kestrel.Http2|Connection id "0HN2N0GNHISHC" sending DATA frame for stream ID 3 with length 12356 and flags NONE.
2024-04-07 16:11:07.5925|TRACE|Microsoft.AspNetCore.Server.Kestrel.Http2|Connection id "0HN2N0GNHISHC" sending DATA frame for stream ID 3 with length 0 and flags END_STREAM.
2024-04-07 16:11:07.5925|TRACE|Microsoft.AspNetCore.Server.Kestrel.Http2|Connection id "0HN2N0GNHISHC" sending DATA frame for stream ID 1 with length 0 and flags END_STREAM.
2024-04-07 16:11:07.6192|TRACE|Microsoft.AspNetCore.Server.Kestrel.Http2|Connection id "0HN2N0GNHISHC" sending HEADERS frame for stream ID 5 with length 149 and flags END_HEADERS.
2024-04-07 16:11:07.6192|TRACE|Microsoft.AspNetCore.Server.Kestrel.Http2|Connection id "0HN2N0GNHISHC" sending DATA frame for stream ID 5 with length 9986 and flags NONE.
2024-04-07 16:11:07.6192|TRACE|Microsoft.AspNetCore.Server.Kestrel.Http2|Connection id "0HN2N0GNHISHC" sending DATA frame for stream ID 5 with length 10240 and flags NONE.
2024-04-07 16:11:07.6192|TRACE|Microsoft.AspNetCore.Server.Kestrel.Http2|Connection id "0HN2N0GNHISHC" sending DATA frame for stream ID 5 with length 10240 and flags NONE.
2024-04-07 16:11:07.6192|TRACE|Microsoft.AspNetCore.Server.Kestrel.Http2|Connection id "0HN2N0GNHISHC" sending DATA frame for stream ID 5 with length 10240 and flags NONE.
2024-04-07 16:11:07.6192|TRACE|Microsoft.AspNetCore.Server.Kestrel.Http2|Connection id "0HN2N0GNHISHC" sending DATA frame for stream ID 5 with length 10240 and flags NONE.
2024-04-07 16:11:07.6192|TRACE|Microsoft.AspNetCore.Server.Kestrel.Http2|Connection id "0HN2N0GNHISHC" sending DATA frame for stream ID 5 with length 10240 and flags NONE.
2024-04-07 16:11:07.6192|TRACE|Microsoft.AspNetCore.Server.Kestrel.Http2|Connection id "0HN2N0GNHISHC" sending DATA frame for stream ID 5 with length 10240 and flags NONE.
2024-04-07 16:11:07.6192|TRACE|Microsoft.AspNetCore.Server.Kestrel.Http2|Connection id "0HN2N0GNHISHC" sending DATA frame for stream ID 5 with length 10240 and flags NONE.
2024-04-07 16:11:07.6192|TRACE|Microsoft.AspNetCore.Server.Kestrel.Http2|Connection id "0HN2N0GNHISHC" sending DATA frame for stream ID 5 with length 10240 and flags NONE.
2024-04-07 16:11:07.6192|TRACE|Microsoft.AspNetCore.Server.Kestrel.Http2|Connection id "0HN2N0GNHISHC" sending DATA frame for stream ID 5 with length 10240 and flags NONE.
2024-04-07 16:11:07.6192|TRACE|Microsoft.AspNetCore.Server.Kestrel.Http2|Connection id "0HN2N0GNHISHC" sending DATA frame for stream ID 5 with length 10240 and flags NONE.
2024-04-07 16:11:07.6192|TRACE|Microsoft.AspNetCore.Server.Kestrel.Http2|Connection id "0HN2N0GNHISHC" sending DATA frame for stream ID 5 with length 10240 and flags NONE.
2024-04-07 16:11:07.6192|TRACE|Microsoft.AspNetCore.Server.Kestrel.Http2|Connection id "0HN2N0GNHISHC" sending DATA frame for stream ID 5 with length 10240 and flags NONE.
2024-04-07 16:11:07.6192|TRACE|Microsoft.AspNetCore.Server.Kestrel.Http2|Connection id "0HN2N0GNHISHC" sending DATA frame for stream ID 5 with length 10240 and flags NONE.
2024-04-07 16:11:07.6192|TRACE|Microsoft.AspNetCore.Server.Kestrel.Http2|Connection id "0HN2N0GNHISHC" sending DATA frame for stream ID 5 with length 10240 and flags NONE.
2024-04-07 16:11:07.6192|TRACE|Microsoft.AspNetCore.Server.Kestrel.Http2|Connection id "0HN2N0GNHISHC" sending DATA frame for stream ID 5 with length 160 and flags NONE.
2024-04-07 16:11:07.6192|TRACE|Microsoft.AspNetCore.Server.Kestrel.Http2|Connection id "0HN2N0GNHISHC" sending DATA frame for stream ID 5 with length 0 and flags END_STREAM.
2024-04-07 16:11:07.8569|TRACE|Microsoft.AspNetCore.Server.Kestrel.Http2|Connection id "0HN2N0GNHISHC" received HEADERS frame for stream ID 7 with length 69 and flags END_STREAM, END_HEADERS, PRIORITY.
2024-04-07 16:11:08.1905|TRACE|Microsoft.AspNetCore.Server.Kestrel.Http2|Connection id "0HN2N0GNHISHC" sending HEADERS frame for stream ID 7 with length 35 and flags END_HEADERS.
2024-04-07 16:11:08.1905|TRACE|Microsoft.AspNetCore.Server.Kestrel.Http2|Connection id "0HN2N0GNHISHC" sending DATA frame for stream ID 7 with length 16384 and flags NONE.
2024-04-07 16:11:08.1905|TRACE|Microsoft.AspNetCore.Server.Kestrel.Http2|Connection id "0HN2N0GNHISHC" sending DATA frame for stream ID 7 with length 16384 and flags NONE.
2024-04-07 16:11:08.1905|TRACE|Microsoft.AspNetCore.Server.Kestrel.Http2|Connection id "0HN2N0GNHISHC" sending DATA frame for stream ID 7 with length 2199 and flags NONE.
2024-04-07 16:11:08.1905|TRACE|Microsoft.AspNetCore.Server.Kestrel.Http2|Connection id "0HN2N0GNHISHC" sending DATA frame for stream ID 7 with length 0 and flags END_STREAM.
