2024-04-03 22:52:46.1593|TRACE|Microsoft.AspNetCore.Server.Kestrel.Http2|Connection id "0HN2K2UGROVF4" sending SETTINGS frame for stream ID 0 with length 18 and flags NONE.
2024-04-03 22:52:46.2525|TRACE|Microsoft.AspNetCore.Server.Kestrel.Http2|Connection id "0HN2K2UGROVF4" sending WINDOW_UPDATE frame for stream ID 0 with length 4 and flags 0x0.
2024-04-03 22:52:46.2525|TRACE|Microsoft.AspNetCore.Server.Kestrel.Http2|Connection id "0HN2K2UGROVF4" received SETTINGS frame for stream ID 0 with length 24 and flags NONE.
2024-04-03 22:52:46.2525|TRACE|Microsoft.AspNetCore.Server.Kestrel.Http2|Connection id "0HN2K2UGROVF4" sending SETTINGS frame for stream ID 0 with length 0 and flags ACK.
2024-04-03 22:52:46.2525|TRACE|Microsoft.AspNetCore.Server.Kestrel.Http2|Connection id "0HN2K2UGROVF4" received WINDOW_UPDATE frame for stream ID 0 with length 4 and flags 0x0.
2024-04-03 22:52:46.2525|TRACE|Microsoft.AspNetCore.Server.Kestrel.Http2|Connection id "0HN2K2UGROVF4" received HEADERS frame for stream ID 1 with length 566 and flags END_STREAM, END_HEADERS, PRIORITY.
2024-04-03 22:52:46.2955|TRACE|Microsoft.AspNetCore.Server.Kestrel.Http2|Connection id "0HN2K2UGROVF4" received SETTINGS frame for stream ID 0 with length 0 and flags ACK.
2024-04-03 22:52:46.5817|TRACE|Microsoft.AspNetCore.Server.Kestrel.Http2|Connection id "0HN2K2UGROVF4" sending HEADERS frame for stream ID 1 with length 66 and flags END_HEADERS.
2024-04-03 22:52:46.7728|TRACE|Microsoft.AspNetCore.Server.Kestrel.Http2|Connection id "0HN2K2UGROVF4" sending DATA frame for stream ID 1 with length 1024 and flags NONE.
2024-04-03 22:52:46.7728|TRACE|Microsoft.AspNetCore.Server.Kestrel.Http2|Connection id "0HN2K2UGROVF4" sending DATA frame for stream ID 1 with length 1024 and flags NONE.
2024-04-03 22:52:46.7728|TRACE|Microsoft.AspNetCore.Server.Kestrel.Http2|Connection id "0HN2K2UGROVF4" sending DATA frame for stream ID 1 with length 1024 and flags NONE.
2024-04-03 22:52:46.7728|TRACE|Microsoft.AspNetCore.Server.Kestrel.Http2|Connection id "0HN2K2UGROVF4" sending DATA frame for stream ID 1 with length 1024 and flags NONE.
2024-04-03 22:52:46.7728|TRACE|Microsoft.AspNetCore.Server.Kestrel.Http2|Connection id "0HN2K2UGROVF4" sending DATA frame for stream ID 1 with length 994 and flags NONE.
2024-04-03 22:52:46.7728|TRACE|Microsoft.AspNetCore.Server.Kestrel.Http2|Connection id "0HN2K2UGROVF4" sending DATA frame for stream ID 1 with length 65 and flags NONE.
2024-04-03 22:52:46.7728|TRACE|Microsoft.AspNetCore.Server.Kestrel.Http2|Connection id "0HN2K2UGROVF4" sending DATA frame for stream ID 1 with length 16 and flags NONE.
2024-04-03 22:52:46.7863|TRACE|Microsoft.AspNetCore.Server.Kestrel.Http2|Connection id "0HN2K2UGROVF4" received HEADERS frame for stream ID 3 with length 112 and flags END_STREAM, END_HEADERS, PRIORITY.
2024-04-03 22:52:46.7863|TRACE|Microsoft.AspNetCore.Server.Kestrel.Http2|Connection id "0HN2K2UGROVF4" received HEADERS frame for stream ID 5 with length 60 and flags END_STREAM, END_HEADERS, PRIORITY.
2024-04-03 22:52:46.7966|TRACE|Microsoft.AspNetCore.Server.Kestrel.Http2|Connection id "0HN2K2UGROVF4" sending HEADERS frame for stream ID 3 with length 60 and flags END_HEADERS.
2024-04-03 22:52:46.7966|TRACE|Microsoft.AspNetCore.Server.Kestrel.Http2|Connection id "0HN2K2UGROVF4" sending DATA frame for stream ID 3 with length 12356 and flags NONE.
2024-04-03 22:52:46.7966|TRACE|Microsoft.AspNetCore.Server.Kestrel.Http2|Connection id "0HN2K2UGROVF4" sending DATA frame for stream ID 3 with length 0 and flags END_STREAM.
2024-04-03 22:52:46.7966|TRACE|Microsoft.AspNetCore.Server.Kestrel.Http2|Connection id "0HN2K2UGROVF4" sending DATA frame for stream ID 1 with length 0 and flags END_STREAM.
2024-04-03 22:52:46.8691|TRACE|Microsoft.AspNetCore.Server.Kestrel.Http2|Connection id "0HN2K2UGROVF4" sending HEADERS frame for stream ID 5 with length 149 and flags END_HEADERS.
2024-04-03 22:52:46.8691|TRACE|Microsoft.AspNetCore.Server.Kestrel.Http2|Connection id "0HN2K2UGROVF4" sending DATA frame for stream ID 5 with length 9986 and flags NONE.
2024-04-03 22:52:46.8691|TRACE|Microsoft.AspNetCore.Server.Kestrel.Http2|Connection id "0HN2K2UGROVF4" sending DATA frame for stream ID 5 with length 10240 and flags NONE.
2024-04-03 22:52:46.8691|TRACE|Microsoft.AspNetCore.Server.Kestrel.Http2|Connection id "0HN2K2UGROVF4" sending DATA frame for stream ID 5 with length 10240 and flags NONE.
2024-04-03 22:52:46.8691|TRACE|Microsoft.AspNetCore.Server.Kestrel.Http2|Connection id "0HN2K2UGROVF4" sending DATA frame for stream ID 5 with length 10240 and flags NONE.
2024-04-03 22:52:46.8691|TRACE|Microsoft.AspNetCore.Server.Kestrel.Http2|Connection id "0HN2K2UGROVF4" sending DATA frame for stream ID 5 with length 10240 and flags NONE.
2024-04-03 22:52:46.8691|TRACE|Microsoft.AspNetCore.Server.Kestrel.Http2|Connection id "0HN2K2UGROVF4" sending DATA frame for stream ID 5 with length 10240 and flags NONE.
2024-04-03 22:52:46.8719|TRACE|Microsoft.AspNetCore.Server.Kestrel.Http2|Connection id "0HN2K2UGROVF4" sending DATA frame for stream ID 5 with length 10240 and flags NONE.
2024-04-03 22:52:46.8719|TRACE|Microsoft.AspNetCore.Server.Kestrel.Http2|Connection id "0HN2K2UGROVF4" sending DATA frame for stream ID 5 with length 10240 and flags NONE.
2024-04-03 22:52:46.8719|TRACE|Microsoft.AspNetCore.Server.Kestrel.Http2|Connection id "0HN2K2UGROVF4" sending DATA frame for stream ID 5 with length 10240 and flags NONE.
2024-04-03 22:52:46.8719|TRACE|Microsoft.AspNetCore.Server.Kestrel.Http2|Connection id "0HN2K2UGROVF4" sending DATA frame for stream ID 5 with length 10240 and flags NONE.
2024-04-03 22:52:46.8719|TRACE|Microsoft.AspNetCore.Server.Kestrel.Http2|Connection id "0HN2K2UGROVF4" sending DATA frame for stream ID 5 with length 10240 and flags NONE.
2024-04-03 22:52:46.8719|TRACE|Microsoft.AspNetCore.Server.Kestrel.Http2|Connection id "0HN2K2UGROVF4" sending DATA frame for stream ID 5 with length 10240 and flags NONE.
2024-04-03 22:52:46.8719|TRACE|Microsoft.AspNetCore.Server.Kestrel.Http2|Connection id "0HN2K2UGROVF4" sending DATA frame for stream ID 5 with length 10240 and flags NONE.
2024-04-03 22:52:46.8719|TRACE|Microsoft.AspNetCore.Server.Kestrel.Http2|Connection id "0HN2K2UGROVF4" sending DATA frame for stream ID 5 with length 10240 and flags NONE.
2024-04-03 22:52:46.8719|TRACE|Microsoft.AspNetCore.Server.Kestrel.Http2|Connection id "0HN2K2UGROVF4" sending DATA frame for stream ID 5 with length 10240 and flags NONE.
2024-04-03 22:52:46.8719|TRACE|Microsoft.AspNetCore.Server.Kestrel.Http2|Connection id "0HN2K2UGROVF4" sending DATA frame for stream ID 5 with length 160 and flags NONE.
2024-04-03 22:52:46.8719|TRACE|Microsoft.AspNetCore.Server.Kestrel.Http2|Connection id "0HN2K2UGROVF4" sending DATA frame for stream ID 5 with length 0 and flags END_STREAM.
2024-04-03 22:52:46.9500|TRACE|Microsoft.AspNetCore.Server.Kestrel.Http2|Connection id "0HN2K2UGROVF4" received HEADERS frame for stream ID 7 with length 69 and flags END_STREAM, END_HEADERS, PRIORITY.
2024-04-03 22:52:47.0049|TRACE|Microsoft.AspNetCore.Server.Kestrel.Http2|Connection id "0HN2K2UGROVF4" received HEADERS frame for stream ID 9 with length 99 and flags END_STREAM, END_HEADERS, PRIORITY.
2024-04-03 22:52:47.0303|TRACE|Microsoft.AspNetCore.Server.Kestrel.Http2|Connection id "0HN2K2UGROVF4" sending HEADERS frame for stream ID 9 with length 77 and flags END_HEADERS.
2024-04-03 22:52:47.0303|TRACE|Microsoft.AspNetCore.Server.Kestrel.Http2|Connection id "0HN2K2UGROVF4" sending DATA frame for stream ID 9 with length 628 and flags NONE.
2024-04-03 22:52:47.0303|TRACE|Microsoft.AspNetCore.Server.Kestrel.Http2|Connection id "0HN2K2UGROVF4" sending DATA frame for stream ID 9 with length 0 and flags END_STREAM.
2024-04-03 22:52:47.1965|TRACE|Microsoft.AspNetCore.Server.Kestrel.Http2|Connection id "0HN2K2UGROVF4" sending HEADERS frame for stream ID 7 with length 35 and flags END_HEADERS.
2024-04-03 22:52:47.1965|TRACE|Microsoft.AspNetCore.Server.Kestrel.Http2|Connection id "0HN2K2UGROVF4" sending DATA frame for stream ID 7 with length 16384 and flags NONE.
2024-04-03 22:52:47.1965|TRACE|Microsoft.AspNetCore.Server.Kestrel.Http2|Connection id "0HN2K2UGROVF4" sending DATA frame for stream ID 7 with length 16384 and flags NONE.
2024-04-03 22:52:47.1965|TRACE|Microsoft.AspNetCore.Server.Kestrel.Http2|Connection id "0HN2K2UGROVF4" sending DATA frame for stream ID 7 with length 1211 and flags NONE.
2024-04-03 22:52:47.1965|TRACE|Microsoft.AspNetCore.Server.Kestrel.Http2|Connection id "0HN2K2UGROVF4" sending DATA frame for stream ID 7 with length 0 and flags END_STREAM.
2024-04-03 22:53:12.6551|TRACE|Microsoft.AspNetCore.Server.Kestrel.Http2|Connection id "0HN2K2UGROVF4" received HEADERS frame for stream ID 11 with length 44 and flags END_STREAM, END_HEADERS, PRIORITY.
2024-04-03 22:53:12.6551|TRACE|Microsoft.AspNetCore.Server.Kestrel.Http2|Connection id "0HN2K2UGROVF4" received PING frame for stream ID 0 with length 8 and flags NONE.
2024-04-03 22:53:12.6551|TRACE|Microsoft.AspNetCore.Server.Kestrel.Http2|Connection id "0HN2K2UGROVF4" sending PING frame for stream ID 0 with length 8 and flags ACK.
2024-04-03 22:53:14.5516|TRACE|Microsoft.AspNetCore.Server.Kestrel.Http2|Connection id "0HN2K2UGROVF4" sending HEADERS frame for stream ID 11 with length 66 and flags END_HEADERS.
2024-04-03 22:53:14.5516|TRACE|Microsoft.AspNetCore.Server.Kestrel.Http2|Connection id "0HN2K2UGROVF4" sending DATA frame for stream ID 11 with length 14761 and flags NONE.
2024-04-03 22:53:14.5516|TRACE|Microsoft.AspNetCore.Server.Kestrel.Http2|Connection id "0HN2K2UGROVF4" sending DATA frame for stream ID 11 with length 1908 and flags NONE.
2024-04-03 22:53:14.5516|TRACE|Microsoft.AspNetCore.Server.Kestrel.Http2|Connection id "0HN2K2UGROVF4" received WINDOW_UPDATE frame for stream ID 0 with length 4 and flags 0x0.
2024-04-03 22:53:14.5516|TRACE|Microsoft.AspNetCore.Server.Kestrel.Http2|Connection id "0HN2K2UGROVF4" sending DATA frame for stream ID 11 with length 0 and flags END_STREAM.
