2024-05-05 23:37:30.2088|TRACE|Microsoft.AspNetCore.Server.Kestrel.Http2|Connection id "0HN3D8CN7C771" sending SETTINGS frame for stream ID 0 with length 18 and flags NONE.
2024-05-05 23:37:30.3057|TRACE|Microsoft.AspNetCore.Server.Kestrel.Http2|Connection id "0HN3D8CN7C771" sending WINDOW_UPDATE frame for stream ID 0 with length 4 and flags 0x0.
2024-05-05 23:37:30.3057|TRACE|Microsoft.AspNetCore.Server.Kestrel.Http2|Connection id "0HN3D8CN7C771" received SETTINGS frame for stream ID 0 with length 24 and flags NONE.
2024-05-05 23:37:30.3057|TRACE|Microsoft.AspNetCore.Server.Kestrel.Http2|Connection id "0HN3D8CN7C771" sending SETTINGS frame for stream ID 0 with length 0 and flags ACK.
2024-05-05 23:37:30.3057|TRACE|Microsoft.AspNetCore.Server.Kestrel.Http2|Connection id "0HN3D8CN7C771" received WINDOW_UPDATE frame for stream ID 0 with length 4 and flags 0x0.
2024-05-05 23:37:30.3133|TRACE|Microsoft.AspNetCore.Server.Kestrel.Http2|Connection id "0HN3D8CN7C771" received HEADERS frame for stream ID 1 with length 580 and flags END_STREAM, END_HEADERS, PRIORITY.
2024-05-05 23:37:30.3770|TRACE|Microsoft.AspNetCore.Server.Kestrel.Http2|Connection id "0HN3D8CN7C771" received SETTINGS frame for stream ID 0 with length 0 and flags ACK.
2024-05-05 23:37:31.1967|TRACE|Microsoft.AspNetCore.Server.Kestrel.Http2|Connection id "0HN3D8CN7C771" sending HEADERS frame for stream ID 1 with length 66 and flags END_HEADERS.
2024-05-05 23:37:31.7170|TRACE|Microsoft.AspNetCore.Server.Kestrel.Http2|Connection id "0HN3D8CN7C771" sending DATA frame for stream ID 1 with length 1024 and flags NONE.
2024-05-05 23:37:31.7182|TRACE|Microsoft.AspNetCore.Server.Kestrel.Http2|Connection id "0HN3D8CN7C771" sending DATA frame for stream ID 1 with length 1024 and flags NONE.
2024-05-05 23:37:31.7182|TRACE|Microsoft.AspNetCore.Server.Kestrel.Http2|Connection id "0HN3D8CN7C771" sending DATA frame for stream ID 1 with length 1024 and flags NONE.
2024-05-05 23:37:31.7182|TRACE|Microsoft.AspNetCore.Server.Kestrel.Http2|Connection id "0HN3D8CN7C771" sending DATA frame for stream ID 1 with length 1024 and flags NONE.
2024-05-05 23:37:31.7182|TRACE|Microsoft.AspNetCore.Server.Kestrel.Http2|Connection id "0HN3D8CN7C771" sending DATA frame for stream ID 1 with length 994 and flags NONE.
2024-05-05 23:37:31.7182|TRACE|Microsoft.AspNetCore.Server.Kestrel.Http2|Connection id "0HN3D8CN7C771" sending DATA frame for stream ID 1 with length 65 and flags NONE.
2024-05-05 23:37:31.7182|TRACE|Microsoft.AspNetCore.Server.Kestrel.Http2|Connection id "0HN3D8CN7C771" sending DATA frame for stream ID 1 with length 16 and flags NONE.
2024-05-05 23:37:31.7486|TRACE|Microsoft.AspNetCore.Server.Kestrel.Http2|Connection id "0HN3D8CN7C771" received HEADERS frame for stream ID 3 with length 118 and flags END_STREAM, END_HEADERS, PRIORITY.
2024-05-05 23:37:31.7486|TRACE|Microsoft.AspNetCore.Server.Kestrel.Http2|Connection id "0HN3D8CN7C771" received HEADERS frame for stream ID 5 with length 61 and flags END_STREAM, END_HEADERS, PRIORITY.
2024-05-05 23:37:31.7486|TRACE|Microsoft.AspNetCore.Server.Kestrel.Http2|Connection id "0HN3D8CN7C771" sending DATA frame for stream ID 1 with length 0 and flags END_STREAM.
2024-05-05 23:37:31.7486|TRACE|Microsoft.AspNetCore.Server.Kestrel.Http2|Connection id "0HN3D8CN7C771" sending HEADERS frame for stream ID 3 with length 90 and flags END_HEADERS.
2024-05-05 23:37:31.7486|TRACE|Microsoft.AspNetCore.Server.Kestrel.Http2|Connection id "0HN3D8CN7C771" sending DATA frame for stream ID 3 with length 12356 and flags NONE.
2024-05-05 23:37:31.7687|TRACE|Microsoft.AspNetCore.Server.Kestrel.Http2|Connection id "0HN3D8CN7C771" sending DATA frame for stream ID 3 with length 0 and flags END_STREAM.
2024-05-05 23:37:31.8643|TRACE|Microsoft.AspNetCore.Server.Kestrel.Http2|Connection id "0HN3D8CN7C771" sending HEADERS frame for stream ID 5 with length 119 and flags END_HEADERS.
2024-05-05 23:37:31.8643|TRACE|Microsoft.AspNetCore.Server.Kestrel.Http2|Connection id "0HN3D8CN7C771" sending DATA frame for stream ID 5 with length 9986 and flags NONE.
2024-05-05 23:37:31.8643|TRACE|Microsoft.AspNetCore.Server.Kestrel.Http2|Connection id "0HN3D8CN7C771" sending DATA frame for stream ID 5 with length 10240 and flags NONE.
2024-05-05 23:37:31.8643|TRACE|Microsoft.AspNetCore.Server.Kestrel.Http2|Connection id "0HN3D8CN7C771" sending DATA frame for stream ID 5 with length 10240 and flags NONE.
2024-05-05 23:37:31.8643|TRACE|Microsoft.AspNetCore.Server.Kestrel.Http2|Connection id "0HN3D8CN7C771" sending DATA frame for stream ID 5 with length 10240 and flags NONE.
2024-05-05 23:37:31.8643|TRACE|Microsoft.AspNetCore.Server.Kestrel.Http2|Connection id "0HN3D8CN7C771" sending DATA frame for stream ID 5 with length 10240 and flags NONE.
2024-05-05 23:37:31.8643|TRACE|Microsoft.AspNetCore.Server.Kestrel.Http2|Connection id "0HN3D8CN7C771" sending DATA frame for stream ID 5 with length 10240 and flags NONE.
2024-05-05 23:37:31.8643|TRACE|Microsoft.AspNetCore.Server.Kestrel.Http2|Connection id "0HN3D8CN7C771" sending DATA frame for stream ID 5 with length 10240 and flags NONE.
2024-05-05 23:37:31.8643|TRACE|Microsoft.AspNetCore.Server.Kestrel.Http2|Connection id "0HN3D8CN7C771" sending DATA frame for stream ID 5 with length 10240 and flags NONE.
2024-05-05 23:37:31.8643|TRACE|Microsoft.AspNetCore.Server.Kestrel.Http2|Connection id "0HN3D8CN7C771" sending DATA frame for stream ID 5 with length 10240 and flags NONE.
2024-05-05 23:37:31.8643|TRACE|Microsoft.AspNetCore.Server.Kestrel.Http2|Connection id "0HN3D8CN7C771" sending DATA frame for stream ID 5 with length 10240 and flags NONE.
2024-05-05 23:37:31.8643|TRACE|Microsoft.AspNetCore.Server.Kestrel.Http2|Connection id "0HN3D8CN7C771" sending DATA frame for stream ID 5 with length 10240 and flags NONE.
2024-05-05 23:37:31.8643|TRACE|Microsoft.AspNetCore.Server.Kestrel.Http2|Connection id "0HN3D8CN7C771" sending DATA frame for stream ID 5 with length 10240 and flags NONE.
2024-05-05 23:37:31.8643|TRACE|Microsoft.AspNetCore.Server.Kestrel.Http2|Connection id "0HN3D8CN7C771" sending DATA frame for stream ID 5 with length 10240 and flags NONE.
2024-05-05 23:37:31.8643|TRACE|Microsoft.AspNetCore.Server.Kestrel.Http2|Connection id "0HN3D8CN7C771" sending DATA frame for stream ID 5 with length 10240 and flags NONE.
2024-05-05 23:37:31.8643|TRACE|Microsoft.AspNetCore.Server.Kestrel.Http2|Connection id "0HN3D8CN7C771" sending DATA frame for stream ID 5 with length 10240 and flags NONE.
2024-05-05 23:37:31.8643|TRACE|Microsoft.AspNetCore.Server.Kestrel.Http2|Connection id "0HN3D8CN7C771" sending DATA frame for stream ID 5 with length 160 and flags NONE.
2024-05-05 23:37:31.8643|TRACE|Microsoft.AspNetCore.Server.Kestrel.Http2|Connection id "0HN3D8CN7C771" sending DATA frame for stream ID 5 with length 0 and flags END_STREAM.
2024-05-05 23:37:32.0234|TRACE|Microsoft.AspNetCore.Server.Kestrel.Http2|Connection id "0HN3D8CN7C771" received HEADERS frame for stream ID 7 with length 77 and flags END_STREAM, END_HEADERS, PRIORITY.
2024-05-05 23:37:32.5587|TRACE|Microsoft.AspNetCore.Server.Kestrel.Http2|Connection id "0HN3D8CN7C771" sending HEADERS frame for stream ID 7 with length 35 and flags END_HEADERS.
2024-05-05 23:37:32.5587|TRACE|Microsoft.AspNetCore.Server.Kestrel.Http2|Connection id "0HN3D8CN7C771" sending DATA frame for stream ID 7 with length 16384 and flags NONE.
2024-05-05 23:37:32.5587|TRACE|Microsoft.AspNetCore.Server.Kestrel.Http2|Connection id "0HN3D8CN7C771" sending DATA frame for stream ID 7 with length 16384 and flags NONE.
2024-05-05 23:37:32.5587|TRACE|Microsoft.AspNetCore.Server.Kestrel.Http2|Connection id "0HN3D8CN7C771" sending DATA frame for stream ID 7 with length 2199 and flags NONE.
2024-05-05 23:37:32.5587|TRACE|Microsoft.AspNetCore.Server.Kestrel.Http2|Connection id "0HN3D8CN7C771" sending DATA frame for stream ID 7 with length 0 and flags END_STREAM.
