2024-04-30 12:23:42.9228|TRACE|Microsoft.AspNetCore.Server.Kestrel.Http2|Connection id "0HN38UST2PF0V" sending SETTINGS frame for stream ID 0 with length 18 and flags NONE.
2024-04-30 12:23:43.0098|TRACE|Microsoft.AspNetCore.Server.Kestrel.Http2|Connection id "0HN38UST2PF0V" sending WINDOW_UPDATE frame for stream ID 0 with length 4 and flags 0x0.
2024-04-30 12:23:43.0098|TRACE|Microsoft.AspNetCore.Server.Kestrel.Http2|Connection id "0HN38UST2PF0V" received SETTINGS frame for stream ID 0 with length 24 and flags NONE.
2024-04-30 12:23:43.0143|TRACE|Microsoft.AspNetCore.Server.Kestrel.Http2|Connection id "0HN38UST2PF0V" sending SETTINGS frame for stream ID 0 with length 0 and flags ACK.
2024-04-30 12:23:43.0143|TRACE|Microsoft.AspNetCore.Server.Kestrel.Http2|Connection id "0HN38UST2PF0V" received WINDOW_UPDATE frame for stream ID 0 with length 4 and flags 0x0.
2024-04-30 12:23:43.0143|TRACE|Microsoft.AspNetCore.Server.Kestrel.Http2|Connection id "0HN38UST2PF0V" received HEADERS frame for stream ID 1 with length 580 and flags END_STREAM, END_HEADERS, PRIORITY.
2024-04-30 12:23:43.0963|TRACE|Microsoft.AspNetCore.Server.Kestrel.Http2|Connection id "0HN38UST2PF0V" received SETTINGS frame for stream ID 0 with length 0 and flags ACK.
2024-04-30 12:23:43.6398|TRACE|Microsoft.AspNetCore.Server.Kestrel.Http2|Connection id "0HN38UST2PF0V" sending HEADERS frame for stream ID 1 with length 66 and flags END_HEADERS.
2024-04-30 12:23:44.0713|TRACE|Microsoft.AspNetCore.Server.Kestrel.Http2|Connection id "0HN38UST2PF0V" sending DATA frame for stream ID 1 with length 1024 and flags NONE.
2024-04-30 12:23:44.0713|TRACE|Microsoft.AspNetCore.Server.Kestrel.Http2|Connection id "0HN38UST2PF0V" sending DATA frame for stream ID 1 with length 1024 and flags NONE.
2024-04-30 12:23:44.0713|TRACE|Microsoft.AspNetCore.Server.Kestrel.Http2|Connection id "0HN38UST2PF0V" sending DATA frame for stream ID 1 with length 1024 and flags NONE.
2024-04-30 12:23:44.0713|TRACE|Microsoft.AspNetCore.Server.Kestrel.Http2|Connection id "0HN38UST2PF0V" sending DATA frame for stream ID 1 with length 1024 and flags NONE.
2024-04-30 12:23:44.0713|TRACE|Microsoft.AspNetCore.Server.Kestrel.Http2|Connection id "0HN38UST2PF0V" sending DATA frame for stream ID 1 with length 994 and flags NONE.
2024-04-30 12:23:44.0713|TRACE|Microsoft.AspNetCore.Server.Kestrel.Http2|Connection id "0HN38UST2PF0V" sending DATA frame for stream ID 1 with length 65 and flags NONE.
2024-04-30 12:23:44.0713|TRACE|Microsoft.AspNetCore.Server.Kestrel.Http2|Connection id "0HN38UST2PF0V" sending DATA frame for stream ID 1 with length 16 and flags NONE.
2024-04-30 12:23:44.1010|TRACE|Microsoft.AspNetCore.Server.Kestrel.Http2|Connection id "0HN38UST2PF0V" received HEADERS frame for stream ID 3 with length 118 and flags END_STREAM, END_HEADERS, PRIORITY.
2024-04-30 12:23:44.1063|TRACE|Microsoft.AspNetCore.Server.Kestrel.Http2|Connection id "0HN38UST2PF0V" received HEADERS frame for stream ID 5 with length 60 and flags END_STREAM, END_HEADERS, PRIORITY.
2024-04-30 12:23:44.1497|TRACE|Microsoft.AspNetCore.Server.Kestrel.Http2|Connection id "0HN38UST2PF0V" sending HEADERS frame for stream ID 3 with length 90 and flags END_HEADERS.
2024-04-30 12:23:44.1497|TRACE|Microsoft.AspNetCore.Server.Kestrel.Http2|Connection id "0HN38UST2PF0V" sending DATA frame for stream ID 3 with length 12356 and flags NONE.
2024-04-30 12:23:44.1497|TRACE|Microsoft.AspNetCore.Server.Kestrel.Http2|Connection id "0HN38UST2PF0V" sending DATA frame for stream ID 3 with length 0 and flags END_STREAM.
2024-04-30 12:23:44.1721|TRACE|Microsoft.AspNetCore.Server.Kestrel.Http2|Connection id "0HN38UST2PF0V" sending DATA frame for stream ID 1 with length 0 and flags END_STREAM.
2024-04-30 12:23:44.3241|TRACE|Microsoft.AspNetCore.Server.Kestrel.Http2|Connection id "0HN38UST2PF0V" sending HEADERS frame for stream ID 5 with length 119 and flags END_HEADERS.
2024-04-30 12:23:44.3241|TRACE|Microsoft.AspNetCore.Server.Kestrel.Http2|Connection id "0HN38UST2PF0V" sending DATA frame for stream ID 5 with length 9986 and flags NONE.
2024-04-30 12:23:44.3241|TRACE|Microsoft.AspNetCore.Server.Kestrel.Http2|Connection id "0HN38UST2PF0V" sending DATA frame for stream ID 5 with length 10240 and flags NONE.
2024-04-30 12:23:44.3241|TRACE|Microsoft.AspNetCore.Server.Kestrel.Http2|Connection id "0HN38UST2PF0V" sending DATA frame for stream ID 5 with length 10240 and flags NONE.
2024-04-30 12:23:44.3241|TRACE|Microsoft.AspNetCore.Server.Kestrel.Http2|Connection id "0HN38UST2PF0V" sending DATA frame for stream ID 5 with length 10240 and flags NONE.
2024-04-30 12:23:44.3241|TRACE|Microsoft.AspNetCore.Server.Kestrel.Http2|Connection id "0HN38UST2PF0V" sending DATA frame for stream ID 5 with length 10240 and flags NONE.
2024-04-30 12:23:44.3241|TRACE|Microsoft.AspNetCore.Server.Kestrel.Http2|Connection id "0HN38UST2PF0V" sending DATA frame for stream ID 5 with length 10240 and flags NONE.
2024-04-30 12:23:44.3241|TRACE|Microsoft.AspNetCore.Server.Kestrel.Http2|Connection id "0HN38UST2PF0V" sending DATA frame for stream ID 5 with length 10240 and flags NONE.
2024-04-30 12:23:44.3241|TRACE|Microsoft.AspNetCore.Server.Kestrel.Http2|Connection id "0HN38UST2PF0V" sending DATA frame for stream ID 5 with length 10240 and flags NONE.
2024-04-30 12:23:44.3241|TRACE|Microsoft.AspNetCore.Server.Kestrel.Http2|Connection id "0HN38UST2PF0V" sending DATA frame for stream ID 5 with length 10240 and flags NONE.
2024-04-30 12:23:44.3241|TRACE|Microsoft.AspNetCore.Server.Kestrel.Http2|Connection id "0HN38UST2PF0V" sending DATA frame for stream ID 5 with length 10240 and flags NONE.
2024-04-30 12:23:44.3241|TRACE|Microsoft.AspNetCore.Server.Kestrel.Http2|Connection id "0HN38UST2PF0V" sending DATA frame for stream ID 5 with length 10240 and flags NONE.
2024-04-30 12:23:44.3241|TRACE|Microsoft.AspNetCore.Server.Kestrel.Http2|Connection id "0HN38UST2PF0V" sending DATA frame for stream ID 5 with length 10240 and flags NONE.
2024-04-30 12:23:44.3241|TRACE|Microsoft.AspNetCore.Server.Kestrel.Http2|Connection id "0HN38UST2PF0V" sending DATA frame for stream ID 5 with length 10240 and flags NONE.
2024-04-30 12:23:44.3241|TRACE|Microsoft.AspNetCore.Server.Kestrel.Http2|Connection id "0HN38UST2PF0V" sending DATA frame for stream ID 5 with length 10240 and flags NONE.
2024-04-30 12:23:44.3241|TRACE|Microsoft.AspNetCore.Server.Kestrel.Http2|Connection id "0HN38UST2PF0V" sending DATA frame for stream ID 5 with length 10240 and flags NONE.
2024-04-30 12:23:44.3241|TRACE|Microsoft.AspNetCore.Server.Kestrel.Http2|Connection id "0HN38UST2PF0V" sending DATA frame for stream ID 5 with length 160 and flags NONE.
2024-04-30 12:23:44.3241|TRACE|Microsoft.AspNetCore.Server.Kestrel.Http2|Connection id "0HN38UST2PF0V" sending DATA frame for stream ID 5 with length 0 and flags END_STREAM.
2024-04-30 12:23:44.4986|TRACE|Microsoft.AspNetCore.Server.Kestrel.Http2|Connection id "0HN38UST2PF0V" received HEADERS frame for stream ID 7 with length 77 and flags END_STREAM, END_HEADERS, PRIORITY.
2024-04-30 12:23:44.9046|TRACE|Microsoft.AspNetCore.Server.Kestrel.Http2|Connection id "0HN38UST2PF0V" sending HEADERS frame for stream ID 7 with length 35 and flags END_HEADERS.
2024-04-30 12:23:44.9046|TRACE|Microsoft.AspNetCore.Server.Kestrel.Http2|Connection id "0HN38UST2PF0V" sending DATA frame for stream ID 7 with length 16384 and flags NONE.
2024-04-30 12:23:44.9046|TRACE|Microsoft.AspNetCore.Server.Kestrel.Http2|Connection id "0HN38UST2PF0V" sending DATA frame for stream ID 7 with length 16384 and flags NONE.
2024-04-30 12:23:44.9046|TRACE|Microsoft.AspNetCore.Server.Kestrel.Http2|Connection id "0HN38UST2PF0V" sending DATA frame for stream ID 7 with length 2199 and flags NONE.
2024-04-30 12:23:44.9046|TRACE|Microsoft.AspNetCore.Server.Kestrel.Http2|Connection id "0HN38UST2PF0V" sending DATA frame for stream ID 7 with length 0 and flags END_STREAM.
2024-04-30 17:05:29.9934|DEBUG|Microsoft.AspNetCore.Server.Kestrel.Http2|Connection id "0HN38UST2PF0V" is closed. The last processed stream ID was 7.
