2024-04-29 18:41:01.4884|TRACE|Microsoft.AspNetCore.Server.Kestrel.Http2|Connection id "0HN38CB29CIHR" sending SETTINGS frame for stream ID 0 with length 18 and flags NONE.
2024-04-29 18:41:01.5970|TRACE|Microsoft.AspNetCore.Server.Kestrel.Http2|Connection id "0HN38CB29CIHR" sending WINDOW_UPDATE frame for stream ID 0 with length 4 and flags 0x0.
2024-04-29 18:41:01.5970|TRACE|Microsoft.AspNetCore.Server.Kestrel.Http2|Connection id "0HN38CB29CIHR" received SETTINGS frame for stream ID 0 with length 24 and flags NONE.
2024-04-29 18:41:01.5970|TRACE|Microsoft.AspNetCore.Server.Kestrel.Http2|Connection id "0HN38CB29CIHR" sending SETTINGS frame for stream ID 0 with length 0 and flags ACK.
2024-04-29 18:41:01.5970|TRACE|Microsoft.AspNetCore.Server.Kestrel.Http2|Connection id "0HN38CB29CIHR" received WINDOW_UPDATE frame for stream ID 0 with length 4 and flags 0x0.
2024-04-29 18:41:01.5970|TRACE|Microsoft.AspNetCore.Server.Kestrel.Http2|Connection id "0HN38CB29CIHR" received HEADERS frame for stream ID 1 with length 572 and flags END_STREAM, END_HEADERS, PRIORITY.
2024-04-29 18:41:01.6457|TRACE|Microsoft.AspNetCore.Server.Kestrel.Http2|Connection id "0HN38CB29CIHR" received SETTINGS frame for stream ID 0 with length 0 and flags ACK.
2024-04-29 18:41:02.0464|TRACE|Microsoft.AspNetCore.Server.Kestrel.Http2|Connection id "0HN38CB29CIHR" sending HEADERS frame for stream ID 1 with length 69 and flags END_STREAM, END_HEADERS.
2024-04-29 18:41:02.0575|TRACE|Microsoft.AspNetCore.Server.Kestrel.Http2|Connection id "0HN38CB29CIHR" received HEADERS frame for stream ID 3 with length 40 and flags END_STREAM, END_HEADERS, PRIORITY.
2024-04-29 18:41:02.2878|TRACE|Microsoft.AspNetCore.Server.Kestrel.Http2|Connection id "0HN38CB29CIHR" sending HEADERS frame for stream ID 3 with length 58 and flags END_HEADERS.
2024-04-29 18:41:02.7012|TRACE|Microsoft.AspNetCore.Server.Kestrel.Http2|Connection id "0HN38CB29CIHR" sending DATA frame for stream ID 3 with length 1024 and flags NONE.
2024-04-29 18:41:02.7012|TRACE|Microsoft.AspNetCore.Server.Kestrel.Http2|Connection id "0HN38CB29CIHR" sending DATA frame for stream ID 3 with length 1024 and flags NONE.
2024-04-29 18:41:02.7012|TRACE|Microsoft.AspNetCore.Server.Kestrel.Http2|Connection id "0HN38CB29CIHR" sending DATA frame for stream ID 3 with length 1024 and flags NONE.
2024-04-29 18:41:02.7012|TRACE|Microsoft.AspNetCore.Server.Kestrel.Http2|Connection id "0HN38CB29CIHR" sending DATA frame for stream ID 3 with length 1024 and flags NONE.
2024-04-29 18:41:02.7012|TRACE|Microsoft.AspNetCore.Server.Kestrel.Http2|Connection id "0HN38CB29CIHR" sending DATA frame for stream ID 3 with length 994 and flags NONE.
2024-04-29 18:41:02.7012|TRACE|Microsoft.AspNetCore.Server.Kestrel.Http2|Connection id "0HN38CB29CIHR" sending DATA frame for stream ID 3 with length 65 and flags NONE.
2024-04-29 18:41:02.7012|TRACE|Microsoft.AspNetCore.Server.Kestrel.Http2|Connection id "0HN38CB29CIHR" sending DATA frame for stream ID 3 with length 16 and flags NONE.
2024-04-29 18:41:02.7203|TRACE|Microsoft.AspNetCore.Server.Kestrel.Http2|Connection id "0HN38CB29CIHR" received HEADERS frame for stream ID 5 with length 116 and flags END_STREAM, END_HEADERS, PRIORITY.
2024-04-29 18:41:02.7904|TRACE|Microsoft.AspNetCore.Server.Kestrel.Http2|Connection id "0HN38CB29CIHR" received HEADERS frame for stream ID 7 with length 61 and flags END_STREAM, END_HEADERS, PRIORITY.
2024-04-29 18:41:02.7918|TRACE|Microsoft.AspNetCore.Server.Kestrel.Http2|Connection id "0HN38CB29CIHR" received HEADERS frame for stream ID 9 with length 54 and flags END_STREAM, END_HEADERS, PRIORITY.
2024-04-29 18:41:02.7918|TRACE|Microsoft.AspNetCore.Server.Kestrel.Http2|Connection id "0HN38CB29CIHR" sending DATA frame for stream ID 3 with length 0 and flags END_STREAM.
2024-04-29 18:41:02.8113|TRACE|Microsoft.AspNetCore.Server.Kestrel.Http2|Connection id "0HN38CB29CIHR" sending HEADERS frame for stream ID 7 with length 94 and flags END_HEADERS.
2024-04-29 18:41:02.8113|TRACE|Microsoft.AspNetCore.Server.Kestrel.Http2|Connection id "0HN38CB29CIHR" sending HEADERS frame for stream ID 5 with length 43 and flags END_HEADERS.
2024-04-29 18:41:02.8113|TRACE|Microsoft.AspNetCore.Server.Kestrel.Http2|Connection id "0HN38CB29CIHR" sending HEADERS frame for stream ID 9 with length 34 and flags END_HEADERS.
2024-04-29 18:41:02.8113|TRACE|Microsoft.AspNetCore.Server.Kestrel.Http2|Connection id "0HN38CB29CIHR" sending DATA frame for stream ID 7 with length 16384 and flags NONE.
2024-04-29 18:41:02.8113|TRACE|Microsoft.AspNetCore.Server.Kestrel.Http2|Connection id "0HN38CB29CIHR" sending DATA frame for stream ID 7 with length 16384 and flags NONE.
2024-04-29 18:41:02.8113|TRACE|Microsoft.AspNetCore.Server.Kestrel.Http2|Connection id "0HN38CB29CIHR" sending DATA frame for stream ID 7 with length 16384 and flags NONE.
2024-04-29 18:41:02.8113|TRACE|Microsoft.AspNetCore.Server.Kestrel.Http2|Connection id "0HN38CB29CIHR" sending DATA frame for stream ID 7 with length 16384 and flags NONE.
2024-04-29 18:41:02.8113|TRACE|Microsoft.AspNetCore.Server.Kestrel.Http2|Connection id "0HN38CB29CIHR" sending DATA frame for stream ID 9 with length 16384 and flags NONE.
2024-04-29 18:41:02.8113|TRACE|Microsoft.AspNetCore.Server.Kestrel.Http2|Connection id "0HN38CB29CIHR" sending DATA frame for stream ID 9 with length 16384 and flags NONE.
2024-04-29 18:41:02.8113|TRACE|Microsoft.AspNetCore.Server.Kestrel.Http2|Connection id "0HN38CB29CIHR" sending DATA frame for stream ID 9 with length 16384 and flags NONE.
2024-04-29 18:41:02.8113|TRACE|Microsoft.AspNetCore.Server.Kestrel.Http2|Connection id "0HN38CB29CIHR" sending DATA frame for stream ID 9 with length 16384 and flags NONE.
2024-04-29 18:41:02.8113|TRACE|Microsoft.AspNetCore.Server.Kestrel.Http2|Connection id "0HN38CB29CIHR" sending DATA frame for stream ID 5 with length 16384 and flags NONE.
2024-04-29 18:41:02.8113|TRACE|Microsoft.AspNetCore.Server.Kestrel.Http2|Connection id "0HN38CB29CIHR" sending DATA frame for stream ID 5 with length 16384 and flags NONE.
2024-04-29 18:41:02.8113|TRACE|Microsoft.AspNetCore.Server.Kestrel.Http2|Connection id "0HN38CB29CIHR" sending DATA frame for stream ID 5 with length 16384 and flags NONE.
2024-04-29 18:41:02.8113|TRACE|Microsoft.AspNetCore.Server.Kestrel.Http2|Connection id "0HN38CB29CIHR" sending DATA frame for stream ID 5 with length 16384 and flags NONE.
2024-04-29 18:41:02.8113|TRACE|Microsoft.AspNetCore.Server.Kestrel.Http2|Connection id "0HN38CB29CIHR" sending DATA frame for stream ID 7 with length 16384 and flags NONE.
2024-04-29 18:41:02.8113|TRACE|Microsoft.AspNetCore.Server.Kestrel.Http2|Connection id "0HN38CB29CIHR" sending DATA frame for stream ID 7 with length 16384 and flags NONE.
2024-04-29 18:41:02.8113|TRACE|Microsoft.AspNetCore.Server.Kestrel.Http2|Connection id "0HN38CB29CIHR" sending DATA frame for stream ID 7 with length 16384 and flags NONE.
2024-04-29 18:41:02.8113|TRACE|Microsoft.AspNetCore.Server.Kestrel.Http2|Connection id "0HN38CB29CIHR" sending DATA frame for stream ID 7 with length 16384 and flags NONE.
2024-04-29 18:41:02.8113|TRACE|Microsoft.AspNetCore.Server.Kestrel.Http2|Connection id "0HN38CB29CIHR" sending DATA frame for stream ID 9 with length 16384 and flags NONE.
2024-04-29 18:41:02.8233|TRACE|Microsoft.AspNetCore.Server.Kestrel.Http2|Connection id "0HN38CB29CIHR" sending DATA frame for stream ID 9 with length 16384 and flags NONE.
2024-04-29 18:41:02.8233|TRACE|Microsoft.AspNetCore.Server.Kestrel.Http2|Connection id "0HN38CB29CIHR" sending DATA frame for stream ID 9 with length 16384 and flags NONE.
2024-04-29 18:41:02.8233|TRACE|Microsoft.AspNetCore.Server.Kestrel.Http2|Connection id "0HN38CB29CIHR" sending DATA frame for stream ID 9 with length 16384 and flags NONE.
2024-04-29 18:41:02.8445|TRACE|Microsoft.AspNetCore.Server.Kestrel.Http2|Connection id "0HN38CB29CIHR" sending DATA frame for stream ID 7 with length 16384 and flags NONE.
2024-04-29 18:41:02.8445|TRACE|Microsoft.AspNetCore.Server.Kestrel.Http2|Connection id "0HN38CB29CIHR" sending DATA frame for stream ID 7 with length 16384 and flags NONE.
2024-04-29 18:41:02.8445|TRACE|Microsoft.AspNetCore.Server.Kestrel.Http2|Connection id "0HN38CB29CIHR" sending DATA frame for stream ID 7 with length 16384 and flags NONE.
2024-04-29 18:41:02.8445|TRACE|Microsoft.AspNetCore.Server.Kestrel.Http2|Connection id "0HN38CB29CIHR" sending DATA frame for stream ID 7 with length 16384 and flags NONE.
2024-04-29 18:41:02.8445|TRACE|Microsoft.AspNetCore.Server.Kestrel.Http2|Connection id "0HN38CB29CIHR" sending DATA frame for stream ID 5 with length 16384 and flags NONE.
2024-04-29 18:41:02.8445|TRACE|Microsoft.AspNetCore.Server.Kestrel.Http2|Connection id "0HN38CB29CIHR" sending DATA frame for stream ID 5 with length 16384 and flags NONE.
2024-04-29 18:41:02.8445|TRACE|Microsoft.AspNetCore.Server.Kestrel.Http2|Connection id "0HN38CB29CIHR" sending DATA frame for stream ID 5 with length 16384 and flags NONE.
2024-04-29 18:41:02.8445|TRACE|Microsoft.AspNetCore.Server.Kestrel.Http2|Connection id "0HN38CB29CIHR" sending DATA frame for stream ID 5 with length 16384 and flags NONE.
2024-04-29 18:41:02.8732|TRACE|Microsoft.AspNetCore.Server.Kestrel.Http2|Connection id "0HN38CB29CIHR" sending DATA frame for stream ID 9 with length 16384 and flags NONE.
2024-04-29 18:41:02.8756|TRACE|Microsoft.AspNetCore.Server.Kestrel.Http2|Connection id "0HN38CB29CIHR" sending DATA frame for stream ID 9 with length 16384 and flags NONE.
2024-04-29 18:41:02.8756|TRACE|Microsoft.AspNetCore.Server.Kestrel.Http2|Connection id "0HN38CB29CIHR" sending DATA frame for stream ID 9 with length 16384 and flags NONE.
2024-04-29 18:41:02.8756|TRACE|Microsoft.AspNetCore.Server.Kestrel.Http2|Connection id "0HN38CB29CIHR" sending DATA frame for stream ID 9 with length 16384 and flags NONE.
2024-04-29 18:41:02.8756|TRACE|Microsoft.AspNetCore.Server.Kestrel.Http2|Connection id "0HN38CB29CIHR" sending DATA frame for stream ID 5 with length 12560 and flags NONE.
2024-04-29 18:41:02.9175|TRACE|Microsoft.AspNetCore.Server.Kestrel.Http2|Connection id "0HN38CB29CIHR" sending DATA frame for stream ID 7 with length 16384 and flags NONE.
2024-04-29 18:41:02.9175|TRACE|Microsoft.AspNetCore.Server.Kestrel.Http2|Connection id "0HN38CB29CIHR" sending DATA frame for stream ID 7 with length 16384 and flags NONE.
2024-04-29 18:41:02.9175|TRACE|Microsoft.AspNetCore.Server.Kestrel.Http2|Connection id "0HN38CB29CIHR" sending DATA frame for stream ID 7 with length 16384 and flags NONE.
2024-04-29 18:41:02.9175|TRACE|Microsoft.AspNetCore.Server.Kestrel.Http2|Connection id "0HN38CB29CIHR" sending DATA frame for stream ID 7 with length 16384 and flags NONE.
2024-04-29 18:41:02.9175|TRACE|Microsoft.AspNetCore.Server.Kestrel.Http2|Connection id "0HN38CB29CIHR" sending DATA frame for stream ID 9 with length 16384 and flags NONE.
2024-04-29 18:41:02.9201|TRACE|Microsoft.AspNetCore.Server.Kestrel.Http2|Connection id "0HN38CB29CIHR" sending DATA frame for stream ID 9 with length 16384 and flags NONE.
2024-04-29 18:41:02.9201|TRACE|Microsoft.AspNetCore.Server.Kestrel.Http2|Connection id "0HN38CB29CIHR" sending DATA frame for stream ID 9 with length 16384 and flags NONE.
2024-04-29 18:41:02.9201|TRACE|Microsoft.AspNetCore.Server.Kestrel.Http2|Connection id "0HN38CB29CIHR" sending DATA frame for stream ID 9 with length 16384 and flags NONE.
2024-04-29 18:41:02.9201|TRACE|Microsoft.AspNetCore.Server.Kestrel.Http2|Connection id "0HN38CB29CIHR" sending DATA frame for stream ID 7 with length 16384 and flags NONE.
2024-04-29 18:41:02.9201|TRACE|Microsoft.AspNetCore.Server.Kestrel.Http2|Connection id "0HN38CB29CIHR" sending DATA frame for stream ID 7 with length 16384 and flags NONE.
2024-04-29 18:41:02.9201|TRACE|Microsoft.AspNetCore.Server.Kestrel.Http2|Connection id "0HN38CB29CIHR" sending DATA frame for stream ID 7 with length 16384 and flags NONE.
2024-04-29 18:41:02.9201|TRACE|Microsoft.AspNetCore.Server.Kestrel.Http2|Connection id "0HN38CB29CIHR" sending DATA frame for stream ID 7 with length 16384 and flags NONE.
2024-04-29 18:41:02.9201|TRACE|Microsoft.AspNetCore.Server.Kestrel.Http2|Connection id "0HN38CB29CIHR" sending DATA frame for stream ID 9 with length 16384 and flags NONE.
2024-04-29 18:41:02.9201|TRACE|Microsoft.AspNetCore.Server.Kestrel.Http2|Connection id "0HN38CB29CIHR" sending DATA frame for stream ID 9 with length 16384 and flags NONE.
2024-04-29 18:41:02.9201|TRACE|Microsoft.AspNetCore.Server.Kestrel.Http2|Connection id "0HN38CB29CIHR" sending DATA frame for stream ID 9 with length 16384 and flags NONE.
2024-04-29 18:41:02.9201|TRACE|Microsoft.AspNetCore.Server.Kestrel.Http2|Connection id "0HN38CB29CIHR" sending DATA frame for stream ID 9 with length 16384 and flags NONE.
2024-04-29 18:41:02.9201|TRACE|Microsoft.AspNetCore.Server.Kestrel.Http2|Connection id "0HN38CB29CIHR" sending DATA frame for stream ID 9 with length 9482 and flags NONE.
2024-04-29 18:41:02.9201|TRACE|Microsoft.AspNetCore.Server.Kestrel.Http2|Connection id "0HN38CB29CIHR" sending DATA frame for stream ID 7 with length 16384 and flags NONE.
2024-04-29 18:41:02.9201|TRACE|Microsoft.AspNetCore.Server.Kestrel.Http2|Connection id "0HN38CB29CIHR" sending DATA frame for stream ID 7 with length 16384 and flags NONE.
2024-04-29 18:41:02.9201|TRACE|Microsoft.AspNetCore.Server.Kestrel.Http2|Connection id "0HN38CB29CIHR" sending DATA frame for stream ID 7 with length 16384 and flags NONE.
2024-04-29 18:41:02.9201|TRACE|Microsoft.AspNetCore.Server.Kestrel.Http2|Connection id "0HN38CB29CIHR" sending DATA frame for stream ID 7 with length 16384 and flags NONE.
2024-04-29 18:41:02.9201|TRACE|Microsoft.AspNetCore.Server.Kestrel.Http2|Connection id "0HN38CB29CIHR" sending DATA frame for stream ID 7 with length 16384 and flags NONE.
2024-04-29 18:41:02.9201|TRACE|Microsoft.AspNetCore.Server.Kestrel.Http2|Connection id "0HN38CB29CIHR" sending DATA frame for stream ID 7 with length 16384 and flags NONE.
2024-04-29 18:41:02.9201|TRACE|Microsoft.AspNetCore.Server.Kestrel.Http2|Connection id "0HN38CB29CIHR" sending DATA frame for stream ID 7 with length 16384 and flags NONE.
2024-04-29 18:41:02.9201|TRACE|Microsoft.AspNetCore.Server.Kestrel.Http2|Connection id "0HN38CB29CIHR" sending DATA frame for stream ID 7 with length 16384 and flags NONE.
2024-04-29 18:41:02.9343|TRACE|Microsoft.AspNetCore.Server.Kestrel.Http2|Connection id "0HN38CB29CIHR" sending DATA frame for stream ID 7 with length 16384 and flags NONE.
2024-04-29 18:41:02.9343|TRACE|Microsoft.AspNetCore.Server.Kestrel.Http2|Connection id "0HN38CB29CIHR" sending DATA frame for stream ID 7 with length 16384 and flags NONE.
2024-04-29 18:41:02.9343|TRACE|Microsoft.AspNetCore.Server.Kestrel.Http2|Connection id "0HN38CB29CIHR" sending DATA frame for stream ID 7 with length 16384 and flags NONE.
2024-04-29 18:41:02.9343|TRACE|Microsoft.AspNetCore.Server.Kestrel.Http2|Connection id "0HN38CB29CIHR" sending DATA frame for stream ID 7 with length 16384 and flags NONE.
2024-04-29 18:41:02.9343|TRACE|Microsoft.AspNetCore.Server.Kestrel.Http2|Connection id "0HN38CB29CIHR" sending DATA frame for stream ID 7 with length 16384 and flags NONE.
2024-04-29 18:41:02.9343|TRACE|Microsoft.AspNetCore.Server.Kestrel.Http2|Connection id "0HN38CB29CIHR" sending DATA frame for stream ID 7 with length 16384 and flags NONE.
2024-04-29 18:41:02.9343|TRACE|Microsoft.AspNetCore.Server.Kestrel.Http2|Connection id "0HN38CB29CIHR" sending DATA frame for stream ID 7 with length 16384 and flags NONE.
2024-04-29 18:41:02.9343|TRACE|Microsoft.AspNetCore.Server.Kestrel.Http2|Connection id "0HN38CB29CIHR" sending DATA frame for stream ID 7 with length 16384 and flags NONE.
2024-04-29 18:41:02.9343|TRACE|Microsoft.AspNetCore.Server.Kestrel.Http2|Connection id "0HN38CB29CIHR" sending DATA frame for stream ID 9 with length 0 and flags END_STREAM.
2024-04-29 18:41:02.9343|TRACE|Microsoft.AspNetCore.Server.Kestrel.Http2|Connection id "0HN38CB29CIHR" sending DATA frame for stream ID 5 with length 0 and flags END_STREAM.
2024-04-29 18:41:02.9343|TRACE|Microsoft.AspNetCore.Server.Kestrel.Http2|Connection id "0HN38CB29CIHR" sending DATA frame for stream ID 7 with length 16384 and flags NONE.
2024-04-29 18:41:02.9343|TRACE|Microsoft.AspNetCore.Server.Kestrel.Http2|Connection id "0HN38CB29CIHR" sending DATA frame for stream ID 7 with length 16384 and flags NONE.
2024-04-29 18:41:02.9343|TRACE|Microsoft.AspNetCore.Server.Kestrel.Http2|Connection id "0HN38CB29CIHR" sending DATA frame for stream ID 7 with length 16384 and flags NONE.
2024-04-29 18:41:02.9343|TRACE|Microsoft.AspNetCore.Server.Kestrel.Http2|Connection id "0HN38CB29CIHR" sending DATA frame for stream ID 7 with length 16384 and flags NONE.
2024-04-29 18:41:02.9343|TRACE|Microsoft.AspNetCore.Server.Kestrel.Http2|Connection id "0HN38CB29CIHR" sending DATA frame for stream ID 7 with length 16384 and flags NONE.
2024-04-29 18:41:02.9343|TRACE|Microsoft.AspNetCore.Server.Kestrel.Http2|Connection id "0HN38CB29CIHR" sending DATA frame for stream ID 7 with length 16384 and flags NONE.
2024-04-29 18:41:02.9343|TRACE|Microsoft.AspNetCore.Server.Kestrel.Http2|Connection id "0HN38CB29CIHR" sending DATA frame for stream ID 7 with length 16384 and flags NONE.
2024-04-29 18:41:02.9343|TRACE|Microsoft.AspNetCore.Server.Kestrel.Http2|Connection id "0HN38CB29CIHR" sending DATA frame for stream ID 7 with length 16384 and flags NONE.
2024-04-29 18:41:02.9534|TRACE|Microsoft.AspNetCore.Server.Kestrel.Http2|Connection id "0HN38CB29CIHR" received HEADERS frame for stream ID 11 with length 55 and flags END_STREAM, END_HEADERS, PRIORITY.
2024-04-29 18:41:02.9534|TRACE|Microsoft.AspNetCore.Server.Kestrel.Http2|Connection id "0HN38CB29CIHR" sending DATA frame for stream ID 7 with length 16384 and flags NONE.
2024-04-29 18:41:02.9534|TRACE|Microsoft.AspNetCore.Server.Kestrel.Http2|Connection id "0HN38CB29CIHR" sending DATA frame for stream ID 7 with length 16384 and flags NONE.
2024-04-29 18:41:02.9534|TRACE|Microsoft.AspNetCore.Server.Kestrel.Http2|Connection id "0HN38CB29CIHR" sending DATA frame for stream ID 7 with length 16384 and flags NONE.
2024-04-29 18:41:02.9534|TRACE|Microsoft.AspNetCore.Server.Kestrel.Http2|Connection id "0HN38CB29CIHR" sending DATA frame for stream ID 7 with length 16384 and flags NONE.
2024-04-29 18:41:02.9534|TRACE|Microsoft.AspNetCore.Server.Kestrel.Http2|Connection id "0HN38CB29CIHR" sending DATA frame for stream ID 7 with length 16384 and flags NONE.
2024-04-29 18:41:02.9615|TRACE|Microsoft.AspNetCore.Server.Kestrel.Http2|Connection id "0HN38CB29CIHR" sending DATA frame for stream ID 7 with length 16384 and flags NONE.
2024-04-29 18:41:02.9615|TRACE|Microsoft.AspNetCore.Server.Kestrel.Http2|Connection id "0HN38CB29CIHR" sending DATA frame for stream ID 7 with length 16384 and flags NONE.
2024-04-29 18:41:02.9615|TRACE|Microsoft.AspNetCore.Server.Kestrel.Http2|Connection id "0HN38CB29CIHR" sending DATA frame for stream ID 7 with length 16384 and flags NONE.
2024-04-29 18:41:02.9615|TRACE|Microsoft.AspNetCore.Server.Kestrel.Http2|Connection id "0HN38CB29CIHR" sending DATA frame for stream ID 7 with length 16384 and flags NONE.
2024-04-29 18:41:02.9615|TRACE|Microsoft.AspNetCore.Server.Kestrel.Http2|Connection id "0HN38CB29CIHR" sending DATA frame for stream ID 7 with length 16384 and flags NONE.
2024-04-29 18:41:02.9615|TRACE|Microsoft.AspNetCore.Server.Kestrel.Http2|Connection id "0HN38CB29CIHR" sending DATA frame for stream ID 7 with length 16384 and flags NONE.
2024-04-29 18:41:02.9615|TRACE|Microsoft.AspNetCore.Server.Kestrel.Http2|Connection id "0HN38CB29CIHR" sending DATA frame for stream ID 7 with length 16384 and flags NONE.
2024-04-29 18:41:02.9615|TRACE|Microsoft.AspNetCore.Server.Kestrel.Http2|Connection id "0HN38CB29CIHR" sending DATA frame for stream ID 7 with length 16384 and flags NONE.
2024-04-29 18:41:02.9615|TRACE|Microsoft.AspNetCore.Server.Kestrel.Http2|Connection id "0HN38CB29CIHR" sending DATA frame for stream ID 7 with length 16384 and flags NONE.
2024-04-29 18:41:02.9615|TRACE|Microsoft.AspNetCore.Server.Kestrel.Http2|Connection id "0HN38CB29CIHR" sending DATA frame for stream ID 7 with length 16384 and flags NONE.
2024-04-29 18:41:02.9615|TRACE|Microsoft.AspNetCore.Server.Kestrel.Http2|Connection id "0HN38CB29CIHR" sending DATA frame for stream ID 7 with length 16384 and flags NONE.
2024-04-29 18:41:02.9615|TRACE|Microsoft.AspNetCore.Server.Kestrel.Http2|Connection id "0HN38CB29CIHR" sending DATA frame for stream ID 7 with length 16384 and flags NONE.
2024-04-29 18:41:02.9615|TRACE|Microsoft.AspNetCore.Server.Kestrel.Http2|Connection id "0HN38CB29CIHR" sending DATA frame for stream ID 7 with length 16384 and flags NONE.
2024-04-29 18:41:02.9615|TRACE|Microsoft.AspNetCore.Server.Kestrel.Http2|Connection id "0HN38CB29CIHR" sending DATA frame for stream ID 7 with length 16384 and flags NONE.
2024-04-29 18:41:02.9615|TRACE|Microsoft.AspNetCore.Server.Kestrel.Http2|Connection id "0HN38CB29CIHR" sending DATA frame for stream ID 7 with length 16384 and flags NONE.
2024-04-29 18:41:02.9615|TRACE|Microsoft.AspNetCore.Server.Kestrel.Http2|Connection id "0HN38CB29CIHR" received HEADERS frame for stream ID 13 with length 36 and flags END_STREAM, END_HEADERS, PRIORITY.
2024-04-29 18:41:02.9615|TRACE|Microsoft.AspNetCore.Server.Kestrel.Http2|Connection id "0HN38CB29CIHR" sending DATA frame for stream ID 7 with length 16384 and flags NONE.
2024-04-29 18:41:02.9615|TRACE|Microsoft.AspNetCore.Server.Kestrel.Http2|Connection id "0HN38CB29CIHR" sending DATA frame for stream ID 7 with length 16384 and flags NONE.
2024-04-29 18:41:02.9615|TRACE|Microsoft.AspNetCore.Server.Kestrel.Http2|Connection id "0HN38CB29CIHR" sending DATA frame for stream ID 7 with length 11545 and flags NONE.
2024-04-29 18:41:02.9615|TRACE|Microsoft.AspNetCore.Server.Kestrel.Http2|Connection id "0HN38CB29CIHR" sending HEADERS frame for stream ID 11 with length 60 and flags END_HEADERS.
2024-04-29 18:41:02.9615|TRACE|Microsoft.AspNetCore.Server.Kestrel.Http2|Connection id "0HN38CB29CIHR" sending DATA frame for stream ID 7 with length 0 and flags END_STREAM.
2024-04-29 18:41:02.9615|TRACE|Microsoft.AspNetCore.Server.Kestrel.Http2|Connection id "0HN38CB29CIHR" sending DATA frame for stream ID 11 with length 12356 and flags NONE.
2024-04-29 18:41:02.9615|TRACE|Microsoft.AspNetCore.Server.Kestrel.Http2|Connection id "0HN38CB29CIHR" sending DATA frame for stream ID 11 with length 0 and flags END_STREAM.
2024-04-29 18:41:03.0418|TRACE|Microsoft.AspNetCore.Server.Kestrel.Http2|Connection id "0HN38CB29CIHR" sending HEADERS frame for stream ID 13 with length 119 and flags END_HEADERS.
2024-04-29 18:41:03.0418|TRACE|Microsoft.AspNetCore.Server.Kestrel.Http2|Connection id "0HN38CB29CIHR" sending DATA frame for stream ID 13 with length 9986 and flags NONE.
2024-04-29 18:41:03.0418|TRACE|Microsoft.AspNetCore.Server.Kestrel.Http2|Connection id "0HN38CB29CIHR" sending DATA frame for stream ID 13 with length 10240 and flags NONE.
2024-04-29 18:41:03.0418|TRACE|Microsoft.AspNetCore.Server.Kestrel.Http2|Connection id "0HN38CB29CIHR" sending DATA frame for stream ID 13 with length 10240 and flags NONE.
2024-04-29 18:41:03.0418|TRACE|Microsoft.AspNetCore.Server.Kestrel.Http2|Connection id "0HN38CB29CIHR" sending DATA frame for stream ID 13 with length 10240 and flags NONE.
2024-04-29 18:41:03.0418|TRACE|Microsoft.AspNetCore.Server.Kestrel.Http2|Connection id "0HN38CB29CIHR" sending DATA frame for stream ID 13 with length 10240 and flags NONE.
2024-04-29 18:41:03.0418|TRACE|Microsoft.AspNetCore.Server.Kestrel.Http2|Connection id "0HN38CB29CIHR" sending DATA frame for stream ID 13 with length 10240 and flags NONE.
2024-04-29 18:41:03.0418|TRACE|Microsoft.AspNetCore.Server.Kestrel.Http2|Connection id "0HN38CB29CIHR" sending DATA frame for stream ID 13 with length 10240 and flags NONE.
2024-04-29 18:41:03.0418|TRACE|Microsoft.AspNetCore.Server.Kestrel.Http2|Connection id "0HN38CB29CIHR" sending DATA frame for stream ID 13 with length 10240 and flags NONE.
2024-04-29 18:41:03.0418|TRACE|Microsoft.AspNetCore.Server.Kestrel.Http2|Connection id "0HN38CB29CIHR" sending DATA frame for stream ID 13 with length 10240 and flags NONE.
2024-04-29 18:41:03.0418|TRACE|Microsoft.AspNetCore.Server.Kestrel.Http2|Connection id "0HN38CB29CIHR" sending DATA frame for stream ID 13 with length 10240 and flags NONE.
2024-04-29 18:41:03.0418|TRACE|Microsoft.AspNetCore.Server.Kestrel.Http2|Connection id "0HN38CB29CIHR" sending DATA frame for stream ID 13 with length 10240 and flags NONE.
2024-04-29 18:41:03.0418|TRACE|Microsoft.AspNetCore.Server.Kestrel.Http2|Connection id "0HN38CB29CIHR" sending DATA frame for stream ID 13 with length 10240 and flags NONE.
2024-04-29 18:41:03.0418|TRACE|Microsoft.AspNetCore.Server.Kestrel.Http2|Connection id "0HN38CB29CIHR" sending DATA frame for stream ID 13 with length 10240 and flags NONE.
2024-04-29 18:41:03.0418|TRACE|Microsoft.AspNetCore.Server.Kestrel.Http2|Connection id "0HN38CB29CIHR" sending DATA frame for stream ID 13 with length 10240 and flags NONE.
2024-04-29 18:41:03.0418|TRACE|Microsoft.AspNetCore.Server.Kestrel.Http2|Connection id "0HN38CB29CIHR" sending DATA frame for stream ID 13 with length 10240 and flags NONE.
2024-04-29 18:41:03.0418|TRACE|Microsoft.AspNetCore.Server.Kestrel.Http2|Connection id "0HN38CB29CIHR" sending DATA frame for stream ID 13 with length 160 and flags NONE.
2024-04-29 18:41:03.0418|TRACE|Microsoft.AspNetCore.Server.Kestrel.Http2|Connection id "0HN38CB29CIHR" sending DATA frame for stream ID 13 with length 0 and flags END_STREAM.
2024-04-29 18:41:03.2584|TRACE|Microsoft.AspNetCore.Server.Kestrel.Http2|Connection id "0HN38CB29CIHR" received HEADERS frame for stream ID 15 with length 77 and flags END_STREAM, END_HEADERS, PRIORITY.
2024-04-29 18:41:03.2973|TRACE|Microsoft.AspNetCore.Server.Kestrel.Http2|Connection id "0HN38CB29CIHR" received HEADERS frame for stream ID 17 with length 100 and flags END_STREAM, END_HEADERS, PRIORITY.
2024-04-29 18:41:03.2973|TRACE|Microsoft.AspNetCore.Server.Kestrel.Http2|Connection id "0HN38CB29CIHR" sending HEADERS frame for stream ID 17 with length 71 and flags END_HEADERS.
2024-04-29 18:41:03.2973|TRACE|Microsoft.AspNetCore.Server.Kestrel.Http2|Connection id "0HN38CB29CIHR" sending DATA frame for stream ID 17 with length 628 and flags NONE.
2024-04-29 18:41:03.2973|TRACE|Microsoft.AspNetCore.Server.Kestrel.Http2|Connection id "0HN38CB29CIHR" sending DATA frame for stream ID 17 with length 0 and flags END_STREAM.
2024-04-29 18:41:03.5003|TRACE|Microsoft.AspNetCore.Server.Kestrel.Http2|Connection id "0HN38CB29CIHR" sending HEADERS frame for stream ID 15 with length 35 and flags END_HEADERS.
2024-04-29 18:41:03.5003|TRACE|Microsoft.AspNetCore.Server.Kestrel.Http2|Connection id "0HN38CB29CIHR" sending DATA frame for stream ID 15 with length 16384 and flags NONE.
2024-04-29 18:41:03.5003|TRACE|Microsoft.AspNetCore.Server.Kestrel.Http2|Connection id "0HN38CB29CIHR" sending DATA frame for stream ID 15 with length 16384 and flags NONE.
2024-04-29 18:41:03.5003|TRACE|Microsoft.AspNetCore.Server.Kestrel.Http2|Connection id "0HN38CB29CIHR" sending DATA frame for stream ID 15 with length 2199 and flags NONE.
2024-04-29 18:41:03.5003|TRACE|Microsoft.AspNetCore.Server.Kestrel.Http2|Connection id "0HN38CB29CIHR" sending DATA frame for stream ID 15 with length 0 and flags END_STREAM.
2024-04-29 20:31:49.4418|DEBUG|Microsoft.AspNetCore.Server.Kestrel.Http2|Connection id "0HN38CB29CIHR" is closed. The last processed stream ID was 17.
