2024-04-22 16:26:56.4288|TRACE|Microsoft.AspNetCore.Server.Kestrel.Http2|Connection id "0HN32PVGL6F5B" sending SETTINGS frame for stream ID 0 with length 18 and flags NONE.
2024-04-22 16:26:56.5023|TRACE|Microsoft.AspNetCore.Server.Kestrel.Http2|Connection id "0HN32PVGL6F5B" sending WINDOW_UPDATE frame for stream ID 0 with length 4 and flags 0x0.
2024-04-22 16:26:56.5023|TRACE|Microsoft.AspNetCore.Server.Kestrel.Http2|Connection id "0HN32PVGL6F5B" received SETTINGS frame for stream ID 0 with length 24 and flags NONE.
2024-04-22 16:26:56.5023|TRACE|Microsoft.AspNetCore.Server.Kestrel.Http2|Connection id "0HN32PVGL6F5B" sending SETTINGS frame for stream ID 0 with length 0 and flags ACK.
2024-04-22 16:26:56.5023|TRACE|Microsoft.AspNetCore.Server.Kestrel.Http2|Connection id "0HN32PVGL6F5B" received WINDOW_UPDATE frame for stream ID 0 with length 4 and flags 0x0.
2024-04-22 16:26:56.5023|TRACE|Microsoft.AspNetCore.Server.Kestrel.Http2|Connection id "0HN32PVGL6F5B" received HEADERS frame for stream ID 1 with length 492 and flags END_STREAM, END_HEADERS, PRIORITY.
2024-04-22 16:26:56.5599|TRACE|Microsoft.AspNetCore.Server.Kestrel.Http2|Connection id "0HN32PVGL6F5B" received SETTINGS frame for stream ID 0 with length 0 and flags ACK.
2024-04-22 16:26:56.8065|TRACE|Microsoft.AspNetCore.Server.Kestrel.Http2|Connection id "0HN32PVGL6F5B" sending HEADERS frame for stream ID 1 with length 69 and flags END_STREAM, END_HEADERS.
2024-04-22 16:26:56.8316|TRACE|Microsoft.AspNetCore.Server.Kestrel.Http2|Connection id "0HN32PVGL6F5B" received HEADERS frame for stream ID 3 with length 37 and flags END_STREAM, END_HEADERS, PRIORITY.
2024-04-22 16:26:56.9858|TRACE|Microsoft.AspNetCore.Server.Kestrel.Http2|Connection id "0HN32PVGL6F5B" sending HEADERS frame for stream ID 3 with length 28 and flags END_HEADERS.
2024-04-22 16:26:57.1961|TRACE|Microsoft.AspNetCore.Server.Kestrel.Http2|Connection id "0HN32PVGL6F5B" sending DATA frame for stream ID 3 with length 1024 and flags NONE.
2024-04-22 16:26:57.1961|TRACE|Microsoft.AspNetCore.Server.Kestrel.Http2|Connection id "0HN32PVGL6F5B" sending DATA frame for stream ID 3 with length 1024 and flags NONE.
2024-04-22 16:26:57.1961|TRACE|Microsoft.AspNetCore.Server.Kestrel.Http2|Connection id "0HN32PVGL6F5B" sending DATA frame for stream ID 3 with length 1024 and flags NONE.
2024-04-22 16:26:57.1961|TRACE|Microsoft.AspNetCore.Server.Kestrel.Http2|Connection id "0HN32PVGL6F5B" sending DATA frame for stream ID 3 with length 1024 and flags NONE.
2024-04-22 16:26:57.1961|TRACE|Microsoft.AspNetCore.Server.Kestrel.Http2|Connection id "0HN32PVGL6F5B" sending DATA frame for stream ID 3 with length 994 and flags NONE.
2024-04-22 16:26:57.1961|TRACE|Microsoft.AspNetCore.Server.Kestrel.Http2|Connection id "0HN32PVGL6F5B" sending DATA frame for stream ID 3 with length 65 and flags NONE.
2024-04-22 16:26:57.1961|TRACE|Microsoft.AspNetCore.Server.Kestrel.Http2|Connection id "0HN32PVGL6F5B" sending DATA frame for stream ID 3 with length 16 and flags NONE.
2024-04-22 16:26:57.2104|TRACE|Microsoft.AspNetCore.Server.Kestrel.Http2|Connection id "0HN32PVGL6F5B" received HEADERS frame for stream ID 5 with length 116 and flags END_STREAM, END_HEADERS, PRIORITY.
2024-04-22 16:26:57.2104|TRACE|Microsoft.AspNetCore.Server.Kestrel.Http2|Connection id "0HN32PVGL6F5B" received HEADERS frame for stream ID 7 with length 58 and flags END_STREAM, END_HEADERS, PRIORITY.
2024-04-22 16:26:57.2104|TRACE|Microsoft.AspNetCore.Server.Kestrel.Http2|Connection id "0HN32PVGL6F5B" received HEADERS frame for stream ID 9 with length 51 and flags END_STREAM, END_HEADERS, PRIORITY.
2024-04-22 16:26:57.2104|TRACE|Microsoft.AspNetCore.Server.Kestrel.Http2|Connection id "0HN32PVGL6F5B" received HEADERS frame for stream ID 11 with length 52 and flags END_STREAM, END_HEADERS, PRIORITY.
2024-04-22 16:26:57.2104|TRACE|Microsoft.AspNetCore.Server.Kestrel.Http2|Connection id "0HN32PVGL6F5B" received HEADERS frame for stream ID 13 with length 33 and flags END_STREAM, END_HEADERS, PRIORITY.
2024-04-22 16:26:57.2104|TRACE|Microsoft.AspNetCore.Server.Kestrel.Http2|Connection id "0HN32PVGL6F5B" sending HEADERS frame for stream ID 11 with length 90 and flags END_HEADERS.
2024-04-22 16:26:57.2104|TRACE|Microsoft.AspNetCore.Server.Kestrel.Http2|Connection id "0HN32PVGL6F5B" sending DATA frame for stream ID 3 with length 0 and flags END_STREAM.
2024-04-22 16:26:57.2299|TRACE|Microsoft.AspNetCore.Server.Kestrel.Http2|Connection id "0HN32PVGL6F5B" sending DATA frame for stream ID 11 with length 12356 and flags NONE.
2024-04-22 16:26:57.2299|TRACE|Microsoft.AspNetCore.Server.Kestrel.Http2|Connection id "0HN32PVGL6F5B" sending DATA frame for stream ID 11 with length 0 and flags END_STREAM.
2024-04-22 16:26:57.2299|TRACE|Microsoft.AspNetCore.Server.Kestrel.Http2|Connection id "0HN32PVGL6F5B" sending HEADERS frame for stream ID 5 with length 79 and flags END_HEADERS.
2024-04-22 16:26:57.2299|TRACE|Microsoft.AspNetCore.Server.Kestrel.Http2|Connection id "0HN32PVGL6F5B" sending HEADERS frame for stream ID 9 with length 57 and flags END_HEADERS.
2024-04-22 16:26:57.2299|TRACE|Microsoft.AspNetCore.Server.Kestrel.Http2|Connection id "0HN32PVGL6F5B" sending HEADERS frame for stream ID 7 with length 35 and flags END_HEADERS.
2024-04-22 16:26:57.2299|TRACE|Microsoft.AspNetCore.Server.Kestrel.Http2|Connection id "0HN32PVGL6F5B" sending DATA frame for stream ID 5 with length 16384 and flags NONE.
2024-04-22 16:26:57.2299|TRACE|Microsoft.AspNetCore.Server.Kestrel.Http2|Connection id "0HN32PVGL6F5B" sending DATA frame for stream ID 5 with length 16384 and flags NONE.
2024-04-22 16:26:57.2299|TRACE|Microsoft.AspNetCore.Server.Kestrel.Http2|Connection id "0HN32PVGL6F5B" sending DATA frame for stream ID 5 with length 16384 and flags NONE.
2024-04-22 16:26:57.2299|TRACE|Microsoft.AspNetCore.Server.Kestrel.Http2|Connection id "0HN32PVGL6F5B" sending DATA frame for stream ID 5 with length 16384 and flags NONE.
2024-04-22 16:26:57.2299|TRACE|Microsoft.AspNetCore.Server.Kestrel.Http2|Connection id "0HN32PVGL6F5B" sending DATA frame for stream ID 9 with length 16384 and flags NONE.
2024-04-22 16:26:57.2299|TRACE|Microsoft.AspNetCore.Server.Kestrel.Http2|Connection id "0HN32PVGL6F5B" sending DATA frame for stream ID 9 with length 16384 and flags NONE.
2024-04-22 16:26:57.2299|TRACE|Microsoft.AspNetCore.Server.Kestrel.Http2|Connection id "0HN32PVGL6F5B" sending DATA frame for stream ID 9 with length 16384 and flags NONE.
2024-04-22 16:26:57.2299|TRACE|Microsoft.AspNetCore.Server.Kestrel.Http2|Connection id "0HN32PVGL6F5B" sending DATA frame for stream ID 9 with length 16384 and flags NONE.
2024-04-22 16:26:57.2299|TRACE|Microsoft.AspNetCore.Server.Kestrel.Http2|Connection id "0HN32PVGL6F5B" sending DATA frame for stream ID 5 with length 16384 and flags NONE.
2024-04-22 16:26:57.2413|TRACE|Microsoft.AspNetCore.Server.Kestrel.Http2|Connection id "0HN32PVGL6F5B" sending DATA frame for stream ID 5 with length 16384 and flags NONE.
2024-04-22 16:26:57.2413|TRACE|Microsoft.AspNetCore.Server.Kestrel.Http2|Connection id "0HN32PVGL6F5B" sending DATA frame for stream ID 5 with length 16384 and flags NONE.
2024-04-22 16:26:57.2413|TRACE|Microsoft.AspNetCore.Server.Kestrel.Http2|Connection id "0HN32PVGL6F5B" sending DATA frame for stream ID 5 with length 16384 and flags NONE.
2024-04-22 16:26:57.2413|TRACE|Microsoft.AspNetCore.Server.Kestrel.Http2|Connection id "0HN32PVGL6F5B" sending DATA frame for stream ID 7 with length 16384 and flags NONE.
2024-04-22 16:26:57.2413|TRACE|Microsoft.AspNetCore.Server.Kestrel.Http2|Connection id "0HN32PVGL6F5B" sending DATA frame for stream ID 7 with length 16384 and flags NONE.
2024-04-22 16:26:57.2413|TRACE|Microsoft.AspNetCore.Server.Kestrel.Http2|Connection id "0HN32PVGL6F5B" sending DATA frame for stream ID 7 with length 16384 and flags NONE.
2024-04-22 16:26:57.2413|TRACE|Microsoft.AspNetCore.Server.Kestrel.Http2|Connection id "0HN32PVGL6F5B" sending DATA frame for stream ID 7 with length 16384 and flags NONE.
2024-04-22 16:26:57.2584|TRACE|Microsoft.AspNetCore.Server.Kestrel.Http2|Connection id "0HN32PVGL6F5B" sending DATA frame for stream ID 9 with length 16384 and flags NONE.
2024-04-22 16:26:57.2584|TRACE|Microsoft.AspNetCore.Server.Kestrel.Http2|Connection id "0HN32PVGL6F5B" sending DATA frame for stream ID 9 with length 16384 and flags NONE.
2024-04-22 16:26:57.2584|TRACE|Microsoft.AspNetCore.Server.Kestrel.Http2|Connection id "0HN32PVGL6F5B" sending DATA frame for stream ID 9 with length 16384 and flags NONE.
2024-04-22 16:26:57.2584|TRACE|Microsoft.AspNetCore.Server.Kestrel.Http2|Connection id "0HN32PVGL6F5B" sending DATA frame for stream ID 9 with length 16384 and flags NONE.
2024-04-22 16:26:57.2584|TRACE|Microsoft.AspNetCore.Server.Kestrel.Http2|Connection id "0HN32PVGL6F5B" sending HEADERS frame for stream ID 13 with length 119 and flags END_HEADERS.
2024-04-22 16:26:57.2584|TRACE|Microsoft.AspNetCore.Server.Kestrel.Http2|Connection id "0HN32PVGL6F5B" sending DATA frame for stream ID 5 with length 12560 and flags NONE.
2024-04-22 16:26:57.2584|TRACE|Microsoft.AspNetCore.Server.Kestrel.Http2|Connection id "0HN32PVGL6F5B" sending DATA frame for stream ID 13 with length 9986 and flags NONE.
2024-04-22 16:26:57.2994|TRACE|Microsoft.AspNetCore.Server.Kestrel.Http2|Connection id "0HN32PVGL6F5B" sending DATA frame for stream ID 9 with length 16384 and flags NONE.
2024-04-22 16:26:57.2994|TRACE|Microsoft.AspNetCore.Server.Kestrel.Http2|Connection id "0HN32PVGL6F5B" sending DATA frame for stream ID 9 with length 16384 and flags NONE.
2024-04-22 16:26:57.2994|TRACE|Microsoft.AspNetCore.Server.Kestrel.Http2|Connection id "0HN32PVGL6F5B" sending DATA frame for stream ID 9 with length 16384 and flags NONE.
2024-04-22 16:26:57.2994|TRACE|Microsoft.AspNetCore.Server.Kestrel.Http2|Connection id "0HN32PVGL6F5B" sending DATA frame for stream ID 9 with length 16384 and flags NONE.
2024-04-22 16:26:57.2994|TRACE|Microsoft.AspNetCore.Server.Kestrel.Http2|Connection id "0HN32PVGL6F5B" sending DATA frame for stream ID 7 with length 16384 and flags NONE.
2024-04-22 16:26:57.2994|TRACE|Microsoft.AspNetCore.Server.Kestrel.Http2|Connection id "0HN32PVGL6F5B" sending DATA frame for stream ID 7 with length 16384 and flags NONE.
2024-04-22 16:26:57.2994|TRACE|Microsoft.AspNetCore.Server.Kestrel.Http2|Connection id "0HN32PVGL6F5B" sending DATA frame for stream ID 7 with length 16384 and flags NONE.
2024-04-22 16:26:57.2994|TRACE|Microsoft.AspNetCore.Server.Kestrel.Http2|Connection id "0HN32PVGL6F5B" sending DATA frame for stream ID 7 with length 16384 and flags NONE.
2024-04-22 16:26:57.2994|TRACE|Microsoft.AspNetCore.Server.Kestrel.Http2|Connection id "0HN32PVGL6F5B" sending DATA frame for stream ID 7 with length 16384 and flags NONE.
2024-04-22 16:26:57.2994|TRACE|Microsoft.AspNetCore.Server.Kestrel.Http2|Connection id "0HN32PVGL6F5B" sending DATA frame for stream ID 7 with length 16384 and flags NONE.
2024-04-22 16:26:57.2994|TRACE|Microsoft.AspNetCore.Server.Kestrel.Http2|Connection id "0HN32PVGL6F5B" sending DATA frame for stream ID 7 with length 16384 and flags NONE.
2024-04-22 16:26:57.2994|TRACE|Microsoft.AspNetCore.Server.Kestrel.Http2|Connection id "0HN32PVGL6F5B" sending DATA frame for stream ID 7 with length 16384 and flags NONE.
2024-04-22 16:26:57.2994|TRACE|Microsoft.AspNetCore.Server.Kestrel.Http2|Connection id "0HN32PVGL6F5B" sending DATA frame for stream ID 9 with length 16384 and flags NONE.
2024-04-22 16:26:57.2994|TRACE|Microsoft.AspNetCore.Server.Kestrel.Http2|Connection id "0HN32PVGL6F5B" sending DATA frame for stream ID 9 with length 16384 and flags NONE.
2024-04-22 16:26:57.2994|TRACE|Microsoft.AspNetCore.Server.Kestrel.Http2|Connection id "0HN32PVGL6F5B" sending DATA frame for stream ID 9 with length 16384 and flags NONE.
2024-04-22 16:26:57.2994|TRACE|Microsoft.AspNetCore.Server.Kestrel.Http2|Connection id "0HN32PVGL6F5B" sending DATA frame for stream ID 9 with length 16384 and flags NONE.
2024-04-22 16:26:57.3134|TRACE|Microsoft.AspNetCore.Server.Kestrel.Http2|Connection id "0HN32PVGL6F5B" sending DATA frame for stream ID 7 with length 16384 and flags NONE.
2024-04-22 16:26:57.3134|TRACE|Microsoft.AspNetCore.Server.Kestrel.Http2|Connection id "0HN32PVGL6F5B" sending DATA frame for stream ID 7 with length 16384 and flags NONE.
2024-04-22 16:26:57.3134|TRACE|Microsoft.AspNetCore.Server.Kestrel.Http2|Connection id "0HN32PVGL6F5B" sending DATA frame for stream ID 7 with length 16384 and flags NONE.
2024-04-22 16:26:57.3134|TRACE|Microsoft.AspNetCore.Server.Kestrel.Http2|Connection id "0HN32PVGL6F5B" sending DATA frame for stream ID 7 with length 16384 and flags NONE.
2024-04-22 16:26:57.3134|TRACE|Microsoft.AspNetCore.Server.Kestrel.Http2|Connection id "0HN32PVGL6F5B" sending DATA frame for stream ID 13 with length 10240 and flags NONE.
2024-04-22 16:26:57.3134|TRACE|Microsoft.AspNetCore.Server.Kestrel.Http2|Connection id "0HN32PVGL6F5B" sending DATA frame for stream ID 5 with length 0 and flags END_STREAM.
2024-04-22 16:26:57.3134|TRACE|Microsoft.AspNetCore.Server.Kestrel.Http2|Connection id "0HN32PVGL6F5B" sending DATA frame for stream ID 13 with length 10240 and flags NONE.
2024-04-22 16:26:57.3134|TRACE|Microsoft.AspNetCore.Server.Kestrel.Http2|Connection id "0HN32PVGL6F5B" sending DATA frame for stream ID 7 with length 16384 and flags NONE.
2024-04-22 16:26:57.3134|TRACE|Microsoft.AspNetCore.Server.Kestrel.Http2|Connection id "0HN32PVGL6F5B" sending DATA frame for stream ID 7 with length 16384 and flags NONE.
2024-04-22 16:26:57.3134|TRACE|Microsoft.AspNetCore.Server.Kestrel.Http2|Connection id "0HN32PVGL6F5B" sending DATA frame for stream ID 7 with length 16384 and flags NONE.
2024-04-22 16:26:57.3134|TRACE|Microsoft.AspNetCore.Server.Kestrel.Http2|Connection id "0HN32PVGL6F5B" sending DATA frame for stream ID 7 with length 16384 and flags NONE.
2024-04-22 16:26:57.3134|TRACE|Microsoft.AspNetCore.Server.Kestrel.Http2|Connection id "0HN32PVGL6F5B" sending DATA frame for stream ID 9 with length 16384 and flags NONE.
2024-04-22 16:26:57.3134|TRACE|Microsoft.AspNetCore.Server.Kestrel.Http2|Connection id "0HN32PVGL6F5B" sending DATA frame for stream ID 9 with length 16384 and flags NONE.
2024-04-22 16:26:57.3134|TRACE|Microsoft.AspNetCore.Server.Kestrel.Http2|Connection id "0HN32PVGL6F5B" sending DATA frame for stream ID 9 with length 16384 and flags NONE.
2024-04-22 16:26:57.3134|TRACE|Microsoft.AspNetCore.Server.Kestrel.Http2|Connection id "0HN32PVGL6F5B" sending DATA frame for stream ID 9 with length 16384 and flags NONE.
2024-04-22 16:26:57.3134|TRACE|Microsoft.AspNetCore.Server.Kestrel.Http2|Connection id "0HN32PVGL6F5B" sending DATA frame for stream ID 13 with length 10240 and flags NONE.
2024-04-22 16:26:57.3134|TRACE|Microsoft.AspNetCore.Server.Kestrel.Http2|Connection id "0HN32PVGL6F5B" sending DATA frame for stream ID 7 with length 16384 and flags NONE.
2024-04-22 16:26:57.3134|TRACE|Microsoft.AspNetCore.Server.Kestrel.Http2|Connection id "0HN32PVGL6F5B" sending DATA frame for stream ID 7 with length 16384 and flags NONE.
2024-04-22 16:26:57.3134|TRACE|Microsoft.AspNetCore.Server.Kestrel.Http2|Connection id "0HN32PVGL6F5B" sending DATA frame for stream ID 7 with length 16384 and flags NONE.
2024-04-22 16:26:57.3134|TRACE|Microsoft.AspNetCore.Server.Kestrel.Http2|Connection id "0HN32PVGL6F5B" sending DATA frame for stream ID 7 with length 16384 and flags NONE.
2024-04-22 16:26:57.3134|TRACE|Microsoft.AspNetCore.Server.Kestrel.Http2|Connection id "0HN32PVGL6F5B" sending DATA frame for stream ID 13 with length 10240 and flags NONE.
2024-04-22 16:26:57.3134|TRACE|Microsoft.AspNetCore.Server.Kestrel.Http2|Connection id "0HN32PVGL6F5B" sending DATA frame for stream ID 9 with length 9482 and flags NONE.
2024-04-22 16:26:57.3134|TRACE|Microsoft.AspNetCore.Server.Kestrel.Http2|Connection id "0HN32PVGL6F5B" sending DATA frame for stream ID 7 with length 16384 and flags NONE.
2024-04-22 16:26:57.3134|TRACE|Microsoft.AspNetCore.Server.Kestrel.Http2|Connection id "0HN32PVGL6F5B" sending DATA frame for stream ID 7 with length 16384 and flags NONE.
2024-04-22 16:26:57.3134|TRACE|Microsoft.AspNetCore.Server.Kestrel.Http2|Connection id "0HN32PVGL6F5B" sending DATA frame for stream ID 7 with length 16384 and flags NONE.
2024-04-22 16:26:57.3134|TRACE|Microsoft.AspNetCore.Server.Kestrel.Http2|Connection id "0HN32PVGL6F5B" sending DATA frame for stream ID 7 with length 16384 and flags NONE.
2024-04-22 16:26:57.3283|TRACE|Microsoft.AspNetCore.Server.Kestrel.Http2|Connection id "0HN32PVGL6F5B" sending DATA frame for stream ID 7 with length 16384 and flags NONE.
2024-04-22 16:26:57.3283|TRACE|Microsoft.AspNetCore.Server.Kestrel.Http2|Connection id "0HN32PVGL6F5B" sending DATA frame for stream ID 7 with length 16384 and flags NONE.
2024-04-22 16:26:57.3283|TRACE|Microsoft.AspNetCore.Server.Kestrel.Http2|Connection id "0HN32PVGL6F5B" sending DATA frame for stream ID 7 with length 16384 and flags NONE.
2024-04-22 16:26:57.3283|TRACE|Microsoft.AspNetCore.Server.Kestrel.Http2|Connection id "0HN32PVGL6F5B" sending DATA frame for stream ID 7 with length 16384 and flags NONE.
2024-04-22 16:26:57.3283|TRACE|Microsoft.AspNetCore.Server.Kestrel.Http2|Connection id "0HN32PVGL6F5B" sending DATA frame for stream ID 13 with length 10240 and flags NONE.
2024-04-22 16:26:57.3283|TRACE|Microsoft.AspNetCore.Server.Kestrel.Http2|Connection id "0HN32PVGL6F5B" sending DATA frame for stream ID 9 with length 0 and flags END_STREAM.
2024-04-22 16:26:57.3283|TRACE|Microsoft.AspNetCore.Server.Kestrel.Http2|Connection id "0HN32PVGL6F5B" sending DATA frame for stream ID 13 with length 10240 and flags NONE.
2024-04-22 16:26:57.3283|TRACE|Microsoft.AspNetCore.Server.Kestrel.Http2|Connection id "0HN32PVGL6F5B" sending DATA frame for stream ID 7 with length 16384 and flags NONE.
2024-04-22 16:26:57.3283|TRACE|Microsoft.AspNetCore.Server.Kestrel.Http2|Connection id "0HN32PVGL6F5B" sending DATA frame for stream ID 7 with length 16384 and flags NONE.
2024-04-22 16:26:57.3283|TRACE|Microsoft.AspNetCore.Server.Kestrel.Http2|Connection id "0HN32PVGL6F5B" sending DATA frame for stream ID 7 with length 16384 and flags NONE.
2024-04-22 16:26:57.3283|TRACE|Microsoft.AspNetCore.Server.Kestrel.Http2|Connection id "0HN32PVGL6F5B" sending DATA frame for stream ID 7 with length 16384 and flags NONE.
2024-04-22 16:26:57.3283|TRACE|Microsoft.AspNetCore.Server.Kestrel.Http2|Connection id "0HN32PVGL6F5B" sending DATA frame for stream ID 13 with length 10240 and flags NONE.
2024-04-22 16:26:57.3283|TRACE|Microsoft.AspNetCore.Server.Kestrel.Http2|Connection id "0HN32PVGL6F5B" sending DATA frame for stream ID 7 with length 16384 and flags NONE.
2024-04-22 16:26:57.3283|TRACE|Microsoft.AspNetCore.Server.Kestrel.Http2|Connection id "0HN32PVGL6F5B" sending DATA frame for stream ID 7 with length 16384 and flags NONE.
2024-04-22 16:26:57.3283|TRACE|Microsoft.AspNetCore.Server.Kestrel.Http2|Connection id "0HN32PVGL6F5B" sending DATA frame for stream ID 7 with length 16384 and flags NONE.
2024-04-22 16:26:57.3283|TRACE|Microsoft.AspNetCore.Server.Kestrel.Http2|Connection id "0HN32PVGL6F5B" sending DATA frame for stream ID 7 with length 16384 and flags NONE.
2024-04-22 16:26:57.3283|TRACE|Microsoft.AspNetCore.Server.Kestrel.Http2|Connection id "0HN32PVGL6F5B" sending DATA frame for stream ID 13 with length 10240 and flags NONE.
2024-04-22 16:26:57.3283|TRACE|Microsoft.AspNetCore.Server.Kestrel.Http2|Connection id "0HN32PVGL6F5B" sending DATA frame for stream ID 13 with length 10240 and flags NONE.
2024-04-22 16:26:57.3283|TRACE|Microsoft.AspNetCore.Server.Kestrel.Http2|Connection id "0HN32PVGL6F5B" sending DATA frame for stream ID 7 with length 16384 and flags NONE.
2024-04-22 16:26:57.3283|TRACE|Microsoft.AspNetCore.Server.Kestrel.Http2|Connection id "0HN32PVGL6F5B" sending DATA frame for stream ID 7 with length 16384 and flags NONE.
2024-04-22 16:26:57.3283|TRACE|Microsoft.AspNetCore.Server.Kestrel.Http2|Connection id "0HN32PVGL6F5B" sending DATA frame for stream ID 7 with length 16384 and flags NONE.
2024-04-22 16:26:57.3283|TRACE|Microsoft.AspNetCore.Server.Kestrel.Http2|Connection id "0HN32PVGL6F5B" sending DATA frame for stream ID 7 with length 16384 and flags NONE.
2024-04-22 16:26:57.3283|TRACE|Microsoft.AspNetCore.Server.Kestrel.Http2|Connection id "0HN32PVGL6F5B" sending DATA frame for stream ID 13 with length 10240 and flags NONE.
2024-04-22 16:26:57.3465|TRACE|Microsoft.AspNetCore.Server.Kestrel.Http2|Connection id "0HN32PVGL6F5B" sending DATA frame for stream ID 13 with length 10240 and flags NONE.
2024-04-22 16:26:57.3465|TRACE|Microsoft.AspNetCore.Server.Kestrel.Http2|Connection id "0HN32PVGL6F5B" sending DATA frame for stream ID 7 with length 16384 and flags NONE.
2024-04-22 16:26:57.3465|TRACE|Microsoft.AspNetCore.Server.Kestrel.Http2|Connection id "0HN32PVGL6F5B" sending DATA frame for stream ID 7 with length 16384 and flags NONE.
2024-04-22 16:26:57.3465|TRACE|Microsoft.AspNetCore.Server.Kestrel.Http2|Connection id "0HN32PVGL6F5B" sending DATA frame for stream ID 7 with length 16384 and flags NONE.
2024-04-22 16:26:57.3465|TRACE|Microsoft.AspNetCore.Server.Kestrel.Http2|Connection id "0HN32PVGL6F5B" sending DATA frame for stream ID 7 with length 16384 and flags NONE.
2024-04-22 16:26:57.3465|TRACE|Microsoft.AspNetCore.Server.Kestrel.Http2|Connection id "0HN32PVGL6F5B" sending DATA frame for stream ID 13 with length 10240 and flags NONE.
2024-04-22 16:26:57.3465|TRACE|Microsoft.AspNetCore.Server.Kestrel.Http2|Connection id "0HN32PVGL6F5B" sending DATA frame for stream ID 13 with length 10240 and flags NONE.
2024-04-22 16:26:57.3465|TRACE|Microsoft.AspNetCore.Server.Kestrel.Http2|Connection id "0HN32PVGL6F5B" sending DATA frame for stream ID 13 with length 10240 and flags NONE.
2024-04-22 16:26:57.3465|TRACE|Microsoft.AspNetCore.Server.Kestrel.Http2|Connection id "0HN32PVGL6F5B" sending DATA frame for stream ID 7 with length 16384 and flags NONE.
2024-04-22 16:26:57.3465|TRACE|Microsoft.AspNetCore.Server.Kestrel.Http2|Connection id "0HN32PVGL6F5B" sending DATA frame for stream ID 7 with length 16384 and flags NONE.
2024-04-22 16:26:57.3465|TRACE|Microsoft.AspNetCore.Server.Kestrel.Http2|Connection id "0HN32PVGL6F5B" sending DATA frame for stream ID 7 with length 16384 and flags NONE.
2024-04-22 16:26:57.3465|TRACE|Microsoft.AspNetCore.Server.Kestrel.Http2|Connection id "0HN32PVGL6F5B" sending DATA frame for stream ID 7 with length 16384 and flags NONE.
2024-04-22 16:26:57.3576|TRACE|Microsoft.AspNetCore.Server.Kestrel.Http2|Connection id "0HN32PVGL6F5B" sending DATA frame for stream ID 13 with length 160 and flags NONE.
2024-04-22 16:26:57.3576|TRACE|Microsoft.AspNetCore.Server.Kestrel.Http2|Connection id "0HN32PVGL6F5B" sending DATA frame for stream ID 7 with length 16384 and flags NONE.
2024-04-22 16:26:57.3576|TRACE|Microsoft.AspNetCore.Server.Kestrel.Http2|Connection id "0HN32PVGL6F5B" sending DATA frame for stream ID 7 with length 16384 and flags NONE.
2024-04-22 16:26:57.3576|TRACE|Microsoft.AspNetCore.Server.Kestrel.Http2|Connection id "0HN32PVGL6F5B" sending DATA frame for stream ID 7 with length 16384 and flags NONE.
2024-04-22 16:26:57.3576|TRACE|Microsoft.AspNetCore.Server.Kestrel.Http2|Connection id "0HN32PVGL6F5B" sending DATA frame for stream ID 7 with length 16384 and flags NONE.
2024-04-22 16:26:57.3576|TRACE|Microsoft.AspNetCore.Server.Kestrel.Http2|Connection id "0HN32PVGL6F5B" sending DATA frame for stream ID 7 with length 16384 and flags NONE.
2024-04-22 16:26:57.3576|TRACE|Microsoft.AspNetCore.Server.Kestrel.Http2|Connection id "0HN32PVGL6F5B" sending DATA frame for stream ID 7 with length 16384 and flags NONE.
2024-04-22 16:26:57.3576|TRACE|Microsoft.AspNetCore.Server.Kestrel.Http2|Connection id "0HN32PVGL6F5B" sending DATA frame for stream ID 7 with length 16384 and flags NONE.
2024-04-22 16:26:57.3576|TRACE|Microsoft.AspNetCore.Server.Kestrel.Http2|Connection id "0HN32PVGL6F5B" sending DATA frame for stream ID 7 with length 16384 and flags NONE.
2024-04-22 16:26:57.3576|TRACE|Microsoft.AspNetCore.Server.Kestrel.Http2|Connection id "0HN32PVGL6F5B" sending DATA frame for stream ID 13 with length 0 and flags END_STREAM.
2024-04-22 16:26:57.3576|TRACE|Microsoft.AspNetCore.Server.Kestrel.Http2|Connection id "0HN32PVGL6F5B" sending DATA frame for stream ID 7 with length 16384 and flags NONE.
2024-04-22 16:26:57.3576|TRACE|Microsoft.AspNetCore.Server.Kestrel.Http2|Connection id "0HN32PVGL6F5B" sending DATA frame for stream ID 7 with length 16384 and flags NONE.
2024-04-22 16:26:57.3576|TRACE|Microsoft.AspNetCore.Server.Kestrel.Http2|Connection id "0HN32PVGL6F5B" sending DATA frame for stream ID 7 with length 16384 and flags NONE.
2024-04-22 16:26:57.3576|TRACE|Microsoft.AspNetCore.Server.Kestrel.Http2|Connection id "0HN32PVGL6F5B" sending DATA frame for stream ID 7 with length 16384 and flags NONE.
2024-04-22 16:26:57.3576|TRACE|Microsoft.AspNetCore.Server.Kestrel.Http2|Connection id "0HN32PVGL6F5B" sending DATA frame for stream ID 7 with length 16384 and flags NONE.
2024-04-22 16:26:57.3576|TRACE|Microsoft.AspNetCore.Server.Kestrel.Http2|Connection id "0HN32PVGL6F5B" sending DATA frame for stream ID 7 with length 16384 and flags NONE.
2024-04-22 16:26:57.3576|TRACE|Microsoft.AspNetCore.Server.Kestrel.Http2|Connection id "0HN32PVGL6F5B" sending DATA frame for stream ID 7 with length 11545 and flags NONE.
2024-04-22 16:26:57.3576|TRACE|Microsoft.AspNetCore.Server.Kestrel.Http2|Connection id "0HN32PVGL6F5B" sending DATA frame for stream ID 7 with length 0 and flags END_STREAM.
2024-04-22 16:26:57.6069|TRACE|Microsoft.AspNetCore.Server.Kestrel.Http2|Connection id "0HN32PVGL6F5B" received HEADERS frame for stream ID 15 with length 74 and flags END_STREAM, END_HEADERS, PRIORITY.
2024-04-22 16:26:57.9089|TRACE|Microsoft.AspNetCore.Server.Kestrel.Http2|Connection id "0HN32PVGL6F5B" sending HEADERS frame for stream ID 15 with length 35 and flags END_HEADERS.
2024-04-22 16:26:57.9089|TRACE|Microsoft.AspNetCore.Server.Kestrel.Http2|Connection id "0HN32PVGL6F5B" sending DATA frame for stream ID 15 with length 16384 and flags NONE.
2024-04-22 16:26:57.9089|TRACE|Microsoft.AspNetCore.Server.Kestrel.Http2|Connection id "0HN32PVGL6F5B" sending DATA frame for stream ID 15 with length 16384 and flags NONE.
2024-04-22 16:26:57.9089|TRACE|Microsoft.AspNetCore.Server.Kestrel.Http2|Connection id "0HN32PVGL6F5B" sending DATA frame for stream ID 15 with length 2199 and flags NONE.
2024-04-22 16:26:57.9089|TRACE|Microsoft.AspNetCore.Server.Kestrel.Http2|Connection id "0HN32PVGL6F5B" sending DATA frame for stream ID 15 with length 0 and flags END_STREAM.
2024-04-22 16:27:18.4149|TRACE|Microsoft.AspNetCore.Server.Kestrel.Http2|Connection id "0HN32PVGL6F5C" sending SETTINGS frame for stream ID 0 with length 18 and flags NONE.
2024-04-22 16:27:18.4149|TRACE|Microsoft.AspNetCore.Server.Kestrel.Http2|Connection id "0HN32PVGL6F5C" sending WINDOW_UPDATE frame for stream ID 0 with length 4 and flags 0x0.
2024-04-22 16:27:18.4149|TRACE|Microsoft.AspNetCore.Server.Kestrel.Http2|Connection id "0HN32PVGL6F5C" received SETTINGS frame for stream ID 0 with length 6 and flags NONE.
2024-04-22 16:27:18.4149|TRACE|Microsoft.AspNetCore.Server.Kestrel.Http2|Connection id "0HN32PVGL6F5C" sending SETTINGS frame for stream ID 0 with length 0 and flags ACK.
2024-04-22 16:27:18.4149|TRACE|Microsoft.AspNetCore.Server.Kestrel.Http2|Connection id "0HN32PVGL6F5C" received WINDOW_UPDATE frame for stream ID 0 with length 4 and flags 0x0.
2024-04-22 16:27:18.4149|TRACE|Microsoft.AspNetCore.Server.Kestrel.Http2|Connection id "0HN32PVGL6F5C" received HEADERS frame for stream ID 3 with length 89 and flags END_STREAM, END_HEADERS.
2024-04-22 16:27:18.4149|TRACE|Microsoft.AspNetCore.Server.Kestrel.Http2|Connection id "0HN32PVGL6F5C" received SETTINGS frame for stream ID 0 with length 0 and flags ACK.
2024-04-22 16:27:21.6837|TRACE|Microsoft.AspNetCore.Server.Kestrel.Http2|Connection id "0HN32PVGL6F5C" received HEADERS frame for stream ID 5 with length 60 and flags END_STREAM, END_HEADERS.
2024-04-22 16:27:22.1261|TRACE|Microsoft.AspNetCore.Server.Kestrel.Http2|Connection id "0HN32PVGL6F5C" sending HEADERS frame for stream ID 3 with length 74 and flags END_HEADERS.
2024-04-22 16:27:22.1261|TRACE|Microsoft.AspNetCore.Server.Kestrel.Http2|Connection id "0HN32PVGL6F5C" sending HEADERS frame for stream ID 5 with length 4 and flags END_HEADERS.
2024-04-22 16:27:22.1261|TRACE|Microsoft.AspNetCore.Server.Kestrel.Http2|Connection id "0HN32PVGL6F5C" sending DATA frame for stream ID 3 with length 241 and flags NONE.
2024-04-22 16:27:22.1261|TRACE|Microsoft.AspNetCore.Server.Kestrel.Http2|Connection id "0HN32PVGL6F5C" sending DATA frame for stream ID 5 with length 241 and flags NONE.
2024-04-22 16:27:22.1261|TRACE|Microsoft.AspNetCore.Server.Kestrel.Http2|Connection id "0HN32PVGL6F5C" sending DATA frame for stream ID 3 with length 0 and flags END_STREAM.
2024-04-22 16:27:22.1261|TRACE|Microsoft.AspNetCore.Server.Kestrel.Http2|Connection id "0HN32PVGL6F5C" sending DATA frame for stream ID 5 with length 0 and flags END_STREAM.
2024-04-22 16:27:35.1045|TRACE|Microsoft.AspNetCore.Server.Kestrel.Http2|Connection id "0HN32PVGL6F5C" received HEADERS frame for stream ID 7 with length 13 and flags END_STREAM, END_HEADERS.
2024-04-22 16:27:35.4324|TRACE|Microsoft.AspNetCore.Server.Kestrel.Http2|Connection id "0HN32PVGL6F5C" sending HEADERS frame for stream ID 7 with length 34 and flags END_HEADERS.
2024-04-22 16:27:35.4324|TRACE|Microsoft.AspNetCore.Server.Kestrel.Http2|Connection id "0HN32PVGL6F5C" sending DATA frame for stream ID 7 with length 31 and flags NONE.
2024-04-22 16:27:35.4409|TRACE|Microsoft.AspNetCore.Server.Kestrel.Http2|Connection id "0HN32PVGL6F5C" sending DATA frame for stream ID 7 with length 0 and flags END_STREAM.
2024-04-22 16:27:35.6186|TRACE|Microsoft.AspNetCore.Server.Kestrel.Http2|Connection id "0HN32PVGL6F5C" received HEADERS frame for stream ID 9 with length 60 and flags END_STREAM, END_HEADERS.
2024-04-22 16:27:35.6514|TRACE|Microsoft.AspNetCore.Server.Kestrel.Http2|Connection id "0HN32PVGL6F5C" sending HEADERS frame for stream ID 9 with length 34 and flags END_HEADERS.
2024-04-22 16:27:35.6514|TRACE|Microsoft.AspNetCore.Server.Kestrel.Http2|Connection id "0HN32PVGL6F5C" sending DATA frame for stream ID 9 with length 241 and flags NONE.
2024-04-22 16:27:35.6514|TRACE|Microsoft.AspNetCore.Server.Kestrel.Http2|Connection id "0HN32PVGL6F5C" sending DATA frame for stream ID 9 with length 0 and flags END_STREAM.
2024-04-22 16:27:35.8128|TRACE|Microsoft.AspNetCore.Server.Kestrel.Http2|Connection id "0HN32PVGL6F5C" received HEADERS frame for stream ID 11 with length 24 and flags END_STREAM, END_HEADERS.
2024-04-22 16:27:35.9405|TRACE|Microsoft.AspNetCore.Server.Kestrel.Http2|Connection id "0HN32PVGL6F5C" sending HEADERS frame for stream ID 11 with length 4 and flags END_HEADERS.
2024-04-22 16:27:35.9405|TRACE|Microsoft.AspNetCore.Server.Kestrel.Http2|Connection id "0HN32PVGL6F5C" sending DATA frame for stream ID 11 with length 156 and flags NONE.
2024-04-22 16:27:35.9405|TRACE|Microsoft.AspNetCore.Server.Kestrel.Http2|Connection id "0HN32PVGL6F5C" sending DATA frame for stream ID 11 with length 0 and flags END_STREAM.
2024-04-22 16:28:14.7712|TRACE|Microsoft.AspNetCore.Server.Kestrel.Http2|Connection id "0HN32PVGL6F5C" received HEADERS frame for stream ID 13 with length 13 and flags END_STREAM, END_HEADERS.
2024-04-22 16:28:14.7712|TRACE|Microsoft.AspNetCore.Server.Kestrel.Http2|Connection id "0HN32PVGL6F5C" sending HEADERS frame for stream ID 13 with length 34 and flags END_HEADERS.
2024-04-22 16:28:14.7712|TRACE|Microsoft.AspNetCore.Server.Kestrel.Http2|Connection id "0HN32PVGL6F5C" sending DATA frame for stream ID 13 with length 31 and flags NONE.
2024-04-22 16:28:14.7712|TRACE|Microsoft.AspNetCore.Server.Kestrel.Http2|Connection id "0HN32PVGL6F5C" sending DATA frame for stream ID 13 with length 0 and flags END_STREAM.
2024-04-22 16:28:14.8198|TRACE|Microsoft.AspNetCore.Server.Kestrel.Http2|Connection id "0HN32PVGL6F5C" received HEADERS frame for stream ID 15 with length 60 and flags END_STREAM, END_HEADERS.
2024-04-22 16:28:14.8492|TRACE|Microsoft.AspNetCore.Server.Kestrel.Http2|Connection id "0HN32PVGL6F5C" sending HEADERS frame for stream ID 15 with length 34 and flags END_HEADERS.
2024-04-22 16:28:14.8492|TRACE|Microsoft.AspNetCore.Server.Kestrel.Http2|Connection id "0HN32PVGL6F5C" sending DATA frame for stream ID 15 with length 241 and flags NONE.
2024-04-22 16:28:14.8492|TRACE|Microsoft.AspNetCore.Server.Kestrel.Http2|Connection id "0HN32PVGL6F5C" sending DATA frame for stream ID 15 with length 0 and flags END_STREAM.
2024-04-22 16:28:14.8612|TRACE|Microsoft.AspNetCore.Server.Kestrel.Http2|Connection id "0HN32PVGL6F5C" received HEADERS frame for stream ID 17 with length 24 and flags END_STREAM, END_HEADERS.
2024-04-22 16:28:14.8612|TRACE|Microsoft.AspNetCore.Server.Kestrel.Http2|Connection id "0HN32PVGL6F5C" sending HEADERS frame for stream ID 17 with length 4 and flags END_HEADERS.
2024-04-22 16:28:14.8725|TRACE|Microsoft.AspNetCore.Server.Kestrel.Http2|Connection id "0HN32PVGL6F5C" sending DATA frame for stream ID 17 with length 156 and flags NONE.
2024-04-22 16:28:14.8725|TRACE|Microsoft.AspNetCore.Server.Kestrel.Http2|Connection id "0HN32PVGL6F5C" sending DATA frame for stream ID 17 with length 0 and flags END_STREAM.
2024-04-22 16:29:51.4192|DEBUG|Microsoft.AspNetCore.Server.Kestrel.Http2|Connection id "0HN32PVGL6F5C" is closed. The last processed stream ID was 17.
2024-04-22 16:30:05.2943|TRACE|Microsoft.AspNetCore.Server.Kestrel.Http2|Connection id "0HN32PVGL6F5D" sending SETTINGS frame for stream ID 0 with length 18 and flags NONE.
2024-04-22 16:30:05.2943|TRACE|Microsoft.AspNetCore.Server.Kestrel.Http2|Connection id "0HN32PVGL6F5D" sending WINDOW_UPDATE frame for stream ID 0 with length 4 and flags 0x0.
2024-04-22 16:30:05.2998|TRACE|Microsoft.AspNetCore.Server.Kestrel.Http2|Connection id "0HN32PVGL6F5D" received SETTINGS frame for stream ID 0 with length 6 and flags NONE.
2024-04-22 16:30:05.2998|TRACE|Microsoft.AspNetCore.Server.Kestrel.Http2|Connection id "0HN32PVGL6F5D" sending SETTINGS frame for stream ID 0 with length 0 and flags ACK.
2024-04-22 16:30:05.2998|TRACE|Microsoft.AspNetCore.Server.Kestrel.Http2|Connection id "0HN32PVGL6F5D" received WINDOW_UPDATE frame for stream ID 0 with length 4 and flags 0x0.
2024-04-22 16:30:05.2998|TRACE|Microsoft.AspNetCore.Server.Kestrel.Http2|Connection id "0HN32PVGL6F5D" received HEADERS frame for stream ID 3 with length 44 and flags END_STREAM, END_HEADERS.
2024-04-22 16:30:05.2998|TRACE|Microsoft.AspNetCore.Server.Kestrel.Http2|Connection id "0HN32PVGL6F5D" received SETTINGS frame for stream ID 0 with length 0 and flags ACK.
2024-04-22 16:30:05.3618|TRACE|Microsoft.AspNetCore.Server.Kestrel.Http2|Connection id "0HN32PVGL6F5D" sending HEADERS frame for stream ID 3 with length 74 and flags END_HEADERS.
2024-04-22 16:30:05.3618|TRACE|Microsoft.AspNetCore.Server.Kestrel.Http2|Connection id "0HN32PVGL6F5D" sending DATA frame for stream ID 3 with length 29 and flags NONE.
2024-04-22 16:30:05.3618|TRACE|Microsoft.AspNetCore.Server.Kestrel.Http2|Connection id "0HN32PVGL6F5D" sending DATA frame for stream ID 3 with length 0 and flags END_STREAM.
2024-04-22 16:30:07.4489|TRACE|Microsoft.AspNetCore.Server.Kestrel.Http2|Connection id "0HN32PVGL6F5E" sending SETTINGS frame for stream ID 0 with length 18 and flags NONE.
2024-04-22 16:30:07.4489|TRACE|Microsoft.AspNetCore.Server.Kestrel.Http2|Connection id "0HN32PVGL6F5E" sending WINDOW_UPDATE frame for stream ID 0 with length 4 and flags 0x0.
2024-04-22 16:30:07.4521|TRACE|Microsoft.AspNetCore.Server.Kestrel.Http2|Connection id "0HN32PVGL6F5E" received SETTINGS frame for stream ID 0 with length 6 and flags NONE.
2024-04-22 16:30:07.4521|TRACE|Microsoft.AspNetCore.Server.Kestrel.Http2|Connection id "0HN32PVGL6F5E" sending SETTINGS frame for stream ID 0 with length 0 and flags ACK.
2024-04-22 16:30:07.4521|TRACE|Microsoft.AspNetCore.Server.Kestrel.Http2|Connection id "0HN32PVGL6F5E" received WINDOW_UPDATE frame for stream ID 0 with length 4 and flags 0x0.
2024-04-22 16:30:07.4521|TRACE|Microsoft.AspNetCore.Server.Kestrel.Http2|Connection id "0HN32PVGL6F5E" received HEADERS frame for stream ID 3 with length 42 and flags END_STREAM, END_HEADERS.
2024-04-22 16:30:07.4666|TRACE|Microsoft.AspNetCore.Server.Kestrel.Http2|Connection id "0HN32PVGL6F5E" sending HEADERS frame for stream ID 3 with length 74 and flags END_HEADERS.
2024-04-22 16:30:07.4666|TRACE|Microsoft.AspNetCore.Server.Kestrel.Http2|Connection id "0HN32PVGL6F5E" sending DATA frame for stream ID 3 with length 31 and flags NONE.
2024-04-22 16:30:07.4666|TRACE|Microsoft.AspNetCore.Server.Kestrel.Http2|Connection id "0HN32PVGL6F5E" sending DATA frame for stream ID 3 with length 0 and flags END_STREAM.
2024-04-22 16:30:07.4666|TRACE|Microsoft.AspNetCore.Server.Kestrel.Http2|Connection id "0HN32PVGL6F5E" received SETTINGS frame for stream ID 0 with length 0 and flags ACK.
2024-04-22 16:30:07.6788|TRACE|Microsoft.AspNetCore.Server.Kestrel.Http2|Connection id "0HN32PVGL6F5E" received HEADERS frame for stream ID 5 with length 60 and flags END_STREAM, END_HEADERS.
2024-04-22 16:30:07.7086|TRACE|Microsoft.AspNetCore.Server.Kestrel.Http2|Connection id "0HN32PVGL6F5E" sending HEADERS frame for stream ID 5 with length 34 and flags END_HEADERS.
2024-04-22 16:30:07.7086|TRACE|Microsoft.AspNetCore.Server.Kestrel.Http2|Connection id "0HN32PVGL6F5E" sending DATA frame for stream ID 5 with length 241 and flags NONE.
2024-04-22 16:30:07.7086|TRACE|Microsoft.AspNetCore.Server.Kestrel.Http2|Connection id "0HN32PVGL6F5E" sending DATA frame for stream ID 5 with length 0 and flags END_STREAM.
2024-04-22 16:30:07.7283|TRACE|Microsoft.AspNetCore.Server.Kestrel.Http2|Connection id "0HN32PVGL6F5E" received HEADERS frame for stream ID 7 with length 24 and flags END_STREAM, END_HEADERS.
2024-04-22 16:30:07.7372|TRACE|Microsoft.AspNetCore.Server.Kestrel.Http2|Connection id "0HN32PVGL6F5E" sending HEADERS frame for stream ID 7 with length 4 and flags END_HEADERS.
2024-04-22 16:30:07.7372|TRACE|Microsoft.AspNetCore.Server.Kestrel.Http2|Connection id "0HN32PVGL6F5E" sending DATA frame for stream ID 7 with length 156 and flags NONE.
2024-04-22 16:30:07.7372|TRACE|Microsoft.AspNetCore.Server.Kestrel.Http2|Connection id "0HN32PVGL6F5E" sending DATA frame for stream ID 7 with length 0 and flags END_STREAM.
2024-04-22 16:30:10.2381|TRACE|Microsoft.AspNetCore.Server.Kestrel.Http2|Connection id "0HN32PVGL6F5D" received HEADERS frame for stream ID 5 with length 15 and flags END_STREAM, END_HEADERS.
2024-04-22 16:30:10.2404|TRACE|Microsoft.AspNetCore.Server.Kestrel.Http2|Connection id "0HN32PVGL6F5D" sending HEADERS frame for stream ID 5 with length 34 and flags END_HEADERS.
2024-04-22 16:30:10.2404|TRACE|Microsoft.AspNetCore.Server.Kestrel.Http2|Connection id "0HN32PVGL6F5D" sending DATA frame for stream ID 5 with length 29 and flags NONE.
2024-04-22 16:30:10.2404|TRACE|Microsoft.AspNetCore.Server.Kestrel.Http2|Connection id "0HN32PVGL6F5D" sending DATA frame for stream ID 5 with length 0 and flags END_STREAM.
2024-04-22 16:30:15.2312|TRACE|Microsoft.AspNetCore.Server.Kestrel.Http2|Connection id "0HN32PVGL6F5D" received HEADERS frame for stream ID 7 with length 15 and flags END_STREAM, END_HEADERS.
2024-04-22 16:30:15.2391|TRACE|Microsoft.AspNetCore.Server.Kestrel.Http2|Connection id "0HN32PVGL6F5D" sending HEADERS frame for stream ID 7 with length 34 and flags END_HEADERS.
2024-04-22 16:30:15.2391|TRACE|Microsoft.AspNetCore.Server.Kestrel.Http2|Connection id "0HN32PVGL6F5D" sending DATA frame for stream ID 7 with length 29 and flags NONE.
2024-04-22 16:30:15.2391|TRACE|Microsoft.AspNetCore.Server.Kestrel.Http2|Connection id "0HN32PVGL6F5D" sending DATA frame for stream ID 7 with length 0 and flags END_STREAM.
2024-04-22 16:30:20.2389|TRACE|Microsoft.AspNetCore.Server.Kestrel.Http2|Connection id "0HN32PVGL6F5D" received HEADERS frame for stream ID 9 with length 15 and flags END_STREAM, END_HEADERS.
2024-04-22 16:30:20.2389|TRACE|Microsoft.AspNetCore.Server.Kestrel.Http2|Connection id "0HN32PVGL6F5D" sending HEADERS frame for stream ID 9 with length 34 and flags END_HEADERS.
2024-04-22 16:30:20.2389|TRACE|Microsoft.AspNetCore.Server.Kestrel.Http2|Connection id "0HN32PVGL6F5D" sending DATA frame for stream ID 9 with length 29 and flags NONE.
2024-04-22 16:30:20.2389|TRACE|Microsoft.AspNetCore.Server.Kestrel.Http2|Connection id "0HN32PVGL6F5D" sending DATA frame for stream ID 9 with length 0 and flags END_STREAM.
2024-04-22 16:30:25.2538|TRACE|Microsoft.AspNetCore.Server.Kestrel.Http2|Connection id "0HN32PVGL6F5D" received HEADERS frame for stream ID 11 with length 15 and flags END_STREAM, END_HEADERS.
2024-04-22 16:30:25.2538|TRACE|Microsoft.AspNetCore.Server.Kestrel.Http2|Connection id "0HN32PVGL6F5D" sending HEADERS frame for stream ID 11 with length 34 and flags END_HEADERS.
2024-04-22 16:30:25.2538|TRACE|Microsoft.AspNetCore.Server.Kestrel.Http2|Connection id "0HN32PVGL6F5D" sending DATA frame for stream ID 11 with length 29 and flags NONE.
2024-04-22 16:30:25.2643|TRACE|Microsoft.AspNetCore.Server.Kestrel.Http2|Connection id "0HN32PVGL6F5D" sending DATA frame for stream ID 11 with length 0 and flags END_STREAM.
2024-04-22 16:30:47.6937|TRACE|Microsoft.AspNetCore.Server.Kestrel.Http2|Connection id "0HN32PVGL6F5D" received HEADERS frame for stream ID 13 with length 15 and flags END_STREAM, END_HEADERS.
2024-04-22 16:30:47.7029|TRACE|Microsoft.AspNetCore.Server.Kestrel.Http2|Connection id "0HN32PVGL6F5D" sending HEADERS frame for stream ID 13 with length 34 and flags END_HEADERS.
2024-04-22 16:30:47.7029|TRACE|Microsoft.AspNetCore.Server.Kestrel.Http2|Connection id "0HN32PVGL6F5D" sending DATA frame for stream ID 13 with length 29 and flags NONE.
2024-04-22 16:30:47.7029|TRACE|Microsoft.AspNetCore.Server.Kestrel.Http2|Connection id "0HN32PVGL6F5D" sending DATA frame for stream ID 13 with length 0 and flags END_STREAM.
2024-04-22 16:30:52.6818|TRACE|Microsoft.AspNetCore.Server.Kestrel.Http2|Connection id "0HN32PVGL6F5D" received HEADERS frame for stream ID 15 with length 15 and flags END_STREAM, END_HEADERS.
2024-04-22 16:30:52.6909|TRACE|Microsoft.AspNetCore.Server.Kestrel.Http2|Connection id "0HN32PVGL6F5D" sending HEADERS frame for stream ID 15 with length 34 and flags END_HEADERS.
2024-04-22 16:30:52.6909|TRACE|Microsoft.AspNetCore.Server.Kestrel.Http2|Connection id "0HN32PVGL6F5D" sending DATA frame for stream ID 15 with length 29 and flags NONE.
2024-04-22 16:30:52.6909|TRACE|Microsoft.AspNetCore.Server.Kestrel.Http2|Connection id "0HN32PVGL6F5D" sending DATA frame for stream ID 15 with length 0 and flags END_STREAM.
2024-04-22 16:30:57.7082|TRACE|Microsoft.AspNetCore.Server.Kestrel.Http2|Connection id "0HN32PVGL6F5D" received HEADERS frame for stream ID 17 with length 15 and flags END_STREAM, END_HEADERS.
2024-04-22 16:30:57.7103|TRACE|Microsoft.AspNetCore.Server.Kestrel.Http2|Connection id "0HN32PVGL6F5D" sending HEADERS frame for stream ID 17 with length 34 and flags END_HEADERS.
2024-04-22 16:30:57.7103|TRACE|Microsoft.AspNetCore.Server.Kestrel.Http2|Connection id "0HN32PVGL6F5D" sending DATA frame for stream ID 17 with length 29 and flags NONE.
2024-04-22 16:30:57.7103|TRACE|Microsoft.AspNetCore.Server.Kestrel.Http2|Connection id "0HN32PVGL6F5D" sending DATA frame for stream ID 17 with length 0 and flags END_STREAM.
2024-04-22 16:31:03.4297|TRACE|Microsoft.AspNetCore.Server.Kestrel.Http2|Connection id "0HN32PVGL6F5D" received HEADERS frame for stream ID 19 with length 15 and flags END_STREAM, END_HEADERS.
2024-04-22 16:31:03.4379|TRACE|Microsoft.AspNetCore.Server.Kestrel.Http2|Connection id "0HN32PVGL6F5D" sending HEADERS frame for stream ID 19 with length 34 and flags END_HEADERS.
2024-04-22 16:31:03.4379|TRACE|Microsoft.AspNetCore.Server.Kestrel.Http2|Connection id "0HN32PVGL6F5D" sending DATA frame for stream ID 19 with length 29 and flags NONE.
2024-04-22 16:31:03.4379|TRACE|Microsoft.AspNetCore.Server.Kestrel.Http2|Connection id "0HN32PVGL6F5D" sending DATA frame for stream ID 19 with length 0 and flags END_STREAM.
2024-04-22 16:31:08.8253|TRACE|Microsoft.AspNetCore.Server.Kestrel.Http2|Connection id "0HN32PVGL6F5D" received HEADERS frame for stream ID 21 with length 15 and flags END_STREAM, END_HEADERS.
2024-04-22 16:31:08.8339|TRACE|Microsoft.AspNetCore.Server.Kestrel.Http2|Connection id "0HN32PVGL6F5D" sending HEADERS frame for stream ID 21 with length 34 and flags END_HEADERS.
2024-04-22 16:31:08.8339|TRACE|Microsoft.AspNetCore.Server.Kestrel.Http2|Connection id "0HN32PVGL6F5D" sending DATA frame for stream ID 21 with length 29 and flags NONE.
2024-04-22 16:31:08.8339|TRACE|Microsoft.AspNetCore.Server.Kestrel.Http2|Connection id "0HN32PVGL6F5D" sending DATA frame for stream ID 21 with length 0 and flags END_STREAM.
2024-04-22 16:31:14.7676|TRACE|Microsoft.AspNetCore.Server.Kestrel.Http2|Connection id "0HN32PVGL6F5D" received HEADERS frame for stream ID 23 with length 15 and flags END_STREAM, END_HEADERS.
2024-04-22 16:31:14.7732|TRACE|Microsoft.AspNetCore.Server.Kestrel.Http2|Connection id "0HN32PVGL6F5D" sending HEADERS frame for stream ID 23 with length 34 and flags END_HEADERS.
2024-04-22 16:31:14.7732|TRACE|Microsoft.AspNetCore.Server.Kestrel.Http2|Connection id "0HN32PVGL6F5D" sending DATA frame for stream ID 23 with length 29 and flags NONE.
2024-04-22 16:31:14.7732|TRACE|Microsoft.AspNetCore.Server.Kestrel.Http2|Connection id "0HN32PVGL6F5D" sending DATA frame for stream ID 23 with length 0 and flags END_STREAM.
2024-04-22 16:31:28.4382|TRACE|Microsoft.AspNetCore.Server.Kestrel.Http2|Connection id "0HN32PVGL6F5D" received HEADERS frame for stream ID 25 with length 15 and flags END_STREAM, END_HEADERS.
2024-04-22 16:31:28.4465|TRACE|Microsoft.AspNetCore.Server.Kestrel.Http2|Connection id "0HN32PVGL6F5D" sending HEADERS frame for stream ID 25 with length 34 and flags END_HEADERS.
2024-04-22 16:31:28.4465|TRACE|Microsoft.AspNetCore.Server.Kestrel.Http2|Connection id "0HN32PVGL6F5D" sending DATA frame for stream ID 25 with length 29 and flags NONE.
2024-04-22 16:31:28.4465|TRACE|Microsoft.AspNetCore.Server.Kestrel.Http2|Connection id "0HN32PVGL6F5D" sending DATA frame for stream ID 25 with length 0 and flags END_STREAM.
2024-04-22 16:31:36.5050|TRACE|Microsoft.AspNetCore.Server.Kestrel.Http2|Connection id "0HN32PVGL6F5D" received HEADERS frame for stream ID 27 with length 15 and flags END_STREAM, END_HEADERS.
2024-04-22 16:31:36.5050|TRACE|Microsoft.AspNetCore.Server.Kestrel.Http2|Connection id "0HN32PVGL6F5D" sending HEADERS frame for stream ID 27 with length 34 and flags END_HEADERS.
2024-04-22 16:31:36.5050|TRACE|Microsoft.AspNetCore.Server.Kestrel.Http2|Connection id "0HN32PVGL6F5D" sending DATA frame for stream ID 27 with length 29 and flags NONE.
2024-04-22 16:31:36.5050|TRACE|Microsoft.AspNetCore.Server.Kestrel.Http2|Connection id "0HN32PVGL6F5D" sending DATA frame for stream ID 27 with length 0 and flags END_STREAM.
2024-04-22 16:31:41.6692|TRACE|Microsoft.AspNetCore.Server.Kestrel.Http2|Connection id "0HN32PVGL6F5D" received HEADERS frame for stream ID 29 with length 15 and flags END_STREAM, END_HEADERS.
2024-04-22 16:31:41.6726|TRACE|Microsoft.AspNetCore.Server.Kestrel.Http2|Connection id "0HN32PVGL6F5D" sending HEADERS frame for stream ID 29 with length 34 and flags END_HEADERS.
2024-04-22 16:31:41.6726|TRACE|Microsoft.AspNetCore.Server.Kestrel.Http2|Connection id "0HN32PVGL6F5D" sending DATA frame for stream ID 29 with length 29 and flags NONE.
2024-04-22 16:31:41.6726|TRACE|Microsoft.AspNetCore.Server.Kestrel.Http2|Connection id "0HN32PVGL6F5D" sending DATA frame for stream ID 29 with length 0 and flags END_STREAM.
2024-04-22 16:31:46.9261|TRACE|Microsoft.AspNetCore.Server.Kestrel.Http2|Connection id "0HN32PVGL6F5D" received HEADERS frame for stream ID 31 with length 15 and flags END_STREAM, END_HEADERS.
2024-04-22 16:31:46.9363|TRACE|Microsoft.AspNetCore.Server.Kestrel.Http2|Connection id "0HN32PVGL6F5D" sending HEADERS frame for stream ID 31 with length 34 and flags END_HEADERS.
2024-04-22 16:31:46.9363|TRACE|Microsoft.AspNetCore.Server.Kestrel.Http2|Connection id "0HN32PVGL6F5D" sending DATA frame for stream ID 31 with length 29 and flags NONE.
2024-04-22 16:31:46.9363|TRACE|Microsoft.AspNetCore.Server.Kestrel.Http2|Connection id "0HN32PVGL6F5D" sending DATA frame for stream ID 31 with length 0 and flags END_STREAM.
2024-04-22 16:33:43.5189|TRACE|Microsoft.AspNetCore.Server.Kestrel.Http2|Connection id "0HN32PVGL6F5D" received HEADERS frame for stream ID 33 with length 15 and flags END_STREAM, END_HEADERS.
2024-04-22 16:33:43.5301|TRACE|Microsoft.AspNetCore.Server.Kestrel.Http2|Connection id "0HN32PVGL6F5D" sending HEADERS frame for stream ID 33 with length 34 and flags END_HEADERS.
2024-04-22 16:33:43.5301|TRACE|Microsoft.AspNetCore.Server.Kestrel.Http2|Connection id "0HN32PVGL6F5D" sending DATA frame for stream ID 33 with length 29 and flags NONE.
2024-04-22 16:33:43.5301|TRACE|Microsoft.AspNetCore.Server.Kestrel.Http2|Connection id "0HN32PVGL6F5D" sending DATA frame for stream ID 33 with length 0 and flags END_STREAM.
2024-04-22 16:35:06.4891|TRACE|Microsoft.AspNetCore.Server.Kestrel.Http2|Connection id "0HN32PVGL6F5D" received HEADERS frame for stream ID 35 with length 15 and flags END_STREAM, END_HEADERS.
2024-04-22 16:35:06.5000|TRACE|Microsoft.AspNetCore.Server.Kestrel.Http2|Connection id "0HN32PVGL6F5D" sending HEADERS frame for stream ID 35 with length 34 and flags END_HEADERS.
2024-04-22 16:35:06.5000|TRACE|Microsoft.AspNetCore.Server.Kestrel.Http2|Connection id "0HN32PVGL6F5D" sending DATA frame for stream ID 35 with length 29 and flags NONE.
2024-04-22 16:35:06.5000|TRACE|Microsoft.AspNetCore.Server.Kestrel.Http2|Connection id "0HN32PVGL6F5D" sending DATA frame for stream ID 35 with length 0 and flags END_STREAM.
2024-04-22 16:35:07.7668|DEBUG|Microsoft.AspNetCore.Server.Kestrel.Http2|Connection id "0HN32PVGL6F5E" is closed. The last processed stream ID was 7.
2024-04-22 16:35:25.7229|TRACE|Microsoft.AspNetCore.Server.Kestrel.Http2|Connection id "0HN32PVGL6F5D" received HEADERS frame for stream ID 37 with length 15 and flags END_STREAM, END_HEADERS.
2024-04-22 16:35:25.7229|TRACE|Microsoft.AspNetCore.Server.Kestrel.Http2|Connection id "0HN32PVGL6F5D" sending HEADERS frame for stream ID 37 with length 34 and flags END_HEADERS.
2024-04-22 16:35:25.7229|TRACE|Microsoft.AspNetCore.Server.Kestrel.Http2|Connection id "0HN32PVGL6F5D" sending DATA frame for stream ID 37 with length 29 and flags NONE.
2024-04-22 16:35:25.7229|TRACE|Microsoft.AspNetCore.Server.Kestrel.Http2|Connection id "0HN32PVGL6F5D" sending DATA frame for stream ID 37 with length 0 and flags END_STREAM.
2024-04-22 16:36:14.6274|TRACE|Microsoft.AspNetCore.Server.Kestrel.Http2|Connection id "0HN32PVGL6F5D" received HEADERS frame for stream ID 39 with length 15 and flags END_STREAM, END_HEADERS.
2024-04-22 16:36:14.6480|TRACE|Microsoft.AspNetCore.Server.Kestrel.Http2|Connection id "0HN32PVGL6F5D" sending HEADERS frame for stream ID 39 with length 34 and flags END_HEADERS.
2024-04-22 16:36:14.6480|TRACE|Microsoft.AspNetCore.Server.Kestrel.Http2|Connection id "0HN32PVGL6F5D" sending DATA frame for stream ID 39 with length 29 and flags NONE.
2024-04-22 16:36:14.6480|TRACE|Microsoft.AspNetCore.Server.Kestrel.Http2|Connection id "0HN32PVGL6F5D" sending DATA frame for stream ID 39 with length 0 and flags END_STREAM.
2024-04-22 16:36:19.5300|TRACE|Microsoft.AspNetCore.Server.Kestrel.Http2|Connection id "0HN32PVGL6F5D" received HEADERS frame for stream ID 41 with length 15 and flags END_STREAM, END_HEADERS.
2024-04-22 16:36:19.5300|TRACE|Microsoft.AspNetCore.Server.Kestrel.Http2|Connection id "0HN32PVGL6F5D" sending HEADERS frame for stream ID 41 with length 34 and flags END_HEADERS.
2024-04-22 16:36:19.5300|TRACE|Microsoft.AspNetCore.Server.Kestrel.Http2|Connection id "0HN32PVGL6F5D" sending DATA frame for stream ID 41 with length 29 and flags NONE.
2024-04-22 16:36:19.5300|TRACE|Microsoft.AspNetCore.Server.Kestrel.Http2|Connection id "0HN32PVGL6F5D" sending DATA frame for stream ID 41 with length 0 and flags END_STREAM.
2024-04-22 16:36:44.0453|TRACE|Microsoft.AspNetCore.Server.Kestrel.Http2|Connection id "0HN32PVGL6F5D" received HEADERS frame for stream ID 43 with length 15 and flags END_STREAM, END_HEADERS.
2024-04-22 16:36:44.0537|TRACE|Microsoft.AspNetCore.Server.Kestrel.Http2|Connection id "0HN32PVGL6F5D" sending HEADERS frame for stream ID 43 with length 34 and flags END_HEADERS.
2024-04-22 16:36:44.0537|TRACE|Microsoft.AspNetCore.Server.Kestrel.Http2|Connection id "0HN32PVGL6F5D" sending DATA frame for stream ID 43 with length 29 and flags NONE.
2024-04-22 16:36:44.0537|TRACE|Microsoft.AspNetCore.Server.Kestrel.Http2|Connection id "0HN32PVGL6F5D" sending DATA frame for stream ID 43 with length 0 and flags END_STREAM.
2024-04-22 16:39:05.1555|TRACE|Microsoft.AspNetCore.Server.Kestrel.Http2|Connection id "0HN32PVGL6F5D" received HEADERS frame for stream ID 45 with length 15 and flags END_STREAM, END_HEADERS.
2024-04-22 16:39:05.1669|TRACE|Microsoft.AspNetCore.Server.Kestrel.Http2|Connection id "0HN32PVGL6F5D" sending HEADERS frame for stream ID 45 with length 34 and flags END_HEADERS.
2024-04-22 16:39:05.1669|TRACE|Microsoft.AspNetCore.Server.Kestrel.Http2|Connection id "0HN32PVGL6F5D" sending DATA frame for stream ID 45 with length 29 and flags NONE.
2024-04-22 16:39:05.1669|TRACE|Microsoft.AspNetCore.Server.Kestrel.Http2|Connection id "0HN32PVGL6F5D" sending DATA frame for stream ID 45 with length 0 and flags END_STREAM.
2024-04-22 16:39:10.0986|TRACE|Microsoft.AspNetCore.Server.Kestrel.Http2|Connection id "0HN32PVGL6F5D" received HEADERS frame for stream ID 47 with length 15 and flags END_STREAM, END_HEADERS.
2024-04-22 16:39:10.1048|TRACE|Microsoft.AspNetCore.Server.Kestrel.Http2|Connection id "0HN32PVGL6F5D" sending HEADERS frame for stream ID 47 with length 34 and flags END_HEADERS.
2024-04-22 16:39:10.1048|TRACE|Microsoft.AspNetCore.Server.Kestrel.Http2|Connection id "0HN32PVGL6F5D" sending DATA frame for stream ID 47 with length 29 and flags NONE.
2024-04-22 16:39:10.1048|TRACE|Microsoft.AspNetCore.Server.Kestrel.Http2|Connection id "0HN32PVGL6F5D" sending DATA frame for stream ID 47 with length 0 and flags END_STREAM.
2024-04-22 16:39:18.7004|TRACE|Microsoft.AspNetCore.Server.Kestrel.Http2|Connection id "0HN32PVGL6F5D" received HEADERS frame for stream ID 49 with length 15 and flags END_STREAM, END_HEADERS.
2024-04-22 16:39:18.7079|TRACE|Microsoft.AspNetCore.Server.Kestrel.Http2|Connection id "0HN32PVGL6F5D" sending HEADERS frame for stream ID 49 with length 34 and flags END_HEADERS.
2024-04-22 16:39:18.7079|TRACE|Microsoft.AspNetCore.Server.Kestrel.Http2|Connection id "0HN32PVGL6F5D" sending DATA frame for stream ID 49 with length 29 and flags NONE.
2024-04-22 16:39:18.7079|TRACE|Microsoft.AspNetCore.Server.Kestrel.Http2|Connection id "0HN32PVGL6F5D" sending DATA frame for stream ID 49 with length 0 and flags END_STREAM.
2024-04-22 16:39:43.5897|TRACE|Microsoft.AspNetCore.Server.Kestrel.Http2|Connection id "0HN32PVGL6F5D" received HEADERS frame for stream ID 51 with length 15 and flags END_STREAM, END_HEADERS.
2024-04-22 16:39:43.5936|TRACE|Microsoft.AspNetCore.Server.Kestrel.Http2|Connection id "0HN32PVGL6F5D" sending HEADERS frame for stream ID 51 with length 34 and flags END_HEADERS.
2024-04-22 16:39:43.5936|TRACE|Microsoft.AspNetCore.Server.Kestrel.Http2|Connection id "0HN32PVGL6F5D" sending DATA frame for stream ID 51 with length 29 and flags NONE.
2024-04-22 16:39:43.5936|TRACE|Microsoft.AspNetCore.Server.Kestrel.Http2|Connection id "0HN32PVGL6F5D" sending DATA frame for stream ID 51 with length 0 and flags END_STREAM.
2024-04-22 16:39:48.6120|TRACE|Microsoft.AspNetCore.Server.Kestrel.Http2|Connection id "0HN32PVGL6F5D" received HEADERS frame for stream ID 53 with length 15 and flags END_STREAM, END_HEADERS.
2024-04-22 16:39:48.6120|TRACE|Microsoft.AspNetCore.Server.Kestrel.Http2|Connection id "0HN32PVGL6F5D" sending HEADERS frame for stream ID 53 with length 34 and flags END_HEADERS.
2024-04-22 16:39:48.6261|TRACE|Microsoft.AspNetCore.Server.Kestrel.Http2|Connection id "0HN32PVGL6F5D" sending DATA frame for stream ID 53 with length 29 and flags NONE.
2024-04-22 16:39:48.6261|TRACE|Microsoft.AspNetCore.Server.Kestrel.Http2|Connection id "0HN32PVGL6F5D" sending DATA frame for stream ID 53 with length 0 and flags END_STREAM.
2024-04-22 16:41:24.3835|TRACE|Microsoft.AspNetCore.Server.Kestrel.Http2|Connection id "0HN32PVGL6F5D" received HEADERS frame for stream ID 55 with length 15 and flags END_STREAM, END_HEADERS.
2024-04-22 16:41:24.3920|TRACE|Microsoft.AspNetCore.Server.Kestrel.Http2|Connection id "0HN32PVGL6F5D" sending HEADERS frame for stream ID 55 with length 34 and flags END_HEADERS.
2024-04-22 16:41:24.3920|TRACE|Microsoft.AspNetCore.Server.Kestrel.Http2|Connection id "0HN32PVGL6F5D" sending DATA frame for stream ID 55 with length 29 and flags NONE.
2024-04-22 16:41:24.3920|TRACE|Microsoft.AspNetCore.Server.Kestrel.Http2|Connection id "0HN32PVGL6F5D" sending DATA frame for stream ID 55 with length 0 and flags END_STREAM.
2024-04-22 16:43:42.1004|DEBUG|Microsoft.AspNetCore.Server.Kestrel.Http2|Connection id "0HN32PVGL6F5D" is closed. The last processed stream ID was 55.
2024-04-22 17:01:15.9315|TRACE|Microsoft.AspNetCore.Server.Kestrel.Http2|Connection id "0HN32PVGL6F5F" sending SETTINGS frame for stream ID 0 with length 18 and flags NONE.
2024-04-22 17:01:15.9315|TRACE|Microsoft.AspNetCore.Server.Kestrel.Http2|Connection id "0HN32PVGL6F5F" sending WINDOW_UPDATE frame for stream ID 0 with length 4 and flags 0x0.
2024-04-22 17:01:15.9315|TRACE|Microsoft.AspNetCore.Server.Kestrel.Http2|Connection id "0HN32PVGL6F5F" received SETTINGS frame for stream ID 0 with length 6 and flags NONE.
2024-04-22 17:01:15.9315|TRACE|Microsoft.AspNetCore.Server.Kestrel.Http2|Connection id "0HN32PVGL6F5F" sending SETTINGS frame for stream ID 0 with length 0 and flags ACK.
2024-04-22 17:01:15.9315|TRACE|Microsoft.AspNetCore.Server.Kestrel.Http2|Connection id "0HN32PVGL6F5F" received WINDOW_UPDATE frame for stream ID 0 with length 4 and flags 0x0.
2024-04-22 17:01:15.9418|TRACE|Microsoft.AspNetCore.Server.Kestrel.Http2|Connection id "0HN32PVGL6F5F" received HEADERS frame for stream ID 3 with length 89 and flags END_STREAM, END_HEADERS.
2024-04-22 17:01:15.9996|TRACE|Microsoft.AspNetCore.Server.Kestrel.Http2|Connection id "0HN32PVGL6F5F" received SETTINGS frame for stream ID 0 with length 0 and flags ACK.
2024-04-22 17:01:16.0739|TRACE|Microsoft.AspNetCore.Server.Kestrel.Http2|Connection id "0HN32PVGL6F5F" sending HEADERS frame for stream ID 3 with length 74 and flags END_HEADERS.
2024-04-22 17:01:16.0739|TRACE|Microsoft.AspNetCore.Server.Kestrel.Http2|Connection id "0HN32PVGL6F5F" sending DATA frame for stream ID 3 with length 241 and flags NONE.
2024-04-22 17:01:16.0739|TRACE|Microsoft.AspNetCore.Server.Kestrel.Http2|Connection id "0HN32PVGL6F5F" sending DATA frame for stream ID 3 with length 0 and flags END_STREAM.
2024-04-22 17:01:27.9317|TRACE|Microsoft.AspNetCore.Server.Kestrel.Http2|Connection id "0HN32PVGL6F5F" received HEADERS frame for stream ID 5 with length 13 and flags END_STREAM, END_HEADERS.
2024-04-22 17:01:27.9609|TRACE|Microsoft.AspNetCore.Server.Kestrel.Http2|Connection id "0HN32PVGL6F5F" sending HEADERS frame for stream ID 5 with length 34 and flags END_HEADERS.
2024-04-22 17:01:27.9609|TRACE|Microsoft.AspNetCore.Server.Kestrel.Http2|Connection id "0HN32PVGL6F5F" sending DATA frame for stream ID 5 with length 31 and flags NONE.
2024-04-22 17:01:27.9609|TRACE|Microsoft.AspNetCore.Server.Kestrel.Http2|Connection id "0HN32PVGL6F5F" sending DATA frame for stream ID 5 with length 0 and flags END_STREAM.
2024-04-22 17:01:28.0328|TRACE|Microsoft.AspNetCore.Server.Kestrel.Http2|Connection id "0HN32PVGL6F5F" received HEADERS frame for stream ID 7 with length 60 and flags END_STREAM, END_HEADERS.
2024-04-22 17:01:28.0378|TRACE|Microsoft.AspNetCore.Server.Kestrel.Http2|Connection id "0HN32PVGL6F5F" sending HEADERS frame for stream ID 7 with length 4 and flags END_HEADERS.
2024-04-22 17:01:28.0378|TRACE|Microsoft.AspNetCore.Server.Kestrel.Http2|Connection id "0HN32PVGL6F5F" sending DATA frame for stream ID 7 with length 241 and flags NONE.
2024-04-22 17:01:28.0378|TRACE|Microsoft.AspNetCore.Server.Kestrel.Http2|Connection id "0HN32PVGL6F5F" sending DATA frame for stream ID 7 with length 0 and flags END_STREAM.
2024-04-22 17:01:28.0543|TRACE|Microsoft.AspNetCore.Server.Kestrel.Http2|Connection id "0HN32PVGL6F5F" received HEADERS frame for stream ID 9 with length 24 and flags END_STREAM, END_HEADERS.
2024-04-22 17:01:28.0543|TRACE|Microsoft.AspNetCore.Server.Kestrel.Http2|Connection id "0HN32PVGL6F5F" sending HEADERS frame for stream ID 9 with length 4 and flags END_HEADERS.
2024-04-22 17:01:28.0543|TRACE|Microsoft.AspNetCore.Server.Kestrel.Http2|Connection id "0HN32PVGL6F5F" sending DATA frame for stream ID 9 with length 156 and flags NONE.
2024-04-22 17:01:28.0543|TRACE|Microsoft.AspNetCore.Server.Kestrel.Http2|Connection id "0HN32PVGL6F5F" sending DATA frame for stream ID 9 with length 0 and flags END_STREAM.
2024-04-22 17:01:39.0850|DEBUG|Microsoft.AspNetCore.Server.Kestrel.Http2|Connection id "0HN32PVGL6F5F" is closed. The last processed stream ID was 9.
2024-04-22 17:01:44.5337|TRACE|Microsoft.AspNetCore.Server.Kestrel.Http2|Connection id "0HN32PVGL6F5G" sending SETTINGS frame for stream ID 0 with length 18 and flags NONE.
2024-04-22 17:01:44.5337|TRACE|Microsoft.AspNetCore.Server.Kestrel.Http2|Connection id "0HN32PVGL6F5G" sending WINDOW_UPDATE frame for stream ID 0 with length 4 and flags 0x0.
2024-04-22 17:01:44.5337|TRACE|Microsoft.AspNetCore.Server.Kestrel.Http2|Connection id "0HN32PVGL6F5G" received SETTINGS frame for stream ID 0 with length 6 and flags NONE.
2024-04-22 17:01:44.5337|TRACE|Microsoft.AspNetCore.Server.Kestrel.Http2|Connection id "0HN32PVGL6F5G" sending SETTINGS frame for stream ID 0 with length 0 and flags ACK.
2024-04-22 17:01:44.5337|TRACE|Microsoft.AspNetCore.Server.Kestrel.Http2|Connection id "0HN32PVGL6F5G" received WINDOW_UPDATE frame for stream ID 0 with length 4 and flags 0x0.
2024-04-22 17:01:44.5465|TRACE|Microsoft.AspNetCore.Server.Kestrel.Http2|Connection id "0HN32PVGL6F5G" received HEADERS frame for stream ID 3 with length 42 and flags END_STREAM, END_HEADERS.
2024-04-22 17:01:44.5465|TRACE|Microsoft.AspNetCore.Server.Kestrel.Http2|Connection id "0HN32PVGL6F5G" received SETTINGS frame for stream ID 0 with length 0 and flags ACK.
2024-04-22 17:01:44.5465|TRACE|Microsoft.AspNetCore.Server.Kestrel.Http2|Connection id "0HN32PVGL6F5G" sending HEADERS frame for stream ID 3 with length 74 and flags END_HEADERS.
2024-04-22 17:01:44.5465|TRACE|Microsoft.AspNetCore.Server.Kestrel.Http2|Connection id "0HN32PVGL6F5G" sending DATA frame for stream ID 3 with length 31 and flags NONE.
2024-04-22 17:01:44.5465|TRACE|Microsoft.AspNetCore.Server.Kestrel.Http2|Connection id "0HN32PVGL6F5G" sending DATA frame for stream ID 3 with length 0 and flags END_STREAM.
2024-04-22 17:01:44.5992|TRACE|Microsoft.AspNetCore.Server.Kestrel.Http2|Connection id "0HN32PVGL6F5G" received HEADERS frame for stream ID 5 with length 60 and flags END_STREAM, END_HEADERS.
2024-04-22 17:01:44.6328|TRACE|Microsoft.AspNetCore.Server.Kestrel.Http2|Connection id "0HN32PVGL6F5G" sending HEADERS frame for stream ID 5 with length 4 and flags END_HEADERS.
2024-04-22 17:01:44.6328|TRACE|Microsoft.AspNetCore.Server.Kestrel.Http2|Connection id "0HN32PVGL6F5G" sending DATA frame for stream ID 5 with length 241 and flags NONE.
2024-04-22 17:01:44.6328|TRACE|Microsoft.AspNetCore.Server.Kestrel.Http2|Connection id "0HN32PVGL6F5G" sending DATA frame for stream ID 5 with length 0 and flags END_STREAM.
2024-04-22 17:01:44.6745|TRACE|Microsoft.AspNetCore.Server.Kestrel.Http2|Connection id "0HN32PVGL6F5G" received HEADERS frame for stream ID 7 with length 24 and flags END_STREAM, END_HEADERS.
2024-04-22 17:01:44.6745|TRACE|Microsoft.AspNetCore.Server.Kestrel.Http2|Connection id "0HN32PVGL6F5G" sending HEADERS frame for stream ID 7 with length 4 and flags END_HEADERS.
2024-04-22 17:01:44.6745|TRACE|Microsoft.AspNetCore.Server.Kestrel.Http2|Connection id "0HN32PVGL6F5G" sending DATA frame for stream ID 7 with length 156 and flags NONE.
2024-04-22 17:01:44.6859|TRACE|Microsoft.AspNetCore.Server.Kestrel.Http2|Connection id "0HN32PVGL6F5G" sending DATA frame for stream ID 7 with length 0 and flags END_STREAM.
2024-04-22 17:02:52.1380|TRACE|Microsoft.AspNetCore.Server.Kestrel.Http2|Connection id "0HN32PVGL6F5G" received HEADERS frame for stream ID 9 with length 60 and flags END_STREAM, END_HEADERS.
2024-04-22 17:02:52.1675|TRACE|Microsoft.AspNetCore.Server.Kestrel.Http2|Connection id "0HN32PVGL6F5G" sending HEADERS frame for stream ID 9 with length 34 and flags END_HEADERS.
2024-04-22 17:02:52.1675|TRACE|Microsoft.AspNetCore.Server.Kestrel.Http2|Connection id "0HN32PVGL6F5G" sending DATA frame for stream ID 9 with length 241 and flags NONE.
2024-04-22 17:02:52.1675|TRACE|Microsoft.AspNetCore.Server.Kestrel.Http2|Connection id "0HN32PVGL6F5G" sending DATA frame for stream ID 9 with length 0 and flags END_STREAM.
2024-04-22 17:02:59.3477|TRACE|Microsoft.AspNetCore.Server.Kestrel.Http2|Connection id "0HN32PVGL6F5G" received HEADERS frame for stream ID 11 with length 13 and flags END_STREAM, END_HEADERS.
2024-04-22 17:02:59.3640|TRACE|Microsoft.AspNetCore.Server.Kestrel.Http2|Connection id "0HN32PVGL6F5G" sending HEADERS frame for stream ID 11 with length 34 and flags END_HEADERS.
2024-04-22 17:02:59.3640|TRACE|Microsoft.AspNetCore.Server.Kestrel.Http2|Connection id "0HN32PVGL6F5G" sending DATA frame for stream ID 11 with length 31 and flags NONE.
2024-04-22 17:02:59.3640|TRACE|Microsoft.AspNetCore.Server.Kestrel.Http2|Connection id "0HN32PVGL6F5G" sending DATA frame for stream ID 11 with length 0 and flags END_STREAM.
2024-04-22 17:02:59.4504|TRACE|Microsoft.AspNetCore.Server.Kestrel.Http2|Connection id "0HN32PVGL6F5G" received HEADERS frame for stream ID 13 with length 60 and flags END_STREAM, END_HEADERS.
2024-04-22 17:02:59.4520|TRACE|Microsoft.AspNetCore.Server.Kestrel.Http2|Connection id "0HN32PVGL6F5G" sending HEADERS frame for stream ID 13 with length 4 and flags END_HEADERS.
2024-04-22 17:02:59.4520|TRACE|Microsoft.AspNetCore.Server.Kestrel.Http2|Connection id "0HN32PVGL6F5G" sending DATA frame for stream ID 13 with length 241 and flags NONE.
2024-04-22 17:02:59.4520|TRACE|Microsoft.AspNetCore.Server.Kestrel.Http2|Connection id "0HN32PVGL6F5G" sending DATA frame for stream ID 13 with length 0 and flags END_STREAM.
2024-04-22 17:02:59.6047|TRACE|Microsoft.AspNetCore.Server.Kestrel.Http2|Connection id "0HN32PVGL6F5G" received HEADERS frame for stream ID 15 with length 24 and flags END_STREAM, END_HEADERS.
2024-04-22 17:02:59.6075|TRACE|Microsoft.AspNetCore.Server.Kestrel.Http2|Connection id "0HN32PVGL6F5G" sending HEADERS frame for stream ID 15 with length 34 and flags END_HEADERS.
2024-04-22 17:02:59.6075|TRACE|Microsoft.AspNetCore.Server.Kestrel.Http2|Connection id "0HN32PVGL6F5G" sending DATA frame for stream ID 15 with length 156 and flags NONE.
2024-04-22 17:02:59.6075|TRACE|Microsoft.AspNetCore.Server.Kestrel.Http2|Connection id "0HN32PVGL6F5G" sending DATA frame for stream ID 15 with length 0 and flags END_STREAM.
2024-04-22 20:00:59.2515|DEBUG|Microsoft.AspNetCore.Server.Kestrel.Http2|Connection id "0HN32PVGL6F5B" is closed. The last processed stream ID was 15.
