2024-05-04 19:34:45.5106|TRACE|Microsoft.AspNetCore.Server.Kestrel.Http2|Connection id "0HN3CB0DF4H39" sending SETTINGS frame for stream ID 0 with length 18 and flags NONE.
2024-05-04 19:34:45.5958|TRACE|Microsoft.AspNetCore.Server.Kestrel.Http2|Connection id "0HN3CB0DF4H39" sending WINDOW_UPDATE frame for stream ID 0 with length 4 and flags 0x0.
2024-05-04 19:34:45.5958|TRACE|Microsoft.AspNetCore.Server.Kestrel.Http2|Connection id "0HN3CB0DF4H39" received SETTINGS frame for stream ID 0 with length 24 and flags NONE.
2024-05-04 19:34:45.6074|TRACE|Microsoft.AspNetCore.Server.Kestrel.Http2|Connection id "0HN3CB0DF4H39" sending SETTINGS frame for stream ID 0 with length 0 and flags ACK.
2024-05-04 19:34:45.6074|TRACE|Microsoft.AspNetCore.Server.Kestrel.Http2|Connection id "0HN3CB0DF4H39" received WINDOW_UPDATE frame for stream ID 0 with length 4 and flags 0x0.
2024-05-04 19:34:45.6074|TRACE|Microsoft.AspNetCore.Server.Kestrel.Http2|Connection id "0HN3CB0DF4H39" received HEADERS frame for stream ID 1 with length 580 and flags END_STREAM, END_HEADERS, PRIORITY.
2024-05-04 19:34:45.6547|TRACE|Microsoft.AspNetCore.Server.Kestrel.Http2|Connection id "0HN3CB0DF4H39" received SETTINGS frame for stream ID 0 with length 0 and flags ACK.
2024-05-04 19:34:46.0938|TRACE|Microsoft.AspNetCore.Server.Kestrel.Http2|Connection id "0HN3CB0DF4H39" sending HEADERS frame for stream ID 1 with length 66 and flags END_HEADERS.
2024-05-04 19:34:46.3495|TRACE|Microsoft.AspNetCore.Server.Kestrel.Http2|Connection id "0HN3CB0DF4H39" sending DATA frame for stream ID 1 with length 1024 and flags NONE.
2024-05-04 19:34:46.3495|TRACE|Microsoft.AspNetCore.Server.Kestrel.Http2|Connection id "0HN3CB0DF4H39" sending DATA frame for stream ID 1 with length 1024 and flags NONE.
2024-05-04 19:34:46.3495|TRACE|Microsoft.AspNetCore.Server.Kestrel.Http2|Connection id "0HN3CB0DF4H39" sending DATA frame for stream ID 1 with length 1024 and flags NONE.
2024-05-04 19:34:46.3495|TRACE|Microsoft.AspNetCore.Server.Kestrel.Http2|Connection id "0HN3CB0DF4H39" sending DATA frame for stream ID 1 with length 1024 and flags NONE.
2024-05-04 19:34:46.3495|TRACE|Microsoft.AspNetCore.Server.Kestrel.Http2|Connection id "0HN3CB0DF4H39" sending DATA frame for stream ID 1 with length 994 and flags NONE.
2024-05-04 19:34:46.3495|TRACE|Microsoft.AspNetCore.Server.Kestrel.Http2|Connection id "0HN3CB0DF4H39" sending DATA frame for stream ID 1 with length 65 and flags NONE.
2024-05-04 19:34:46.3495|TRACE|Microsoft.AspNetCore.Server.Kestrel.Http2|Connection id "0HN3CB0DF4H39" sending DATA frame for stream ID 1 with length 16 and flags NONE.
2024-05-04 19:34:46.3663|TRACE|Microsoft.AspNetCore.Server.Kestrel.Http2|Connection id "0HN3CB0DF4H39" sending DATA frame for stream ID 1 with length 0 and flags END_STREAM.
2024-05-04 19:34:46.4034|TRACE|Microsoft.AspNetCore.Server.Kestrel.Http2|Connection id "0HN3CB0DF4H39" received HEADERS frame for stream ID 3 with length 118 and flags END_STREAM, END_HEADERS, PRIORITY.
2024-05-04 19:34:46.4034|TRACE|Microsoft.AspNetCore.Server.Kestrel.Http2|Connection id "0HN3CB0DF4H39" received HEADERS frame for stream ID 5 with length 61 and flags END_STREAM, END_HEADERS, PRIORITY.
2024-05-04 19:34:46.4034|TRACE|Microsoft.AspNetCore.Server.Kestrel.Http2|Connection id "0HN3CB0DF4H39" sending HEADERS frame for stream ID 3 with length 90 and flags END_HEADERS.
2024-05-04 19:34:46.4034|TRACE|Microsoft.AspNetCore.Server.Kestrel.Http2|Connection id "0HN3CB0DF4H39" sending DATA frame for stream ID 3 with length 12356 and flags NONE.
2024-05-04 19:34:46.4191|TRACE|Microsoft.AspNetCore.Server.Kestrel.Http2|Connection id "0HN3CB0DF4H39" sending DATA frame for stream ID 3 with length 0 and flags END_STREAM.
2024-05-04 19:34:46.8407|TRACE|Microsoft.AspNetCore.Server.Kestrel.Http2|Connection id "0HN3CB0DF4H39" sending HEADERS frame for stream ID 5 with length 119 and flags END_HEADERS.
2024-05-04 19:34:46.8407|TRACE|Microsoft.AspNetCore.Server.Kestrel.Http2|Connection id "0HN3CB0DF4H39" sending DATA frame for stream ID 5 with length 9986 and flags NONE.
2024-05-04 19:34:46.8407|TRACE|Microsoft.AspNetCore.Server.Kestrel.Http2|Connection id "0HN3CB0DF4H39" sending DATA frame for stream ID 5 with length 10240 and flags NONE.
2024-05-04 19:34:46.8407|TRACE|Microsoft.AspNetCore.Server.Kestrel.Http2|Connection id "0HN3CB0DF4H39" sending DATA frame for stream ID 5 with length 10240 and flags NONE.
2024-05-04 19:34:46.8407|TRACE|Microsoft.AspNetCore.Server.Kestrel.Http2|Connection id "0HN3CB0DF4H39" sending DATA frame for stream ID 5 with length 10240 and flags NONE.
2024-05-04 19:34:46.8407|TRACE|Microsoft.AspNetCore.Server.Kestrel.Http2|Connection id "0HN3CB0DF4H39" sending DATA frame for stream ID 5 with length 10240 and flags NONE.
2024-05-04 19:34:46.8407|TRACE|Microsoft.AspNetCore.Server.Kestrel.Http2|Connection id "0HN3CB0DF4H39" sending DATA frame for stream ID 5 with length 10240 and flags NONE.
2024-05-04 19:34:46.8407|TRACE|Microsoft.AspNetCore.Server.Kestrel.Http2|Connection id "0HN3CB0DF4H39" sending DATA frame for stream ID 5 with length 10240 and flags NONE.
2024-05-04 19:34:46.8407|TRACE|Microsoft.AspNetCore.Server.Kestrel.Http2|Connection id "0HN3CB0DF4H39" sending DATA frame for stream ID 5 with length 10240 and flags NONE.
2024-05-04 19:34:46.8407|TRACE|Microsoft.AspNetCore.Server.Kestrel.Http2|Connection id "0HN3CB0DF4H39" sending DATA frame for stream ID 5 with length 10240 and flags NONE.
2024-05-04 19:34:46.8407|TRACE|Microsoft.AspNetCore.Server.Kestrel.Http2|Connection id "0HN3CB0DF4H39" sending DATA frame for stream ID 5 with length 10240 and flags NONE.
2024-05-04 19:34:46.8407|TRACE|Microsoft.AspNetCore.Server.Kestrel.Http2|Connection id "0HN3CB0DF4H39" sending DATA frame for stream ID 5 with length 10240 and flags NONE.
2024-05-04 19:34:46.8407|TRACE|Microsoft.AspNetCore.Server.Kestrel.Http2|Connection id "0HN3CB0DF4H39" sending DATA frame for stream ID 5 with length 10240 and flags NONE.
2024-05-04 19:34:46.8407|TRACE|Microsoft.AspNetCore.Server.Kestrel.Http2|Connection id "0HN3CB0DF4H39" sending DATA frame for stream ID 5 with length 10240 and flags NONE.
2024-05-04 19:34:46.8407|TRACE|Microsoft.AspNetCore.Server.Kestrel.Http2|Connection id "0HN3CB0DF4H39" sending DATA frame for stream ID 5 with length 10240 and flags NONE.
2024-05-04 19:34:46.8407|TRACE|Microsoft.AspNetCore.Server.Kestrel.Http2|Connection id "0HN3CB0DF4H39" sending DATA frame for stream ID 5 with length 10240 and flags NONE.
2024-05-04 19:34:46.8407|TRACE|Microsoft.AspNetCore.Server.Kestrel.Http2|Connection id "0HN3CB0DF4H39" sending DATA frame for stream ID 5 with length 160 and flags NONE.
2024-05-04 19:34:46.8407|TRACE|Microsoft.AspNetCore.Server.Kestrel.Http2|Connection id "0HN3CB0DF4H39" sending DATA frame for stream ID 5 with length 0 and flags END_STREAM.
2024-05-04 19:34:46.9060|TRACE|Microsoft.AspNetCore.Server.Kestrel.Http2|Connection id "0HN3CB0DF4H39" received HEADERS frame for stream ID 7 with length 77 and flags END_STREAM, END_HEADERS, PRIORITY.
2024-05-04 19:34:47.2429|TRACE|Microsoft.AspNetCore.Server.Kestrel.Http2|Connection id "0HN3CB0DF4H39" sending HEADERS frame for stream ID 7 with length 65 and flags END_HEADERS.
2024-05-04 19:34:47.2429|TRACE|Microsoft.AspNetCore.Server.Kestrel.Http2|Connection id "0HN3CB0DF4H39" sending DATA frame for stream ID 7 with length 16384 and flags NONE.
2024-05-04 19:34:47.2429|TRACE|Microsoft.AspNetCore.Server.Kestrel.Http2|Connection id "0HN3CB0DF4H39" sending DATA frame for stream ID 7 with length 16384 and flags NONE.
2024-05-04 19:34:47.2429|TRACE|Microsoft.AspNetCore.Server.Kestrel.Http2|Connection id "0HN3CB0DF4H39" sending DATA frame for stream ID 7 with length 2199 and flags NONE.
2024-05-04 19:34:47.2429|TRACE|Microsoft.AspNetCore.Server.Kestrel.Http2|Connection id "0HN3CB0DF4H39" sending DATA frame for stream ID 7 with length 0 and flags END_STREAM.
2024-05-04 19:45:13.7585|DEBUG|Microsoft.AspNetCore.Server.Kestrel.Http2|Connection id "0HN3CB0DF4H39" is closed. The last processed stream ID was 7.
