2024-04-19 21:12:23.3399|TRACE|Microsoft.AspNetCore.Server.Kestrel.Http2|Connection id "0HN30JH1BUOLD" sending SETTINGS frame for stream ID 0 with length 18 and flags NONE.
2024-04-19 21:12:23.3674|TRACE|Microsoft.AspNetCore.Server.Kestrel.Http2|Connection id "0HN30JH1BUOLD" sending WINDOW_UPDATE frame for stream ID 0 with length 4 and flags 0x0.
2024-04-19 21:12:23.3674|TRACE|Microsoft.AspNetCore.Server.Kestrel.Http2|Connection id "0HN30JH1BUOLD" received SETTINGS frame for stream ID 0 with length 24 and flags NONE.
2024-04-19 21:12:23.3674|TRACE|Microsoft.AspNetCore.Server.Kestrel.Http2|Connection id "0HN30JH1BUOLD" sending SETTINGS frame for stream ID 0 with length 0 and flags ACK.
2024-04-19 21:12:23.3674|TRACE|Microsoft.AspNetCore.Server.Kestrel.Http2|Connection id "0HN30JH1BUOLD" received WINDOW_UPDATE frame for stream ID 0 with length 4 and flags 0x0.
2024-04-19 21:12:23.3674|TRACE|Microsoft.AspNetCore.Server.Kestrel.Http2|Connection id "0HN30JH1BUOLD" received HEADERS frame for stream ID 1 with length 478 and flags END_STREAM, END_HEADERS, PRIORITY.
2024-04-19 21:12:23.3911|TRACE|Microsoft.AspNetCore.Server.Kestrel.Http2|Connection id "0HN30JH1BUOLD" received SETTINGS frame for stream ID 0 with length 0 and flags ACK.
2024-04-19 21:12:23.5034|TRACE|Microsoft.AspNetCore.Server.Kestrel.Http2|Connection id "0HN30JH1BUOLD" sending HEADERS frame for stream ID 1 with length 69 and flags END_STREAM, END_HEADERS.
2024-04-19 21:12:23.5034|TRACE|Microsoft.AspNetCore.Server.Kestrel.Http2|Connection id "0HN30JH1BUOLD" received HEADERS frame for stream ID 3 with length 36 and flags END_STREAM, END_HEADERS, PRIORITY.
2024-04-19 21:12:23.5748|TRACE|Microsoft.AspNetCore.Server.Kestrel.Http2|Connection id "0HN30JH1BUOLD" sending HEADERS frame for stream ID 3 with length 28 and flags END_HEADERS.
2024-04-19 21:12:23.6746|TRACE|Microsoft.AspNetCore.Server.Kestrel.Http2|Connection id "0HN30JH1BUOLD" sending DATA frame for stream ID 3 with length 1024 and flags NONE.
2024-04-19 21:12:23.6746|TRACE|Microsoft.AspNetCore.Server.Kestrel.Http2|Connection id "0HN30JH1BUOLD" sending DATA frame for stream ID 3 with length 1024 and flags NONE.
2024-04-19 21:12:23.6746|TRACE|Microsoft.AspNetCore.Server.Kestrel.Http2|Connection id "0HN30JH1BUOLD" sending DATA frame for stream ID 3 with length 1024 and flags NONE.
2024-04-19 21:12:23.6746|TRACE|Microsoft.AspNetCore.Server.Kestrel.Http2|Connection id "0HN30JH1BUOLD" sending DATA frame for stream ID 3 with length 1024 and flags NONE.
2024-04-19 21:12:23.6746|TRACE|Microsoft.AspNetCore.Server.Kestrel.Http2|Connection id "0HN30JH1BUOLD" sending DATA frame for stream ID 3 with length 994 and flags NONE.
2024-04-19 21:12:23.6746|TRACE|Microsoft.AspNetCore.Server.Kestrel.Http2|Connection id "0HN30JH1BUOLD" sending DATA frame for stream ID 3 with length 65 and flags NONE.
2024-04-19 21:12:23.6746|TRACE|Microsoft.AspNetCore.Server.Kestrel.Http2|Connection id "0HN30JH1BUOLD" sending DATA frame for stream ID 3 with length 16 and flags NONE.
2024-04-19 21:12:23.6827|TRACE|Microsoft.AspNetCore.Server.Kestrel.Http2|Connection id "0HN30JH1BUOLD" sending DATA frame for stream ID 3 with length 0 and flags END_STREAM.
2024-04-19 21:12:23.6870|TRACE|Microsoft.AspNetCore.Server.Kestrel.Http2|Connection id "0HN30JH1BUOLD" received HEADERS frame for stream ID 5 with length 110 and flags END_STREAM, END_HEADERS, PRIORITY.
2024-04-19 21:12:23.6870|TRACE|Microsoft.AspNetCore.Server.Kestrel.Http2|Connection id "0HN30JH1BUOLD" received HEADERS frame for stream ID 7 with length 52 and flags END_STREAM, END_HEADERS, PRIORITY.
2024-04-19 21:12:23.6870|TRACE|Microsoft.AspNetCore.Server.Kestrel.Http2|Connection id "0HN30JH1BUOLD" received HEADERS frame for stream ID 9 with length 50 and flags END_STREAM, END_HEADERS, PRIORITY.
2024-04-19 21:12:23.6870|TRACE|Microsoft.AspNetCore.Server.Kestrel.Http2|Connection id "0HN30JH1BUOLD" received HEADERS frame for stream ID 11 with length 51 and flags END_STREAM, END_HEADERS, PRIORITY.
2024-04-19 21:12:23.6870|TRACE|Microsoft.AspNetCore.Server.Kestrel.Http2|Connection id "0HN30JH1BUOLD" received HEADERS frame for stream ID 13 with length 33 and flags END_STREAM, END_HEADERS, PRIORITY.
2024-04-19 21:12:23.6870|TRACE|Microsoft.AspNetCore.Server.Kestrel.Http2|Connection id "0HN30JH1BUOLD" sending HEADERS frame for stream ID 11 with length 60 and flags END_HEADERS.
2024-04-19 21:12:23.6870|TRACE|Microsoft.AspNetCore.Server.Kestrel.Http2|Connection id "0HN30JH1BUOLD" sending HEADERS frame for stream ID 5 with length 79 and flags END_HEADERS.
2024-04-19 21:12:23.6870|TRACE|Microsoft.AspNetCore.Server.Kestrel.Http2|Connection id "0HN30JH1BUOLD" sending HEADERS frame for stream ID 7 with length 58 and flags END_HEADERS.
2024-04-19 21:12:23.6870|TRACE|Microsoft.AspNetCore.Server.Kestrel.Http2|Connection id "0HN30JH1BUOLD" sending HEADERS frame for stream ID 9 with length 34 and flags END_HEADERS.
2024-04-19 21:12:23.6870|TRACE|Microsoft.AspNetCore.Server.Kestrel.Http2|Connection id "0HN30JH1BUOLD" sending DATA frame for stream ID 11 with length 12356 and flags NONE.
2024-04-19 21:12:23.6870|TRACE|Microsoft.AspNetCore.Server.Kestrel.Http2|Connection id "0HN30JH1BUOLD" sending DATA frame for stream ID 9 with length 16384 and flags NONE.
2024-04-19 21:12:23.6870|TRACE|Microsoft.AspNetCore.Server.Kestrel.Http2|Connection id "0HN30JH1BUOLD" sending DATA frame for stream ID 9 with length 16384 and flags NONE.
2024-04-19 21:12:23.6870|TRACE|Microsoft.AspNetCore.Server.Kestrel.Http2|Connection id "0HN30JH1BUOLD" sending DATA frame for stream ID 9 with length 16384 and flags NONE.
2024-04-19 21:12:23.6870|TRACE|Microsoft.AspNetCore.Server.Kestrel.Http2|Connection id "0HN30JH1BUOLD" sending DATA frame for stream ID 9 with length 16384 and flags NONE.
2024-04-19 21:12:23.6870|TRACE|Microsoft.AspNetCore.Server.Kestrel.Http2|Connection id "0HN30JH1BUOLD" sending DATA frame for stream ID 5 with length 16384 and flags NONE.
2024-04-19 21:12:23.6870|TRACE|Microsoft.AspNetCore.Server.Kestrel.Http2|Connection id "0HN30JH1BUOLD" sending DATA frame for stream ID 5 with length 16384 and flags NONE.
2024-04-19 21:12:23.6870|TRACE|Microsoft.AspNetCore.Server.Kestrel.Http2|Connection id "0HN30JH1BUOLD" sending DATA frame for stream ID 5 with length 16384 and flags NONE.
2024-04-19 21:12:23.6870|TRACE|Microsoft.AspNetCore.Server.Kestrel.Http2|Connection id "0HN30JH1BUOLD" sending DATA frame for stream ID 5 with length 16384 and flags NONE.
2024-04-19 21:12:23.7039|TRACE|Microsoft.AspNetCore.Server.Kestrel.Http2|Connection id "0HN30JH1BUOLD" sending DATA frame for stream ID 7 with length 16384 and flags NONE.
2024-04-19 21:12:23.7039|TRACE|Microsoft.AspNetCore.Server.Kestrel.Http2|Connection id "0HN30JH1BUOLD" sending DATA frame for stream ID 7 with length 16384 and flags NONE.
2024-04-19 21:12:23.7039|TRACE|Microsoft.AspNetCore.Server.Kestrel.Http2|Connection id "0HN30JH1BUOLD" sending DATA frame for stream ID 7 with length 16384 and flags NONE.
2024-04-19 21:12:23.7039|TRACE|Microsoft.AspNetCore.Server.Kestrel.Http2|Connection id "0HN30JH1BUOLD" sending DATA frame for stream ID 7 with length 16384 and flags NONE.
2024-04-19 21:12:23.7039|TRACE|Microsoft.AspNetCore.Server.Kestrel.Http2|Connection id "0HN30JH1BUOLD" sending DATA frame for stream ID 5 with length 16384 and flags NONE.
2024-04-19 21:12:23.7039|TRACE|Microsoft.AspNetCore.Server.Kestrel.Http2|Connection id "0HN30JH1BUOLD" sending DATA frame for stream ID 5 with length 16384 and flags NONE.
2024-04-19 21:12:23.7039|TRACE|Microsoft.AspNetCore.Server.Kestrel.Http2|Connection id "0HN30JH1BUOLD" sending DATA frame for stream ID 5 with length 16384 and flags NONE.
2024-04-19 21:12:23.7039|TRACE|Microsoft.AspNetCore.Server.Kestrel.Http2|Connection id "0HN30JH1BUOLD" sending DATA frame for stream ID 5 with length 16384 and flags NONE.
2024-04-19 21:12:23.7039|TRACE|Microsoft.AspNetCore.Server.Kestrel.Http2|Connection id "0HN30JH1BUOLD" sending HEADERS frame for stream ID 13 with length 149 and flags END_HEADERS.
2024-04-19 21:12:23.7039|TRACE|Microsoft.AspNetCore.Server.Kestrel.Http2|Connection id "0HN30JH1BUOLD" sending DATA frame for stream ID 7 with length 16384 and flags NONE.
2024-04-19 21:12:23.7039|TRACE|Microsoft.AspNetCore.Server.Kestrel.Http2|Connection id "0HN30JH1BUOLD" sending DATA frame for stream ID 7 with length 16384 and flags NONE.
2024-04-19 21:12:23.7039|TRACE|Microsoft.AspNetCore.Server.Kestrel.Http2|Connection id "0HN30JH1BUOLD" sending DATA frame for stream ID 7 with length 16384 and flags NONE.
2024-04-19 21:12:23.7039|TRACE|Microsoft.AspNetCore.Server.Kestrel.Http2|Connection id "0HN30JH1BUOLD" sending DATA frame for stream ID 7 with length 16384 and flags NONE.
2024-04-19 21:12:23.7039|TRACE|Microsoft.AspNetCore.Server.Kestrel.Http2|Connection id "0HN30JH1BUOLD" sending DATA frame for stream ID 5 with length 12560 and flags NONE.
2024-04-19 21:12:23.7039|TRACE|Microsoft.AspNetCore.Server.Kestrel.Http2|Connection id "0HN30JH1BUOLD" sending DATA frame for stream ID 13 with length 9986 and flags NONE.
2024-04-19 21:12:23.7039|TRACE|Microsoft.AspNetCore.Server.Kestrel.Http2|Connection id "0HN30JH1BUOLD" sending DATA frame for stream ID 9 with length 16384 and flags NONE.
2024-04-19 21:12:23.7039|TRACE|Microsoft.AspNetCore.Server.Kestrel.Http2|Connection id "0HN30JH1BUOLD" sending DATA frame for stream ID 9 with length 16384 and flags NONE.
2024-04-19 21:12:23.7039|TRACE|Microsoft.AspNetCore.Server.Kestrel.Http2|Connection id "0HN30JH1BUOLD" sending DATA frame for stream ID 9 with length 16384 and flags NONE.
2024-04-19 21:12:23.7039|TRACE|Microsoft.AspNetCore.Server.Kestrel.Http2|Connection id "0HN30JH1BUOLD" sending DATA frame for stream ID 9 with length 16384 and flags NONE.
2024-04-19 21:12:23.7039|TRACE|Microsoft.AspNetCore.Server.Kestrel.Http2|Connection id "0HN30JH1BUOLD" sending DATA frame for stream ID 13 with length 10240 and flags NONE.
2024-04-19 21:12:23.7039|TRACE|Microsoft.AspNetCore.Server.Kestrel.Http2|Connection id "0HN30JH1BUOLD" sending DATA frame for stream ID 5 with length 0 and flags END_STREAM.
2024-04-19 21:12:23.7039|TRACE|Microsoft.AspNetCore.Server.Kestrel.Http2|Connection id "0HN30JH1BUOLD" sending DATA frame for stream ID 11 with length 0 and flags END_STREAM.
2024-04-19 21:12:23.7039|TRACE|Microsoft.AspNetCore.Server.Kestrel.Http2|Connection id "0HN30JH1BUOLD" sending DATA frame for stream ID 7 with length 16384 and flags NONE.
2024-04-19 21:12:23.7188|TRACE|Microsoft.AspNetCore.Server.Kestrel.Http2|Connection id "0HN30JH1BUOLD" sending DATA frame for stream ID 7 with length 16384 and flags NONE.
2024-04-19 21:12:23.7188|TRACE|Microsoft.AspNetCore.Server.Kestrel.Http2|Connection id "0HN30JH1BUOLD" sending DATA frame for stream ID 7 with length 16384 and flags NONE.
2024-04-19 21:12:23.7188|TRACE|Microsoft.AspNetCore.Server.Kestrel.Http2|Connection id "0HN30JH1BUOLD" sending DATA frame for stream ID 7 with length 16384 and flags NONE.
2024-04-19 21:12:23.7402|TRACE|Microsoft.AspNetCore.Server.Kestrel.Http2|Connection id "0HN30JH1BUOLD" sending DATA frame for stream ID 9 with length 16384 and flags NONE.
2024-04-19 21:12:23.7402|TRACE|Microsoft.AspNetCore.Server.Kestrel.Http2|Connection id "0HN30JH1BUOLD" sending DATA frame for stream ID 9 with length 16384 and flags NONE.
2024-04-19 21:12:23.7402|TRACE|Microsoft.AspNetCore.Server.Kestrel.Http2|Connection id "0HN30JH1BUOLD" sending DATA frame for stream ID 9 with length 16384 and flags NONE.
2024-04-19 21:12:23.7402|TRACE|Microsoft.AspNetCore.Server.Kestrel.Http2|Connection id "0HN30JH1BUOLD" sending DATA frame for stream ID 9 with length 16384 and flags NONE.
2024-04-19 21:12:23.7402|TRACE|Microsoft.AspNetCore.Server.Kestrel.Http2|Connection id "0HN30JH1BUOLD" sending DATA frame for stream ID 9 with length 16384 and flags NONE.
2024-04-19 21:12:23.7402|TRACE|Microsoft.AspNetCore.Server.Kestrel.Http2|Connection id "0HN30JH1BUOLD" sending DATA frame for stream ID 9 with length 16384 and flags NONE.
2024-04-19 21:12:23.7402|TRACE|Microsoft.AspNetCore.Server.Kestrel.Http2|Connection id "0HN30JH1BUOLD" sending DATA frame for stream ID 9 with length 16384 and flags NONE.
2024-04-19 21:12:23.7402|TRACE|Microsoft.AspNetCore.Server.Kestrel.Http2|Connection id "0HN30JH1BUOLD" sending DATA frame for stream ID 9 with length 16384 and flags NONE.
2024-04-19 21:12:23.7402|TRACE|Microsoft.AspNetCore.Server.Kestrel.Http2|Connection id "0HN30JH1BUOLD" sending DATA frame for stream ID 7 with length 16384 and flags NONE.
2024-04-19 21:12:23.7402|TRACE|Microsoft.AspNetCore.Server.Kestrel.Http2|Connection id "0HN30JH1BUOLD" sending DATA frame for stream ID 7 with length 16384 and flags NONE.
2024-04-19 21:12:23.7402|TRACE|Microsoft.AspNetCore.Server.Kestrel.Http2|Connection id "0HN30JH1BUOLD" sending DATA frame for stream ID 7 with length 16384 and flags NONE.
2024-04-19 21:12:23.7402|TRACE|Microsoft.AspNetCore.Server.Kestrel.Http2|Connection id "0HN30JH1BUOLD" sending DATA frame for stream ID 7 with length 16384 and flags NONE.
2024-04-19 21:12:23.7402|TRACE|Microsoft.AspNetCore.Server.Kestrel.Http2|Connection id "0HN30JH1BUOLD" sending DATA frame for stream ID 13 with length 10240 and flags NONE.
2024-04-19 21:12:23.7402|TRACE|Microsoft.AspNetCore.Server.Kestrel.Http2|Connection id "0HN30JH1BUOLD" sending DATA frame for stream ID 13 with length 10240 and flags NONE.
2024-04-19 21:12:23.7402|TRACE|Microsoft.AspNetCore.Server.Kestrel.Http2|Connection id "0HN30JH1BUOLD" sending DATA frame for stream ID 7 with length 16384 and flags NONE.
2024-04-19 21:12:23.7402|TRACE|Microsoft.AspNetCore.Server.Kestrel.Http2|Connection id "0HN30JH1BUOLD" sending DATA frame for stream ID 7 with length 16384 and flags NONE.
2024-04-19 21:12:23.7402|TRACE|Microsoft.AspNetCore.Server.Kestrel.Http2|Connection id "0HN30JH1BUOLD" sending DATA frame for stream ID 7 with length 16384 and flags NONE.
2024-04-19 21:12:23.7402|TRACE|Microsoft.AspNetCore.Server.Kestrel.Http2|Connection id "0HN30JH1BUOLD" sending DATA frame for stream ID 7 with length 16384 and flags NONE.
2024-04-19 21:12:23.7402|TRACE|Microsoft.AspNetCore.Server.Kestrel.Http2|Connection id "0HN30JH1BUOLD" sending DATA frame for stream ID 13 with length 10240 and flags NONE.
2024-04-19 21:12:23.7509|TRACE|Microsoft.AspNetCore.Server.Kestrel.Http2|Connection id "0HN30JH1BUOLD" sending DATA frame for stream ID 9 with length 16384 and flags NONE.
2024-04-19 21:12:23.7509|TRACE|Microsoft.AspNetCore.Server.Kestrel.Http2|Connection id "0HN30JH1BUOLD" sending DATA frame for stream ID 9 with length 16384 and flags NONE.
2024-04-19 21:12:23.7509|TRACE|Microsoft.AspNetCore.Server.Kestrel.Http2|Connection id "0HN30JH1BUOLD" sending DATA frame for stream ID 9 with length 16384 and flags NONE.
2024-04-19 21:12:23.7509|TRACE|Microsoft.AspNetCore.Server.Kestrel.Http2|Connection id "0HN30JH1BUOLD" sending DATA frame for stream ID 9 with length 16384 and flags NONE.
2024-04-19 21:12:23.7509|TRACE|Microsoft.AspNetCore.Server.Kestrel.Http2|Connection id "0HN30JH1BUOLD" sending DATA frame for stream ID 7 with length 16384 and flags NONE.
2024-04-19 21:12:23.7509|TRACE|Microsoft.AspNetCore.Server.Kestrel.Http2|Connection id "0HN30JH1BUOLD" sending DATA frame for stream ID 7 with length 16384 and flags NONE.
2024-04-19 21:12:23.7509|TRACE|Microsoft.AspNetCore.Server.Kestrel.Http2|Connection id "0HN30JH1BUOLD" sending DATA frame for stream ID 7 with length 16384 and flags NONE.
2024-04-19 21:12:23.7509|TRACE|Microsoft.AspNetCore.Server.Kestrel.Http2|Connection id "0HN30JH1BUOLD" sending DATA frame for stream ID 7 with length 16384 and flags NONE.
2024-04-19 21:12:23.7509|TRACE|Microsoft.AspNetCore.Server.Kestrel.Http2|Connection id "0HN30JH1BUOLD" sending DATA frame for stream ID 13 with length 10240 and flags NONE.
2024-04-19 21:12:23.7509|TRACE|Microsoft.AspNetCore.Server.Kestrel.Http2|Connection id "0HN30JH1BUOLD" sending DATA frame for stream ID 9 with length 9482 and flags NONE.
2024-04-19 21:12:23.7509|TRACE|Microsoft.AspNetCore.Server.Kestrel.Http2|Connection id "0HN30JH1BUOLD" sending DATA frame for stream ID 13 with length 10240 and flags NONE.
2024-04-19 21:12:23.7509|TRACE|Microsoft.AspNetCore.Server.Kestrel.Http2|Connection id "0HN30JH1BUOLD" sending DATA frame for stream ID 7 with length 16384 and flags NONE.
2024-04-19 21:12:23.7509|TRACE|Microsoft.AspNetCore.Server.Kestrel.Http2|Connection id "0HN30JH1BUOLD" sending DATA frame for stream ID 7 with length 16384 and flags NONE.
2024-04-19 21:12:23.7509|TRACE|Microsoft.AspNetCore.Server.Kestrel.Http2|Connection id "0HN30JH1BUOLD" sending DATA frame for stream ID 7 with length 16384 and flags NONE.
2024-04-19 21:12:23.7509|TRACE|Microsoft.AspNetCore.Server.Kestrel.Http2|Connection id "0HN30JH1BUOLD" sending DATA frame for stream ID 7 with length 16384 and flags NONE.
2024-04-19 21:12:23.7509|TRACE|Microsoft.AspNetCore.Server.Kestrel.Http2|Connection id "0HN30JH1BUOLD" sending DATA frame for stream ID 13 with length 10240 and flags NONE.
2024-04-19 21:12:23.7509|TRACE|Microsoft.AspNetCore.Server.Kestrel.Http2|Connection id "0HN30JH1BUOLD" sending DATA frame for stream ID 13 with length 10240 and flags NONE.
2024-04-19 21:12:23.7509|TRACE|Microsoft.AspNetCore.Server.Kestrel.Http2|Connection id "0HN30JH1BUOLD" sending DATA frame for stream ID 7 with length 16384 and flags NONE.
2024-04-19 21:12:23.7509|TRACE|Microsoft.AspNetCore.Server.Kestrel.Http2|Connection id "0HN30JH1BUOLD" sending DATA frame for stream ID 7 with length 16384 and flags NONE.
2024-04-19 21:12:23.7509|TRACE|Microsoft.AspNetCore.Server.Kestrel.Http2|Connection id "0HN30JH1BUOLD" sending DATA frame for stream ID 7 with length 16384 and flags NONE.
2024-04-19 21:12:23.7509|TRACE|Microsoft.AspNetCore.Server.Kestrel.Http2|Connection id "0HN30JH1BUOLD" sending DATA frame for stream ID 7 with length 16384 and flags NONE.
2024-04-19 21:12:23.7509|TRACE|Microsoft.AspNetCore.Server.Kestrel.Http2|Connection id "0HN30JH1BUOLD" sending DATA frame for stream ID 13 with length 10240 and flags NONE.
2024-04-19 21:12:23.7509|TRACE|Microsoft.AspNetCore.Server.Kestrel.Http2|Connection id "0HN30JH1BUOLD" sending DATA frame for stream ID 13 with length 10240 and flags NONE.
2024-04-19 21:12:23.7509|TRACE|Microsoft.AspNetCore.Server.Kestrel.Http2|Connection id "0HN30JH1BUOLD" sending DATA frame for stream ID 7 with length 16384 and flags NONE.
2024-04-19 21:12:23.7509|TRACE|Microsoft.AspNetCore.Server.Kestrel.Http2|Connection id "0HN30JH1BUOLD" sending DATA frame for stream ID 7 with length 16384 and flags NONE.
2024-04-19 21:12:23.7509|TRACE|Microsoft.AspNetCore.Server.Kestrel.Http2|Connection id "0HN30JH1BUOLD" sending DATA frame for stream ID 7 with length 16384 and flags NONE.
2024-04-19 21:12:23.7509|TRACE|Microsoft.AspNetCore.Server.Kestrel.Http2|Connection id "0HN30JH1BUOLD" sending DATA frame for stream ID 7 with length 16384 and flags NONE.
2024-04-19 21:12:23.7509|TRACE|Microsoft.AspNetCore.Server.Kestrel.Http2|Connection id "0HN30JH1BUOLD" sending DATA frame for stream ID 13 with length 10240 and flags NONE.
2024-04-19 21:12:23.7509|TRACE|Microsoft.AspNetCore.Server.Kestrel.Http2|Connection id "0HN30JH1BUOLD" sending DATA frame for stream ID 7 with length 16384 and flags NONE.
2024-04-19 21:12:23.7509|TRACE|Microsoft.AspNetCore.Server.Kestrel.Http2|Connection id "0HN30JH1BUOLD" sending DATA frame for stream ID 7 with length 16384 and flags NONE.
2024-04-19 21:12:23.7509|TRACE|Microsoft.AspNetCore.Server.Kestrel.Http2|Connection id "0HN30JH1BUOLD" sending DATA frame for stream ID 7 with length 16384 and flags NONE.
2024-04-19 21:12:23.7509|TRACE|Microsoft.AspNetCore.Server.Kestrel.Http2|Connection id "0HN30JH1BUOLD" sending DATA frame for stream ID 7 with length 16384 and flags NONE.
2024-04-19 21:12:23.7509|TRACE|Microsoft.AspNetCore.Server.Kestrel.Http2|Connection id "0HN30JH1BUOLD" sending DATA frame for stream ID 13 with length 10240 and flags NONE.
2024-04-19 21:12:23.7509|TRACE|Microsoft.AspNetCore.Server.Kestrel.Http2|Connection id "0HN30JH1BUOLD" sending DATA frame for stream ID 7 with length 16384 and flags NONE.
2024-04-19 21:12:23.7509|TRACE|Microsoft.AspNetCore.Server.Kestrel.Http2|Connection id "0HN30JH1BUOLD" sending DATA frame for stream ID 7 with length 16384 and flags NONE.
2024-04-19 21:12:23.7509|TRACE|Microsoft.AspNetCore.Server.Kestrel.Http2|Connection id "0HN30JH1BUOLD" sending DATA frame for stream ID 7 with length 16384 and flags NONE.
2024-04-19 21:12:23.7509|TRACE|Microsoft.AspNetCore.Server.Kestrel.Http2|Connection id "0HN30JH1BUOLD" sending DATA frame for stream ID 7 with length 16384 and flags NONE.
2024-04-19 21:12:23.7509|TRACE|Microsoft.AspNetCore.Server.Kestrel.Http2|Connection id "0HN30JH1BUOLD" sending DATA frame for stream ID 13 with length 10240 and flags NONE.
2024-04-19 21:12:23.7509|TRACE|Microsoft.AspNetCore.Server.Kestrel.Http2|Connection id "0HN30JH1BUOLD" sending DATA frame for stream ID 9 with length 0 and flags END_STREAM.
2024-04-19 21:12:23.7509|TRACE|Microsoft.AspNetCore.Server.Kestrel.Http2|Connection id "0HN30JH1BUOLD" sending DATA frame for stream ID 13 with length 10240 and flags NONE.
2024-04-19 21:12:23.7509|TRACE|Microsoft.AspNetCore.Server.Kestrel.Http2|Connection id "0HN30JH1BUOLD" sending DATA frame for stream ID 7 with length 16384 and flags NONE.
2024-04-19 21:12:23.7509|TRACE|Microsoft.AspNetCore.Server.Kestrel.Http2|Connection id "0HN30JH1BUOLD" sending DATA frame for stream ID 7 with length 16384 and flags NONE.
2024-04-19 21:12:23.7509|TRACE|Microsoft.AspNetCore.Server.Kestrel.Http2|Connection id "0HN30JH1BUOLD" sending DATA frame for stream ID 7 with length 16384 and flags NONE.
2024-04-19 21:12:23.7509|TRACE|Microsoft.AspNetCore.Server.Kestrel.Http2|Connection id "0HN30JH1BUOLD" sending DATA frame for stream ID 7 with length 16384 and flags NONE.
2024-04-19 21:12:23.7655|TRACE|Microsoft.AspNetCore.Server.Kestrel.Http2|Connection id "0HN30JH1BUOLD" sending DATA frame for stream ID 13 with length 160 and flags NONE.
2024-04-19 21:12:23.7655|TRACE|Microsoft.AspNetCore.Server.Kestrel.Http2|Connection id "0HN30JH1BUOLD" sending DATA frame for stream ID 7 with length 16384 and flags NONE.
2024-04-19 21:12:23.7655|TRACE|Microsoft.AspNetCore.Server.Kestrel.Http2|Connection id "0HN30JH1BUOLD" sending DATA frame for stream ID 7 with length 16384 and flags NONE.
2024-04-19 21:12:23.7655|TRACE|Microsoft.AspNetCore.Server.Kestrel.Http2|Connection id "0HN30JH1BUOLD" sending DATA frame for stream ID 7 with length 16384 and flags NONE.
2024-04-19 21:12:23.7655|TRACE|Microsoft.AspNetCore.Server.Kestrel.Http2|Connection id "0HN30JH1BUOLD" sending DATA frame for stream ID 7 with length 16384 and flags NONE.
2024-04-19 21:12:23.7655|TRACE|Microsoft.AspNetCore.Server.Kestrel.Http2|Connection id "0HN30JH1BUOLD" sending DATA frame for stream ID 7 with length 16384 and flags NONE.
2024-04-19 21:12:23.7655|TRACE|Microsoft.AspNetCore.Server.Kestrel.Http2|Connection id "0HN30JH1BUOLD" sending DATA frame for stream ID 7 with length 16384 and flags NONE.
2024-04-19 21:12:23.7655|TRACE|Microsoft.AspNetCore.Server.Kestrel.Http2|Connection id "0HN30JH1BUOLD" sending DATA frame for stream ID 7 with length 16384 and flags NONE.
2024-04-19 21:12:23.7655|TRACE|Microsoft.AspNetCore.Server.Kestrel.Http2|Connection id "0HN30JH1BUOLD" sending DATA frame for stream ID 7 with length 16384 and flags NONE.
2024-04-19 21:12:23.7655|TRACE|Microsoft.AspNetCore.Server.Kestrel.Http2|Connection id "0HN30JH1BUOLD" sending DATA frame for stream ID 7 with length 16384 and flags NONE.
2024-04-19 21:12:23.7655|TRACE|Microsoft.AspNetCore.Server.Kestrel.Http2|Connection id "0HN30JH1BUOLD" sending DATA frame for stream ID 7 with length 16384 and flags NONE.
2024-04-19 21:12:23.7655|TRACE|Microsoft.AspNetCore.Server.Kestrel.Http2|Connection id "0HN30JH1BUOLD" sending DATA frame for stream ID 7 with length 16384 and flags NONE.
2024-04-19 21:12:23.7655|TRACE|Microsoft.AspNetCore.Server.Kestrel.Http2|Connection id "0HN30JH1BUOLD" sending DATA frame for stream ID 7 with length 16384 and flags NONE.
2024-04-19 21:12:23.7655|TRACE|Microsoft.AspNetCore.Server.Kestrel.Http2|Connection id "0HN30JH1BUOLD" sending DATA frame for stream ID 7 with length 16384 and flags NONE.
2024-04-19 21:12:23.7655|TRACE|Microsoft.AspNetCore.Server.Kestrel.Http2|Connection id "0HN30JH1BUOLD" sending DATA frame for stream ID 7 with length 16384 and flags NONE.
2024-04-19 21:12:23.7655|TRACE|Microsoft.AspNetCore.Server.Kestrel.Http2|Connection id "0HN30JH1BUOLD" sending DATA frame for stream ID 7 with length 16384 and flags NONE.
2024-04-19 21:12:23.7655|TRACE|Microsoft.AspNetCore.Server.Kestrel.Http2|Connection id "0HN30JH1BUOLD" sending DATA frame for stream ID 7 with length 16384 and flags NONE.
2024-04-19 21:12:23.7655|TRACE|Microsoft.AspNetCore.Server.Kestrel.Http2|Connection id "0HN30JH1BUOLD" sending DATA frame for stream ID 13 with length 0 and flags END_STREAM.
2024-04-19 21:12:23.7655|TRACE|Microsoft.AspNetCore.Server.Kestrel.Http2|Connection id "0HN30JH1BUOLD" sending DATA frame for stream ID 7 with length 16384 and flags NONE.
2024-04-19 21:12:23.7655|TRACE|Microsoft.AspNetCore.Server.Kestrel.Http2|Connection id "0HN30JH1BUOLD" sending DATA frame for stream ID 7 with length 16384 and flags NONE.
2024-04-19 21:12:23.7655|TRACE|Microsoft.AspNetCore.Server.Kestrel.Http2|Connection id "0HN30JH1BUOLD" sending DATA frame for stream ID 7 with length 11545 and flags NONE.
2024-04-19 21:12:23.7655|TRACE|Microsoft.AspNetCore.Server.Kestrel.Http2|Connection id "0HN30JH1BUOLD" sending DATA frame for stream ID 7 with length 0 and flags END_STREAM.
2024-04-19 21:12:23.8721|TRACE|Microsoft.AspNetCore.Server.Kestrel.Http2|Connection id "0HN30JH1BUOLD" received HEADERS frame for stream ID 15 with length 66 and flags END_STREAM, END_HEADERS, PRIORITY.
2024-04-19 21:12:24.0035|TRACE|Microsoft.AspNetCore.Server.Kestrel.Http2|Connection id "0HN30JH1BUOLD" sending HEADERS frame for stream ID 15 with length 35 and flags END_HEADERS.
2024-04-19 21:12:24.0035|TRACE|Microsoft.AspNetCore.Server.Kestrel.Http2|Connection id "0HN30JH1BUOLD" sending DATA frame for stream ID 15 with length 16384 and flags NONE.
2024-04-19 21:12:24.0035|TRACE|Microsoft.AspNetCore.Server.Kestrel.Http2|Connection id "0HN30JH1BUOLD" sending DATA frame for stream ID 15 with length 16384 and flags NONE.
2024-04-19 21:12:24.0035|TRACE|Microsoft.AspNetCore.Server.Kestrel.Http2|Connection id "0HN30JH1BUOLD" sending DATA frame for stream ID 15 with length 2199 and flags NONE.
2024-04-19 21:12:24.0035|TRACE|Microsoft.AspNetCore.Server.Kestrel.Http2|Connection id "0HN30JH1BUOLD" sending DATA frame for stream ID 15 with length 0 and flags END_STREAM.
2024-04-19 21:13:08.5143|TRACE|Microsoft.AspNetCore.Server.Kestrel.Http2|Connection id "0HN30JH1BUOLE" sending SETTINGS frame for stream ID 0 with length 18 and flags NONE.
2024-04-19 21:13:08.5143|TRACE|Microsoft.AspNetCore.Server.Kestrel.Http2|Connection id "0HN30JH1BUOLE" sending WINDOW_UPDATE frame for stream ID 0 with length 4 and flags 0x0.
2024-04-19 21:13:08.7128|TRACE|Microsoft.AspNetCore.Server.Kestrel.Http2|Connection id "0HN30JH1BUOLE" received SETTINGS frame for stream ID 0 with length 6 and flags NONE.
2024-04-19 21:13:08.7128|TRACE|Microsoft.AspNetCore.Server.Kestrel.Http2|Connection id "0HN30JH1BUOLE" sending SETTINGS frame for stream ID 0 with length 0 and flags ACK.
2024-04-19 21:13:08.7128|TRACE|Microsoft.AspNetCore.Server.Kestrel.Http2|Connection id "0HN30JH1BUOLE" received WINDOW_UPDATE frame for stream ID 0 with length 4 and flags 0x0.
2024-04-19 21:13:08.7128|TRACE|Microsoft.AspNetCore.Server.Kestrel.Http2|Connection id "0HN30JH1BUOLE" received HEADERS frame for stream ID 3 with length 44 and flags END_STREAM, END_HEADERS.
2024-04-19 21:13:08.8039|TRACE|Microsoft.AspNetCore.Server.Kestrel.Http2|Connection id "0HN30JH1BUOLE" received SETTINGS frame for stream ID 0 with length 0 and flags ACK.
2024-04-19 21:13:10.5043|TRACE|Microsoft.AspNetCore.Server.Kestrel.Http2|Connection id "0HN30JH1BUOLE" sending HEADERS frame for stream ID 3 with length 74 and flags END_HEADERS.
2024-04-19 21:13:10.5043|TRACE|Microsoft.AspNetCore.Server.Kestrel.Http2|Connection id "0HN30JH1BUOLE" sending DATA frame for stream ID 3 with length 27 and flags NONE.
2024-04-19 21:13:10.5164|TRACE|Microsoft.AspNetCore.Server.Kestrel.Http2|Connection id "0HN30JH1BUOLE" sending DATA frame for stream ID 3 with length 0 and flags END_STREAM.
2024-04-19 21:13:16.1591|TRACE|Microsoft.AspNetCore.Server.Kestrel.Http2|Connection id "0HN30JH1BUOLE" received HEADERS frame for stream ID 5 with length 15 and flags END_STREAM, END_HEADERS.
2024-04-19 21:13:16.1989|TRACE|Microsoft.AspNetCore.Server.Kestrel.Http2|Connection id "0HN30JH1BUOLE" sending HEADERS frame for stream ID 5 with length 34 and flags END_HEADERS.
2024-04-19 21:13:16.1989|TRACE|Microsoft.AspNetCore.Server.Kestrel.Http2|Connection id "0HN30JH1BUOLE" sending DATA frame for stream ID 5 with length 27 and flags NONE.
2024-04-19 21:13:16.1989|TRACE|Microsoft.AspNetCore.Server.Kestrel.Http2|Connection id "0HN30JH1BUOLE" sending DATA frame for stream ID 5 with length 0 and flags END_STREAM.
2024-04-19 21:13:23.6332|TRACE|Microsoft.AspNetCore.Server.Kestrel.Http2|Connection id "0HN30JH1BUOLE" received HEADERS frame for stream ID 7 with length 15 and flags END_STREAM, END_HEADERS.
2024-04-19 21:13:23.6457|TRACE|Microsoft.AspNetCore.Server.Kestrel.Http2|Connection id "0HN30JH1BUOLE" sending HEADERS frame for stream ID 7 with length 34 and flags END_HEADERS.
2024-04-19 21:13:23.6457|TRACE|Microsoft.AspNetCore.Server.Kestrel.Http2|Connection id "0HN30JH1BUOLE" sending DATA frame for stream ID 7 with length 27 and flags NONE.
2024-04-19 21:13:23.6457|TRACE|Microsoft.AspNetCore.Server.Kestrel.Http2|Connection id "0HN30JH1BUOLE" sending DATA frame for stream ID 7 with length 0 and flags END_STREAM.
2024-04-19 21:13:28.5529|TRACE|Microsoft.AspNetCore.Server.Kestrel.Http2|Connection id "0HN30JH1BUOLE" received HEADERS frame for stream ID 9 with length 15 and flags END_STREAM, END_HEADERS.
2024-04-19 21:13:28.5529|TRACE|Microsoft.AspNetCore.Server.Kestrel.Http2|Connection id "0HN30JH1BUOLE" sending HEADERS frame for stream ID 9 with length 34 and flags END_HEADERS.
2024-04-19 21:13:28.5529|TRACE|Microsoft.AspNetCore.Server.Kestrel.Http2|Connection id "0HN30JH1BUOLE" sending DATA frame for stream ID 9 with length 27 and flags NONE.
2024-04-19 21:13:28.5529|TRACE|Microsoft.AspNetCore.Server.Kestrel.Http2|Connection id "0HN30JH1BUOLE" sending DATA frame for stream ID 9 with length 0 and flags END_STREAM.
2024-04-19 21:13:33.5397|TRACE|Microsoft.AspNetCore.Server.Kestrel.Http2|Connection id "0HN30JH1BUOLE" received HEADERS frame for stream ID 11 with length 15 and flags END_STREAM, END_HEADERS.
2024-04-19 21:13:33.5397|TRACE|Microsoft.AspNetCore.Server.Kestrel.Http2|Connection id "0HN30JH1BUOLE" sending HEADERS frame for stream ID 11 with length 34 and flags END_HEADERS.
2024-04-19 21:13:33.5472|TRACE|Microsoft.AspNetCore.Server.Kestrel.Http2|Connection id "0HN30JH1BUOLE" sending DATA frame for stream ID 11 with length 27 and flags NONE.
2024-04-19 21:13:33.5472|TRACE|Microsoft.AspNetCore.Server.Kestrel.Http2|Connection id "0HN30JH1BUOLE" sending DATA frame for stream ID 11 with length 0 and flags END_STREAM.
