2024-04-20 12:52:47.0796|TRACE|Microsoft.AspNetCore.Server.Kestrel.Http2|Connection id "0HN313UG71O1H" sending SETTINGS frame for stream ID 0 with length 18 and flags NONE.
2024-04-20 12:52:47.2322|TRACE|Microsoft.AspNetCore.Server.Kestrel.Http2|Connection id "0HN313UG71O1H" sending WINDOW_UPDATE frame for stream ID 0 with length 4 and flags 0x0.
2024-04-20 12:52:47.2362|TRACE|Microsoft.AspNetCore.Server.Kestrel.Http2|Connection id "0HN313UG71O1H" received SETTINGS frame for stream ID 0 with length 24 and flags NONE.
2024-04-20 12:52:47.2362|TRACE|Microsoft.AspNetCore.Server.Kestrel.Http2|Connection id "0HN313UG71O1H" sending SETTINGS frame for stream ID 0 with length 0 and flags ACK.
2024-04-20 12:52:47.2362|TRACE|Microsoft.AspNetCore.Server.Kestrel.Http2|Connection id "0HN313UG71O1H" received WINDOW_UPDATE frame for stream ID 0 with length 4 and flags 0x0.
2024-04-20 12:52:47.2362|TRACE|Microsoft.AspNetCore.Server.Kestrel.Http2|Connection id "0HN313UG71O1H" received HEADERS frame for stream ID 1 with length 478 and flags END_STREAM, END_HEADERS, PRIORITY.
2024-04-20 12:52:47.2977|TRACE|Microsoft.AspNetCore.Server.Kestrel.Http2|Connection id "0HN313UG71O1H" received SETTINGS frame for stream ID 0 with length 0 and flags ACK.
2024-04-20 12:52:47.8475|TRACE|Microsoft.AspNetCore.Server.Kestrel.Http2|Connection id "0HN313UG71O1H" sending HEADERS frame for stream ID 1 with length 69 and flags END_STREAM, END_HEADERS.
2024-04-20 12:52:47.8803|TRACE|Microsoft.AspNetCore.Server.Kestrel.Http2|Connection id "0HN313UG71O1H" received HEADERS frame for stream ID 3 with length 36 and flags END_STREAM, END_HEADERS, PRIORITY.
2024-04-20 12:52:48.1315|TRACE|Microsoft.AspNetCore.Server.Kestrel.Http2|Connection id "0HN313UG71O1H" sending HEADERS frame for stream ID 3 with length 28 and flags END_HEADERS.
2024-04-20 12:52:48.4721|TRACE|Microsoft.AspNetCore.Server.Kestrel.Http2|Connection id "0HN313UG71O1H" sending DATA frame for stream ID 3 with length 1024 and flags NONE.
2024-04-20 12:52:48.4721|TRACE|Microsoft.AspNetCore.Server.Kestrel.Http2|Connection id "0HN313UG71O1H" sending DATA frame for stream ID 3 with length 1024 and flags NONE.
2024-04-20 12:52:48.4721|TRACE|Microsoft.AspNetCore.Server.Kestrel.Http2|Connection id "0HN313UG71O1H" sending DATA frame for stream ID 3 with length 1024 and flags NONE.
2024-04-20 12:52:48.4721|TRACE|Microsoft.AspNetCore.Server.Kestrel.Http2|Connection id "0HN313UG71O1H" sending DATA frame for stream ID 3 with length 1024 and flags NONE.
2024-04-20 12:52:48.4721|TRACE|Microsoft.AspNetCore.Server.Kestrel.Http2|Connection id "0HN313UG71O1H" sending DATA frame for stream ID 3 with length 994 and flags NONE.
2024-04-20 12:52:48.4721|TRACE|Microsoft.AspNetCore.Server.Kestrel.Http2|Connection id "0HN313UG71O1H" sending DATA frame for stream ID 3 with length 65 and flags NONE.
2024-04-20 12:52:48.4721|TRACE|Microsoft.AspNetCore.Server.Kestrel.Http2|Connection id "0HN313UG71O1H" sending DATA frame for stream ID 3 with length 16 and flags NONE.
2024-04-20 12:52:48.5008|TRACE|Microsoft.AspNetCore.Server.Kestrel.Http2|Connection id "0HN313UG71O1H" received HEADERS frame for stream ID 5 with length 110 and flags END_STREAM, END_HEADERS, PRIORITY.
2024-04-20 12:52:48.5008|TRACE|Microsoft.AspNetCore.Server.Kestrel.Http2|Connection id "0HN313UG71O1H" sending DATA frame for stream ID 3 with length 0 and flags END_STREAM.
2024-04-20 12:52:48.5008|TRACE|Microsoft.AspNetCore.Server.Kestrel.Http2|Connection id "0HN313UG71O1H" received HEADERS frame for stream ID 7 with length 52 and flags END_STREAM, END_HEADERS, PRIORITY.
2024-04-20 12:52:48.5008|TRACE|Microsoft.AspNetCore.Server.Kestrel.Http2|Connection id "0HN313UG71O1H" received HEADERS frame for stream ID 9 with length 50 and flags END_STREAM, END_HEADERS, PRIORITY.
2024-04-20 12:52:48.5232|TRACE|Microsoft.AspNetCore.Server.Kestrel.Http2|Connection id "0HN313UG71O1H" received HEADERS frame for stream ID 11 with length 51 and flags END_STREAM, END_HEADERS, PRIORITY.
2024-04-20 12:52:48.5232|TRACE|Microsoft.AspNetCore.Server.Kestrel.Http2|Connection id "0HN313UG71O1H" received HEADERS frame for stream ID 13 with length 33 and flags END_STREAM, END_HEADERS, PRIORITY.
2024-04-20 12:52:48.5436|TRACE|Microsoft.AspNetCore.Server.Kestrel.Http2|Connection id "0HN313UG71O1H" sending HEADERS frame for stream ID 11 with length 60 and flags END_HEADERS.
2024-04-20 12:52:48.5554|TRACE|Microsoft.AspNetCore.Server.Kestrel.Http2|Connection id "0HN313UG71O1H" sending DATA frame for stream ID 11 with length 12356 and flags NONE.
2024-04-20 12:52:48.5554|TRACE|Microsoft.AspNetCore.Server.Kestrel.Http2|Connection id "0HN313UG71O1H" sending HEADERS frame for stream ID 5 with length 79 and flags END_HEADERS.
2024-04-20 12:52:48.5554|TRACE|Microsoft.AspNetCore.Server.Kestrel.Http2|Connection id "0HN313UG71O1H" sending HEADERS frame for stream ID 7 with length 58 and flags END_HEADERS.
2024-04-20 12:52:48.5554|TRACE|Microsoft.AspNetCore.Server.Kestrel.Http2|Connection id "0HN313UG71O1H" sending HEADERS frame for stream ID 9 with length 34 and flags END_HEADERS.
2024-04-20 12:52:48.5554|TRACE|Microsoft.AspNetCore.Server.Kestrel.Http2|Connection id "0HN313UG71O1H" sending DATA frame for stream ID 11 with length 0 and flags END_STREAM.
2024-04-20 12:52:48.5554|TRACE|Microsoft.AspNetCore.Server.Kestrel.Http2|Connection id "0HN313UG71O1H" sending DATA frame for stream ID 5 with length 16384 and flags NONE.
2024-04-20 12:52:48.5554|TRACE|Microsoft.AspNetCore.Server.Kestrel.Http2|Connection id "0HN313UG71O1H" sending DATA frame for stream ID 5 with length 16384 and flags NONE.
2024-04-20 12:52:48.5554|TRACE|Microsoft.AspNetCore.Server.Kestrel.Http2|Connection id "0HN313UG71O1H" sending DATA frame for stream ID 5 with length 16384 and flags NONE.
2024-04-20 12:52:48.5554|TRACE|Microsoft.AspNetCore.Server.Kestrel.Http2|Connection id "0HN313UG71O1H" sending DATA frame for stream ID 5 with length 16384 and flags NONE.
2024-04-20 12:52:48.5630|TRACE|Microsoft.AspNetCore.Server.Kestrel.Http2|Connection id "0HN313UG71O1H" sending DATA frame for stream ID 7 with length 16384 and flags NONE.
2024-04-20 12:52:48.5630|TRACE|Microsoft.AspNetCore.Server.Kestrel.Http2|Connection id "0HN313UG71O1H" sending DATA frame for stream ID 7 with length 16384 and flags NONE.
2024-04-20 12:52:48.5630|TRACE|Microsoft.AspNetCore.Server.Kestrel.Http2|Connection id "0HN313UG71O1H" sending DATA frame for stream ID 7 with length 16384 and flags NONE.
2024-04-20 12:52:48.5630|TRACE|Microsoft.AspNetCore.Server.Kestrel.Http2|Connection id "0HN313UG71O1H" sending DATA frame for stream ID 7 with length 16384 and flags NONE.
2024-04-20 12:52:48.5630|TRACE|Microsoft.AspNetCore.Server.Kestrel.Http2|Connection id "0HN313UG71O1H" sending DATA frame for stream ID 9 with length 16384 and flags NONE.
2024-04-20 12:52:48.5630|TRACE|Microsoft.AspNetCore.Server.Kestrel.Http2|Connection id "0HN313UG71O1H" sending DATA frame for stream ID 9 with length 16384 and flags NONE.
2024-04-20 12:52:48.5630|TRACE|Microsoft.AspNetCore.Server.Kestrel.Http2|Connection id "0HN313UG71O1H" sending DATA frame for stream ID 9 with length 16384 and flags NONE.
2024-04-20 12:52:48.5630|TRACE|Microsoft.AspNetCore.Server.Kestrel.Http2|Connection id "0HN313UG71O1H" sending DATA frame for stream ID 9 with length 16384 and flags NONE.
2024-04-20 12:52:48.5630|TRACE|Microsoft.AspNetCore.Server.Kestrel.Http2|Connection id "0HN313UG71O1H" sending DATA frame for stream ID 5 with length 16384 and flags NONE.
2024-04-20 12:52:48.5630|TRACE|Microsoft.AspNetCore.Server.Kestrel.Http2|Connection id "0HN313UG71O1H" sending DATA frame for stream ID 5 with length 16384 and flags NONE.
2024-04-20 12:52:48.5630|TRACE|Microsoft.AspNetCore.Server.Kestrel.Http2|Connection id "0HN313UG71O1H" sending DATA frame for stream ID 5 with length 16384 and flags NONE.
2024-04-20 12:52:48.5630|TRACE|Microsoft.AspNetCore.Server.Kestrel.Http2|Connection id "0HN313UG71O1H" sending DATA frame for stream ID 5 with length 16384 and flags NONE.
2024-04-20 12:52:48.5630|TRACE|Microsoft.AspNetCore.Server.Kestrel.Http2|Connection id "0HN313UG71O1H" sending DATA frame for stream ID 7 with length 16384 and flags NONE.
2024-04-20 12:52:48.5630|TRACE|Microsoft.AspNetCore.Server.Kestrel.Http2|Connection id "0HN313UG71O1H" sending DATA frame for stream ID 7 with length 16384 and flags NONE.
2024-04-20 12:52:48.5630|TRACE|Microsoft.AspNetCore.Server.Kestrel.Http2|Connection id "0HN313UG71O1H" sending DATA frame for stream ID 7 with length 16384 and flags NONE.
2024-04-20 12:52:48.5630|TRACE|Microsoft.AspNetCore.Server.Kestrel.Http2|Connection id "0HN313UG71O1H" sending DATA frame for stream ID 7 with length 16384 and flags NONE.
2024-04-20 12:52:48.5630|TRACE|Microsoft.AspNetCore.Server.Kestrel.Http2|Connection id "0HN313UG71O1H" sending DATA frame for stream ID 9 with length 16384 and flags NONE.
2024-04-20 12:52:48.5630|TRACE|Microsoft.AspNetCore.Server.Kestrel.Http2|Connection id "0HN313UG71O1H" sending DATA frame for stream ID 9 with length 16384 and flags NONE.
2024-04-20 12:52:48.5630|TRACE|Microsoft.AspNetCore.Server.Kestrel.Http2|Connection id "0HN313UG71O1H" sending DATA frame for stream ID 9 with length 16384 and flags NONE.
2024-04-20 12:52:48.5630|TRACE|Microsoft.AspNetCore.Server.Kestrel.Http2|Connection id "0HN313UG71O1H" sending DATA frame for stream ID 9 with length 16384 and flags NONE.
2024-04-20 12:52:48.5859|TRACE|Microsoft.AspNetCore.Server.Kestrel.Http2|Connection id "0HN313UG71O1H" sending DATA frame for stream ID 5 with length 12560 and flags NONE.
2024-04-20 12:52:48.5859|TRACE|Microsoft.AspNetCore.Server.Kestrel.Http2|Connection id "0HN313UG71O1H" sending DATA frame for stream ID 7 with length 16384 and flags NONE.
2024-04-20 12:52:48.5859|TRACE|Microsoft.AspNetCore.Server.Kestrel.Http2|Connection id "0HN313UG71O1H" sending DATA frame for stream ID 7 with length 16384 and flags NONE.
2024-04-20 12:52:48.5859|TRACE|Microsoft.AspNetCore.Server.Kestrel.Http2|Connection id "0HN313UG71O1H" sending DATA frame for stream ID 7 with length 16384 and flags NONE.
2024-04-20 12:52:48.5859|TRACE|Microsoft.AspNetCore.Server.Kestrel.Http2|Connection id "0HN313UG71O1H" sending DATA frame for stream ID 7 with length 16384 and flags NONE.
2024-04-20 12:52:48.5859|TRACE|Microsoft.AspNetCore.Server.Kestrel.Http2|Connection id "0HN313UG71O1H" sending DATA frame for stream ID 9 with length 16384 and flags NONE.
2024-04-20 12:52:48.5859|TRACE|Microsoft.AspNetCore.Server.Kestrel.Http2|Connection id "0HN313UG71O1H" sending DATA frame for stream ID 9 with length 16384 and flags NONE.
2024-04-20 12:52:48.5859|TRACE|Microsoft.AspNetCore.Server.Kestrel.Http2|Connection id "0HN313UG71O1H" sending DATA frame for stream ID 9 with length 16384 and flags NONE.
2024-04-20 12:52:48.5859|TRACE|Microsoft.AspNetCore.Server.Kestrel.Http2|Connection id "0HN313UG71O1H" sending DATA frame for stream ID 9 with length 16384 and flags NONE.
2024-04-20 12:52:48.5992|TRACE|Microsoft.AspNetCore.Server.Kestrel.Http2|Connection id "0HN313UG71O1H" sending DATA frame for stream ID 5 with length 0 and flags END_STREAM.
2024-04-20 12:52:48.5992|TRACE|Microsoft.AspNetCore.Server.Kestrel.Http2|Connection id "0HN313UG71O1H" sending DATA frame for stream ID 7 with length 16384 and flags NONE.
2024-04-20 12:52:48.5992|TRACE|Microsoft.AspNetCore.Server.Kestrel.Http2|Connection id "0HN313UG71O1H" sending DATA frame for stream ID 7 with length 16384 and flags NONE.
2024-04-20 12:52:48.5992|TRACE|Microsoft.AspNetCore.Server.Kestrel.Http2|Connection id "0HN313UG71O1H" sending DATA frame for stream ID 7 with length 16384 and flags NONE.
2024-04-20 12:52:48.5992|TRACE|Microsoft.AspNetCore.Server.Kestrel.Http2|Connection id "0HN313UG71O1H" sending DATA frame for stream ID 7 with length 16384 and flags NONE.
2024-04-20 12:52:48.6106|TRACE|Microsoft.AspNetCore.Server.Kestrel.Http2|Connection id "0HN313UG71O1H" sending DATA frame for stream ID 7 with length 16384 and flags NONE.
2024-04-20 12:52:48.6106|TRACE|Microsoft.AspNetCore.Server.Kestrel.Http2|Connection id "0HN313UG71O1H" sending DATA frame for stream ID 7 with length 16384 and flags NONE.
2024-04-20 12:52:48.6106|TRACE|Microsoft.AspNetCore.Server.Kestrel.Http2|Connection id "0HN313UG71O1H" sending DATA frame for stream ID 7 with length 16384 and flags NONE.
2024-04-20 12:52:48.6106|TRACE|Microsoft.AspNetCore.Server.Kestrel.Http2|Connection id "0HN313UG71O1H" sending DATA frame for stream ID 7 with length 16384 and flags NONE.
2024-04-20 12:52:48.6106|TRACE|Microsoft.AspNetCore.Server.Kestrel.Http2|Connection id "0HN313UG71O1H" sending DATA frame for stream ID 7 with length 16384 and flags NONE.
2024-04-20 12:52:48.6106|TRACE|Microsoft.AspNetCore.Server.Kestrel.Http2|Connection id "0HN313UG71O1H" sending DATA frame for stream ID 7 with length 16384 and flags NONE.
2024-04-20 12:52:48.6106|TRACE|Microsoft.AspNetCore.Server.Kestrel.Http2|Connection id "0HN313UG71O1H" sending DATA frame for stream ID 7 with length 16384 and flags NONE.
2024-04-20 12:52:48.6106|TRACE|Microsoft.AspNetCore.Server.Kestrel.Http2|Connection id "0HN313UG71O1H" sending DATA frame for stream ID 7 with length 16384 and flags NONE.
2024-04-20 12:52:48.6106|TRACE|Microsoft.AspNetCore.Server.Kestrel.Http2|Connection id "0HN313UG71O1H" sending DATA frame for stream ID 9 with length 16384 and flags NONE.
2024-04-20 12:52:48.6106|TRACE|Microsoft.AspNetCore.Server.Kestrel.Http2|Connection id "0HN313UG71O1H" sending DATA frame for stream ID 9 with length 16384 and flags NONE.
2024-04-20 12:52:48.6106|TRACE|Microsoft.AspNetCore.Server.Kestrel.Http2|Connection id "0HN313UG71O1H" sending DATA frame for stream ID 9 with length 16384 and flags NONE.
2024-04-20 12:52:48.6106|TRACE|Microsoft.AspNetCore.Server.Kestrel.Http2|Connection id "0HN313UG71O1H" sending DATA frame for stream ID 9 with length 16384 and flags NONE.
2024-04-20 12:52:48.6260|TRACE|Microsoft.AspNetCore.Server.Kestrel.Http2|Connection id "0HN313UG71O1H" sending DATA frame for stream ID 9 with length 16384 and flags NONE.
2024-04-20 12:52:48.6260|TRACE|Microsoft.AspNetCore.Server.Kestrel.Http2|Connection id "0HN313UG71O1H" sending DATA frame for stream ID 9 with length 16384 and flags NONE.
2024-04-20 12:52:48.6260|TRACE|Microsoft.AspNetCore.Server.Kestrel.Http2|Connection id "0HN313UG71O1H" sending DATA frame for stream ID 9 with length 16384 and flags NONE.
2024-04-20 12:52:48.6260|TRACE|Microsoft.AspNetCore.Server.Kestrel.Http2|Connection id "0HN313UG71O1H" sending DATA frame for stream ID 9 with length 16384 and flags NONE.
2024-04-20 12:52:48.6260|TRACE|Microsoft.AspNetCore.Server.Kestrel.Http2|Connection id "0HN313UG71O1H" sending DATA frame for stream ID 7 with length 16384 and flags NONE.
2024-04-20 12:52:48.6260|TRACE|Microsoft.AspNetCore.Server.Kestrel.Http2|Connection id "0HN313UG71O1H" sending DATA frame for stream ID 7 with length 16384 and flags NONE.
2024-04-20 12:52:48.6260|TRACE|Microsoft.AspNetCore.Server.Kestrel.Http2|Connection id "0HN313UG71O1H" sending DATA frame for stream ID 7 with length 16384 and flags NONE.
2024-04-20 12:52:48.6260|TRACE|Microsoft.AspNetCore.Server.Kestrel.Http2|Connection id "0HN313UG71O1H" sending DATA frame for stream ID 7 with length 16384 and flags NONE.
2024-04-20 12:52:48.6260|TRACE|Microsoft.AspNetCore.Server.Kestrel.Http2|Connection id "0HN313UG71O1H" sending DATA frame for stream ID 9 with length 9482 and flags NONE.
2024-04-20 12:52:48.6260|TRACE|Microsoft.AspNetCore.Server.Kestrel.Http2|Connection id "0HN313UG71O1H" sending DATA frame for stream ID 7 with length 16384 and flags NONE.
2024-04-20 12:52:48.6260|TRACE|Microsoft.AspNetCore.Server.Kestrel.Http2|Connection id "0HN313UG71O1H" sending DATA frame for stream ID 7 with length 16384 and flags NONE.
2024-04-20 12:52:48.6260|TRACE|Microsoft.AspNetCore.Server.Kestrel.Http2|Connection id "0HN313UG71O1H" sending DATA frame for stream ID 7 with length 16384 and flags NONE.
2024-04-20 12:52:48.6260|TRACE|Microsoft.AspNetCore.Server.Kestrel.Http2|Connection id "0HN313UG71O1H" sending DATA frame for stream ID 7 with length 16384 and flags NONE.
2024-04-20 12:52:48.6260|TRACE|Microsoft.AspNetCore.Server.Kestrel.Http2|Connection id "0HN313UG71O1H" sending DATA frame for stream ID 7 with length 16384 and flags NONE.
2024-04-20 12:52:48.6260|TRACE|Microsoft.AspNetCore.Server.Kestrel.Http2|Connection id "0HN313UG71O1H" sending DATA frame for stream ID 7 with length 16384 and flags NONE.
2024-04-20 12:52:48.6260|TRACE|Microsoft.AspNetCore.Server.Kestrel.Http2|Connection id "0HN313UG71O1H" sending DATA frame for stream ID 7 with length 16384 and flags NONE.
2024-04-20 12:52:48.6260|TRACE|Microsoft.AspNetCore.Server.Kestrel.Http2|Connection id "0HN313UG71O1H" sending DATA frame for stream ID 7 with length 16384 and flags NONE.
2024-04-20 12:52:48.6409|TRACE|Microsoft.AspNetCore.Server.Kestrel.Http2|Connection id "0HN313UG71O1H" sending DATA frame for stream ID 7 with length 16384 and flags NONE.
2024-04-20 12:52:48.6409|TRACE|Microsoft.AspNetCore.Server.Kestrel.Http2|Connection id "0HN313UG71O1H" sending DATA frame for stream ID 7 with length 16384 and flags NONE.
2024-04-20 12:52:48.6409|TRACE|Microsoft.AspNetCore.Server.Kestrel.Http2|Connection id "0HN313UG71O1H" sending DATA frame for stream ID 7 with length 16384 and flags NONE.
2024-04-20 12:52:48.6409|TRACE|Microsoft.AspNetCore.Server.Kestrel.Http2|Connection id "0HN313UG71O1H" sending DATA frame for stream ID 7 with length 16384 and flags NONE.
2024-04-20 12:52:48.6409|TRACE|Microsoft.AspNetCore.Server.Kestrel.Http2|Connection id "0HN313UG71O1H" sending DATA frame for stream ID 7 with length 16384 and flags NONE.
2024-04-20 12:52:48.6409|TRACE|Microsoft.AspNetCore.Server.Kestrel.Http2|Connection id "0HN313UG71O1H" sending DATA frame for stream ID 7 with length 16384 and flags NONE.
2024-04-20 12:52:48.6409|TRACE|Microsoft.AspNetCore.Server.Kestrel.Http2|Connection id "0HN313UG71O1H" sending DATA frame for stream ID 7 with length 16384 and flags NONE.
2024-04-20 12:52:48.6409|TRACE|Microsoft.AspNetCore.Server.Kestrel.Http2|Connection id "0HN313UG71O1H" sending DATA frame for stream ID 7 with length 16384 and flags NONE.
2024-04-20 12:52:48.6409|TRACE|Microsoft.AspNetCore.Server.Kestrel.Http2|Connection id "0HN313UG71O1H" sending DATA frame for stream ID 7 with length 16384 and flags NONE.
2024-04-20 12:52:48.6409|TRACE|Microsoft.AspNetCore.Server.Kestrel.Http2|Connection id "0HN313UG71O1H" sending DATA frame for stream ID 7 with length 16384 and flags NONE.
2024-04-20 12:52:48.6409|TRACE|Microsoft.AspNetCore.Server.Kestrel.Http2|Connection id "0HN313UG71O1H" sending DATA frame for stream ID 7 with length 16384 and flags NONE.
2024-04-20 12:52:48.6409|TRACE|Microsoft.AspNetCore.Server.Kestrel.Http2|Connection id "0HN313UG71O1H" sending DATA frame for stream ID 7 with length 16384 and flags NONE.
2024-04-20 12:52:48.6409|TRACE|Microsoft.AspNetCore.Server.Kestrel.Http2|Connection id "0HN313UG71O1H" sending DATA frame for stream ID 9 with length 0 and flags END_STREAM.
2024-04-20 12:52:48.6658|TRACE|Microsoft.AspNetCore.Server.Kestrel.Http2|Connection id "0HN313UG71O1H" sending DATA frame for stream ID 7 with length 16384 and flags NONE.
2024-04-20 12:52:48.7019|TRACE|Microsoft.AspNetCore.Server.Kestrel.Http2|Connection id "0HN313UG71O1H" sending DATA frame for stream ID 7 with length 16384 and flags NONE.
2024-04-20 12:52:48.7076|TRACE|Microsoft.AspNetCore.Server.Kestrel.Http2|Connection id "0HN313UG71O1H" sending DATA frame for stream ID 7 with length 16384 and flags NONE.
2024-04-20 12:52:48.7076|TRACE|Microsoft.AspNetCore.Server.Kestrel.Http2|Connection id "0HN313UG71O1H" sending DATA frame for stream ID 7 with length 16384 and flags NONE.
2024-04-20 12:52:48.7076|TRACE|Microsoft.AspNetCore.Server.Kestrel.Http2|Connection id "0HN313UG71O1H" sending DATA frame for stream ID 7 with length 16384 and flags NONE.
2024-04-20 12:52:48.7076|TRACE|Microsoft.AspNetCore.Server.Kestrel.Http2|Connection id "0HN313UG71O1H" sending DATA frame for stream ID 7 with length 16384 and flags NONE.
2024-04-20 12:52:48.7076|TRACE|Microsoft.AspNetCore.Server.Kestrel.Http2|Connection id "0HN313UG71O1H" sending DATA frame for stream ID 7 with length 16384 and flags NONE.
2024-04-20 12:52:48.7076|TRACE|Microsoft.AspNetCore.Server.Kestrel.Http2|Connection id "0HN313UG71O1H" sending DATA frame for stream ID 7 with length 16384 and flags NONE.
2024-04-20 12:52:48.7076|TRACE|Microsoft.AspNetCore.Server.Kestrel.Http2|Connection id "0HN313UG71O1H" sending DATA frame for stream ID 7 with length 16384 and flags NONE.
2024-04-20 12:52:48.7076|TRACE|Microsoft.AspNetCore.Server.Kestrel.Http2|Connection id "0HN313UG71O1H" sending DATA frame for stream ID 7 with length 16384 and flags NONE.
2024-04-20 12:52:48.7076|TRACE|Microsoft.AspNetCore.Server.Kestrel.Http2|Connection id "0HN313UG71O1H" sending DATA frame for stream ID 7 with length 16384 and flags NONE.
2024-04-20 12:52:48.7076|TRACE|Microsoft.AspNetCore.Server.Kestrel.Http2|Connection id "0HN313UG71O1H" sending DATA frame for stream ID 7 with length 16384 and flags NONE.
2024-04-20 12:52:48.7076|TRACE|Microsoft.AspNetCore.Server.Kestrel.Http2|Connection id "0HN313UG71O1H" sending DATA frame for stream ID 7 with length 16384 and flags NONE.
2024-04-20 12:52:48.7076|TRACE|Microsoft.AspNetCore.Server.Kestrel.Http2|Connection id "0HN313UG71O1H" sending DATA frame for stream ID 7 with length 16384 and flags NONE.
2024-04-20 12:52:48.7076|TRACE|Microsoft.AspNetCore.Server.Kestrel.Http2|Connection id "0HN313UG71O1H" sending DATA frame for stream ID 7 with length 16384 and flags NONE.
2024-04-20 12:52:48.7076|TRACE|Microsoft.AspNetCore.Server.Kestrel.Http2|Connection id "0HN313UG71O1H" sending DATA frame for stream ID 7 with length 16384 and flags NONE.
2024-04-20 12:52:48.7190|TRACE|Microsoft.AspNetCore.Server.Kestrel.Http2|Connection id "0HN313UG71O1H" sending DATA frame for stream ID 7 with length 16384 and flags NONE.
2024-04-20 12:52:48.7190|TRACE|Microsoft.AspNetCore.Server.Kestrel.Http2|Connection id "0HN313UG71O1H" sending DATA frame for stream ID 7 with length 16384 and flags NONE.
2024-04-20 12:52:48.7190|TRACE|Microsoft.AspNetCore.Server.Kestrel.Http2|Connection id "0HN313UG71O1H" sending DATA frame for stream ID 7 with length 11545 and flags NONE.
2024-04-20 12:52:48.7190|TRACE|Microsoft.AspNetCore.Server.Kestrel.Http2|Connection id "0HN313UG71O1H" sending DATA frame for stream ID 7 with length 0 and flags END_STREAM.
2024-04-20 12:52:49.0073|TRACE|Microsoft.AspNetCore.Server.Kestrel.Http2|Connection id "0HN313UG71O1H" sending HEADERS frame for stream ID 13 with length 149 and flags END_HEADERS.
2024-04-20 12:52:49.0073|TRACE|Microsoft.AspNetCore.Server.Kestrel.Http2|Connection id "0HN313UG71O1H" sending DATA frame for stream ID 13 with length 9986 and flags NONE.
2024-04-20 12:52:49.0073|TRACE|Microsoft.AspNetCore.Server.Kestrel.Http2|Connection id "0HN313UG71O1H" sending DATA frame for stream ID 13 with length 10240 and flags NONE.
2024-04-20 12:52:49.0073|TRACE|Microsoft.AspNetCore.Server.Kestrel.Http2|Connection id "0HN313UG71O1H" sending DATA frame for stream ID 13 with length 10240 and flags NONE.
2024-04-20 12:52:49.0073|TRACE|Microsoft.AspNetCore.Server.Kestrel.Http2|Connection id "0HN313UG71O1H" sending DATA frame for stream ID 13 with length 10240 and flags NONE.
2024-04-20 12:52:49.0073|TRACE|Microsoft.AspNetCore.Server.Kestrel.Http2|Connection id "0HN313UG71O1H" sending DATA frame for stream ID 13 with length 10240 and flags NONE.
2024-04-20 12:52:49.0073|TRACE|Microsoft.AspNetCore.Server.Kestrel.Http2|Connection id "0HN313UG71O1H" sending DATA frame for stream ID 13 with length 10240 and flags NONE.
2024-04-20 12:52:49.0073|TRACE|Microsoft.AspNetCore.Server.Kestrel.Http2|Connection id "0HN313UG71O1H" sending DATA frame for stream ID 13 with length 10240 and flags NONE.
2024-04-20 12:52:49.0073|TRACE|Microsoft.AspNetCore.Server.Kestrel.Http2|Connection id "0HN313UG71O1H" sending DATA frame for stream ID 13 with length 10240 and flags NONE.
2024-04-20 12:52:49.0073|TRACE|Microsoft.AspNetCore.Server.Kestrel.Http2|Connection id "0HN313UG71O1H" sending DATA frame for stream ID 13 with length 10240 and flags NONE.
2024-04-20 12:52:49.0073|TRACE|Microsoft.AspNetCore.Server.Kestrel.Http2|Connection id "0HN313UG71O1H" sending DATA frame for stream ID 13 with length 10240 and flags NONE.
2024-04-20 12:52:49.0073|TRACE|Microsoft.AspNetCore.Server.Kestrel.Http2|Connection id "0HN313UG71O1H" sending DATA frame for stream ID 13 with length 10240 and flags NONE.
2024-04-20 12:52:49.0073|TRACE|Microsoft.AspNetCore.Server.Kestrel.Http2|Connection id "0HN313UG71O1H" sending DATA frame for stream ID 13 with length 10240 and flags NONE.
2024-04-20 12:52:49.0073|TRACE|Microsoft.AspNetCore.Server.Kestrel.Http2|Connection id "0HN313UG71O1H" sending DATA frame for stream ID 13 with length 10240 and flags NONE.
2024-04-20 12:52:49.0073|TRACE|Microsoft.AspNetCore.Server.Kestrel.Http2|Connection id "0HN313UG71O1H" sending DATA frame for stream ID 13 with length 10240 and flags NONE.
2024-04-20 12:52:49.0073|TRACE|Microsoft.AspNetCore.Server.Kestrel.Http2|Connection id "0HN313UG71O1H" sending DATA frame for stream ID 13 with length 10240 and flags NONE.
2024-04-20 12:52:49.0073|TRACE|Microsoft.AspNetCore.Server.Kestrel.Http2|Connection id "0HN313UG71O1H" sending DATA frame for stream ID 13 with length 160 and flags NONE.
2024-04-20 12:52:49.0073|TRACE|Microsoft.AspNetCore.Server.Kestrel.Http2|Connection id "0HN313UG71O1H" sending DATA frame for stream ID 13 with length 0 and flags END_STREAM.
2024-04-20 12:52:49.1726|TRACE|Microsoft.AspNetCore.Server.Kestrel.Http2|Connection id "0HN313UG71O1H" received HEADERS frame for stream ID 15 with length 66 and flags END_STREAM, END_HEADERS, PRIORITY.
2024-04-20 12:52:49.5392|TRACE|Microsoft.AspNetCore.Server.Kestrel.Http2|Connection id "0HN313UG71O1H" sending HEADERS frame for stream ID 15 with length 35 and flags END_HEADERS.
2024-04-20 12:52:49.5392|TRACE|Microsoft.AspNetCore.Server.Kestrel.Http2|Connection id "0HN313UG71O1H" sending DATA frame for stream ID 15 with length 16384 and flags NONE.
2024-04-20 12:52:49.5392|TRACE|Microsoft.AspNetCore.Server.Kestrel.Http2|Connection id "0HN313UG71O1H" sending DATA frame for stream ID 15 with length 16384 and flags NONE.
2024-04-20 12:52:49.5392|TRACE|Microsoft.AspNetCore.Server.Kestrel.Http2|Connection id "0HN313UG71O1H" sending DATA frame for stream ID 15 with length 2199 and flags NONE.
2024-04-20 12:52:49.5392|TRACE|Microsoft.AspNetCore.Server.Kestrel.Http2|Connection id "0HN313UG71O1H" sending DATA frame for stream ID 15 with length 0 and flags END_STREAM.
2024-04-20 12:53:09.3124|TRACE|Microsoft.AspNetCore.Server.Kestrel.Http2|Connection id "0HN313UG71O1H" received HEADERS frame for stream ID 17 with length 35 and flags END_STREAM, END_HEADERS, PRIORITY.
2024-04-20 12:53:09.3124|TRACE|Microsoft.AspNetCore.Server.Kestrel.Http2|Connection id "0HN313UG71O1H" received PING frame for stream ID 0 with length 8 and flags NONE.
2024-04-20 12:53:09.3124|TRACE|Microsoft.AspNetCore.Server.Kestrel.Http2|Connection id "0HN313UG71O1H" sending PING frame for stream ID 0 with length 8 and flags ACK.
2024-04-20 12:53:13.0007|TRACE|Microsoft.AspNetCore.Server.Kestrel.Http2|Connection id "0HN313UG71O1H" sending HEADERS frame for stream ID 17 with length 66 and flags END_HEADERS.
2024-04-20 12:53:13.0007|TRACE|Microsoft.AspNetCore.Server.Kestrel.Http2|Connection id "0HN313UG71O1H" sending DATA frame for stream ID 17 with length 29 and flags NONE.
2024-04-20 12:53:13.0202|TRACE|Microsoft.AspNetCore.Server.Kestrel.Http2|Connection id "0HN313UG71O1H" sending DATA frame for stream ID 17 with length 0 and flags END_STREAM.
2024-04-20 12:53:13.0202|TRACE|Microsoft.AspNetCore.Server.Kestrel.Http2|Connection id "0HN313UG71O1H" received WINDOW_UPDATE frame for stream ID 0 with length 4 and flags 0x0.
2024-04-20 12:53:31.1293|TRACE|Microsoft.AspNetCore.Server.Kestrel.Http2|Connection id "0HN313UG71O1I" sending SETTINGS frame for stream ID 0 with length 18 and flags NONE.
2024-04-20 12:53:31.1293|TRACE|Microsoft.AspNetCore.Server.Kestrel.Http2|Connection id "0HN313UG71O1I" sending WINDOW_UPDATE frame for stream ID 0 with length 4 and flags 0x0.
2024-04-20 12:53:31.2554|TRACE|Microsoft.AspNetCore.Server.Kestrel.Http2|Connection id "0HN313UG71O1I" received SETTINGS frame for stream ID 0 with length 6 and flags NONE.
2024-04-20 12:53:31.2554|TRACE|Microsoft.AspNetCore.Server.Kestrel.Http2|Connection id "0HN313UG71O1I" sending SETTINGS frame for stream ID 0 with length 0 and flags ACK.
2024-04-20 12:53:31.2554|TRACE|Microsoft.AspNetCore.Server.Kestrel.Http2|Connection id "0HN313UG71O1I" received WINDOW_UPDATE frame for stream ID 0 with length 4 and flags 0x0.
2024-04-20 12:53:31.2554|TRACE|Microsoft.AspNetCore.Server.Kestrel.Http2|Connection id "0HN313UG71O1I" received HEADERS frame for stream ID 3 with length 42 and flags END_STREAM, END_HEADERS.
2024-04-20 12:53:31.2957|TRACE|Microsoft.AspNetCore.Server.Kestrel.Http2|Connection id "0HN313UG71O1I" received SETTINGS frame for stream ID 0 with length 0 and flags ACK.
2024-04-20 12:53:31.3123|TRACE|Microsoft.AspNetCore.Server.Kestrel.Http2|Connection id "0HN313UG71O1I" sending HEADERS frame for stream ID 3 with length 74 and flags END_HEADERS.
2024-04-20 12:53:31.3123|TRACE|Microsoft.AspNetCore.Server.Kestrel.Http2|Connection id "0HN313UG71O1I" sending DATA frame for stream ID 3 with length 29 and flags NONE.
2024-04-20 12:53:31.3123|TRACE|Microsoft.AspNetCore.Server.Kestrel.Http2|Connection id "0HN313UG71O1I" sending DATA frame for stream ID 3 with length 0 and flags END_STREAM.
2024-04-20 12:53:31.8578|TRACE|Microsoft.AspNetCore.Server.Kestrel.Http2|Connection id "0HN313UG71O1I" received HEADERS frame for stream ID 5 with length 60 and flags END_STREAM, END_HEADERS.
2024-04-20 12:53:32.6282|TRACE|Microsoft.AspNetCore.Server.Kestrel.Http2|Connection id "0HN313UG71O1I" sending HEADERS frame for stream ID 5 with length 34 and flags END_HEADERS.
2024-04-20 12:53:32.6282|TRACE|Microsoft.AspNetCore.Server.Kestrel.Http2|Connection id "0HN313UG71O1I" sending DATA frame for stream ID 5 with length 241 and flags NONE.
2024-04-20 12:53:32.6282|TRACE|Microsoft.AspNetCore.Server.Kestrel.Http2|Connection id "0HN313UG71O1I" sending DATA frame for stream ID 5 with length 0 and flags END_STREAM.
2024-04-20 12:53:33.2645|TRACE|Microsoft.AspNetCore.Server.Kestrel.Http2|Connection id "0HN313UG71O1I" received HEADERS frame for stream ID 7 with length 24 and flags END_STREAM, END_HEADERS.
2024-04-20 12:53:33.3607|TRACE|Microsoft.AspNetCore.Server.Kestrel.Http2|Connection id "0HN313UG71O1I" sending HEADERS frame for stream ID 7 with length 34 and flags END_HEADERS.
2024-04-20 12:53:33.3750|TRACE|Microsoft.AspNetCore.Server.Kestrel.Http2|Connection id "0HN313UG71O1I" sending DATA frame for stream ID 7 with length 156 and flags NONE.
2024-04-20 12:53:33.3750|TRACE|Microsoft.AspNetCore.Server.Kestrel.Http2|Connection id "0HN313UG71O1I" sending DATA frame for stream ID 7 with length 0 and flags END_STREAM.
2024-04-20 12:53:33.4088|TRACE|Microsoft.AspNetCore.Server.Kestrel.Http2|Connection id "0HN313UG71O1I" received HEADERS frame for stream ID 9 with length 49 and flags END_HEADERS.
2024-04-20 12:53:33.4088|TRACE|Microsoft.AspNetCore.Server.Kestrel.Http2|Connection id "0HN313UG71O1I" received DATA frame for stream ID 9 with length 133 and flags END_STREAM.
2024-04-20 12:53:33.9806|TRACE|Microsoft.AspNetCore.Server.Kestrel.Http2|Connection id "0HN313UG71O1I" sending HEADERS frame for stream ID 9 with length 57 and flags END_HEADERS.
2024-04-20 12:53:33.9806|TRACE|Microsoft.AspNetCore.Server.Kestrel.Http2|Connection id "0HN313UG71O1I" sending DATA frame for stream ID 9 with length 133 and flags NONE.
2024-04-20 12:53:33.9806|TRACE|Microsoft.AspNetCore.Server.Kestrel.Http2|Connection id "0HN313UG71O1I" sending DATA frame for stream ID 9 with length 0 and flags END_STREAM.
2024-04-20 12:53:34.0477|TRACE|Microsoft.AspNetCore.Server.Kestrel.Http2|Connection id "0HN313UG71O1I" received HEADERS frame for stream ID 11 with length 23 and flags END_STREAM, END_HEADERS.
2024-04-20 12:53:34.1095|TRACE|Microsoft.AspNetCore.Server.Kestrel.Http2|Connection id "0HN313UG71O1I" sending HEADERS frame for stream ID 11 with length 34 and flags END_HEADERS.
2024-04-20 12:53:34.1095|TRACE|Microsoft.AspNetCore.Server.Kestrel.Http2|Connection id "0HN313UG71O1I" sending DATA frame for stream ID 11 with length 97 and flags NONE.
2024-04-20 12:53:34.1095|TRACE|Microsoft.AspNetCore.Server.Kestrel.Http2|Connection id "0HN313UG71O1I" sending DATA frame for stream ID 11 with length 0 and flags END_STREAM.
2024-04-20 12:53:34.2605|TRACE|Microsoft.AspNetCore.Server.Kestrel.Http2|Connection id "0HN313UG71O1I" received HEADERS frame for stream ID 13 with length 23 and flags END_STREAM, END_HEADERS.
2024-04-20 12:53:34.2703|TRACE|Microsoft.AspNetCore.Server.Kestrel.Http2|Connection id "0HN313UG71O1I" sending HEADERS frame for stream ID 13 with length 4 and flags END_HEADERS.
2024-04-20 12:53:34.2703|TRACE|Microsoft.AspNetCore.Server.Kestrel.Http2|Connection id "0HN313UG71O1I" sending DATA frame for stream ID 13 with length 97 and flags NONE.
2024-04-20 12:53:34.2703|TRACE|Microsoft.AspNetCore.Server.Kestrel.Http2|Connection id "0HN313UG71O1I" sending DATA frame for stream ID 13 with length 0 and flags END_STREAM.
2024-04-20 12:53:34.3479|TRACE|Microsoft.AspNetCore.Server.Kestrel.Http2|Connection id "0HN313UG71O1I" received HEADERS frame for stream ID 15 with length 28 and flags END_HEADERS.
2024-04-20 12:53:34.3479|TRACE|Microsoft.AspNetCore.Server.Kestrel.Http2|Connection id "0HN313UG71O1I" received DATA frame for stream ID 15 with length 114 and flags END_STREAM.
2024-04-20 12:53:34.4060|TRACE|Microsoft.AspNetCore.Server.Kestrel.Http2|Connection id "0HN313UG71O1I" sending HEADERS frame for stream ID 15 with length 3 and flags END_STREAM, END_HEADERS.
2024-04-20 12:53:55.8820|DEBUG|Microsoft.AspNetCore.Server.Kestrel.Http2|Connection id "0HN313UG71O1I" is closed. The last processed stream ID was 15.
2024-04-20 12:53:58.7233|TRACE|Microsoft.AspNetCore.Server.Kestrel.Http2|Connection id "0HN313UG71O1J" sending SETTINGS frame for stream ID 0 with length 18 and flags NONE.
2024-04-20 12:53:58.7233|TRACE|Microsoft.AspNetCore.Server.Kestrel.Http2|Connection id "0HN313UG71O1J" sending WINDOW_UPDATE frame for stream ID 0 with length 4 and flags 0x0.
2024-04-20 12:53:58.7364|TRACE|Microsoft.AspNetCore.Server.Kestrel.Http2|Connection id "0HN313UG71O1J" received SETTINGS frame for stream ID 0 with length 6 and flags NONE.
2024-04-20 12:53:58.7364|TRACE|Microsoft.AspNetCore.Server.Kestrel.Http2|Connection id "0HN313UG71O1J" sending SETTINGS frame for stream ID 0 with length 0 and flags ACK.
2024-04-20 12:53:58.7364|TRACE|Microsoft.AspNetCore.Server.Kestrel.Http2|Connection id "0HN313UG71O1J" received WINDOW_UPDATE frame for stream ID 0 with length 4 and flags 0x0.
2024-04-20 12:53:58.7364|TRACE|Microsoft.AspNetCore.Server.Kestrel.Http2|Connection id "0HN313UG71O1J" received HEADERS frame for stream ID 3 with length 42 and flags END_STREAM, END_HEADERS.
2024-04-20 12:53:58.7364|TRACE|Microsoft.AspNetCore.Server.Kestrel.Http2|Connection id "0HN313UG71O1J" received SETTINGS frame for stream ID 0 with length 0 and flags ACK.
2024-04-20 12:53:58.7364|TRACE|Microsoft.AspNetCore.Server.Kestrel.Http2|Connection id "0HN313UG71O1J" sending HEADERS frame for stream ID 3 with length 74 and flags END_HEADERS.
2024-04-20 12:53:58.7364|TRACE|Microsoft.AspNetCore.Server.Kestrel.Http2|Connection id "0HN313UG71O1J" sending DATA frame for stream ID 3 with length 29 and flags NONE.
2024-04-20 12:53:58.7364|TRACE|Microsoft.AspNetCore.Server.Kestrel.Http2|Connection id "0HN313UG71O1J" sending DATA frame for stream ID 3 with length 0 and flags END_STREAM.
2024-04-20 12:53:58.9631|TRACE|Microsoft.AspNetCore.Server.Kestrel.Http2|Connection id "0HN313UG71O1J" received HEADERS frame for stream ID 5 with length 60 and flags END_STREAM, END_HEADERS.
2024-04-20 12:53:59.0185|TRACE|Microsoft.AspNetCore.Server.Kestrel.Http2|Connection id "0HN313UG71O1J" sending HEADERS frame for stream ID 5 with length 4 and flags END_HEADERS.
2024-04-20 12:53:59.0185|TRACE|Microsoft.AspNetCore.Server.Kestrel.Http2|Connection id "0HN313UG71O1J" sending DATA frame for stream ID 5 with length 241 and flags NONE.
2024-04-20 12:53:59.0185|TRACE|Microsoft.AspNetCore.Server.Kestrel.Http2|Connection id "0HN313UG71O1J" sending DATA frame for stream ID 5 with length 0 and flags END_STREAM.
2024-04-20 12:53:59.0976|TRACE|Microsoft.AspNetCore.Server.Kestrel.Http2|Connection id "0HN313UG71O1J" received HEADERS frame for stream ID 7 with length 24 and flags END_STREAM, END_HEADERS.
2024-04-20 12:53:59.1093|TRACE|Microsoft.AspNetCore.Server.Kestrel.Http2|Connection id "0HN313UG71O1J" sending HEADERS frame for stream ID 7 with length 4 and flags END_HEADERS.
2024-04-20 12:53:59.1093|TRACE|Microsoft.AspNetCore.Server.Kestrel.Http2|Connection id "0HN313UG71O1J" sending DATA frame for stream ID 7 with length 133 and flags NONE.
2024-04-20 12:53:59.1093|TRACE|Microsoft.AspNetCore.Server.Kestrel.Http2|Connection id "0HN313UG71O1J" sending DATA frame for stream ID 7 with length 0 and flags END_STREAM.
2024-04-20 12:54:07.1877|DEBUG|Microsoft.AspNetCore.Server.Kestrel.Http2|Connection id "0HN313UG71O1J" is closed. The last processed stream ID was 7.
2024-04-20 14:11:20.9578|DEBUG|Microsoft.AspNetCore.Server.Kestrel.Http2|Connection id "0HN313UG71O1H" is closed. The last processed stream ID was 17.
2024-04-20 18:11:29.7130|TRACE|Microsoft.AspNetCore.Server.Kestrel.Http2|Connection id "0HN313UG71O1K" sending SETTINGS frame for stream ID 0 with length 18 and flags NONE.
2024-04-20 18:11:29.7130|TRACE|Microsoft.AspNetCore.Server.Kestrel.Http2|Connection id "0HN313UG71O1K" sending WINDOW_UPDATE frame for stream ID 0 with length 4 and flags 0x0.
2024-04-20 18:11:30.0330|TRACE|Microsoft.AspNetCore.Server.Kestrel.Http2|Connection id "0HN313UG71O1K" received SETTINGS frame for stream ID 0 with length 6 and flags NONE.
2024-04-20 18:11:30.0330|TRACE|Microsoft.AspNetCore.Server.Kestrel.Http2|Connection id "0HN313UG71O1K" sending SETTINGS frame for stream ID 0 with length 0 and flags ACK.
2024-04-20 18:11:30.0330|TRACE|Microsoft.AspNetCore.Server.Kestrel.Http2|Connection id "0HN313UG71O1K" received WINDOW_UPDATE frame for stream ID 0 with length 4 and flags 0x0.
2024-04-20 18:11:30.0330|TRACE|Microsoft.AspNetCore.Server.Kestrel.Http2|Connection id "0HN313UG71O1K" received HEADERS frame for stream ID 3 with length 64 and flags END_STREAM, END_HEADERS.
2024-04-20 18:11:30.0692|TRACE|Microsoft.AspNetCore.Server.Kestrel.Http2|Connection id "0HN313UG71O1K" received SETTINGS frame for stream ID 0 with length 0 and flags ACK.
2024-04-20 18:11:30.0692|TRACE|Microsoft.AspNetCore.Server.Kestrel.Http2|Connection id "0HN313UG71O1K" received HEADERS frame for stream ID 5 with length 35 and flags END_STREAM, END_HEADERS.
2024-04-20 18:11:30.1103|TRACE|Microsoft.AspNetCore.Server.Kestrel.Http2|Connection id "0HN313UG71O1K" sending HEADERS frame for stream ID 5 with length 82 and flags END_HEADERS.
2024-04-20 18:11:30.1103|TRACE|Microsoft.AspNetCore.Server.Kestrel.Http2|Connection id "0HN313UG71O1K" sending HEADERS frame for stream ID 3 with length 4 and flags END_HEADERS.
2024-04-20 18:11:30.1252|TRACE|Microsoft.AspNetCore.Server.Kestrel.Http2|Connection id "0HN313UG71O1K" sending DATA frame for stream ID 3 with length 290 and flags NONE.
2024-04-20 18:11:30.1252|TRACE|Microsoft.AspNetCore.Server.Kestrel.Http2|Connection id "0HN313UG71O1K" sending DATA frame for stream ID 5 with length 290 and flags NONE.
2024-04-20 18:11:30.1252|TRACE|Microsoft.AspNetCore.Server.Kestrel.Http2|Connection id "0HN313UG71O1K" sending DATA frame for stream ID 5 with length 0 and flags END_STREAM.
2024-04-20 18:11:30.1252|TRACE|Microsoft.AspNetCore.Server.Kestrel.Http2|Connection id "0HN313UG71O1K" sending DATA frame for stream ID 3 with length 0 and flags END_STREAM.
2024-04-20 18:11:30.6313|TRACE|Microsoft.AspNetCore.Server.Kestrel.Http2|Connection id "0HN313UG71O1K" received HEADERS frame for stream ID 7 with length 35 and flags END_STREAM, END_HEADERS.
2024-04-20 18:11:30.6489|TRACE|Microsoft.AspNetCore.Server.Kestrel.Http2|Connection id "0HN313UG71O1K" sending HEADERS frame for stream ID 7 with length 34 and flags END_HEADERS.
2024-04-20 18:11:30.6566|TRACE|Microsoft.AspNetCore.Server.Kestrel.Http2|Connection id "0HN313UG71O1K" sending DATA frame for stream ID 7 with length 290 and flags NONE.
2024-04-20 18:11:30.6566|TRACE|Microsoft.AspNetCore.Server.Kestrel.Http2|Connection id "0HN313UG71O1K" sending DATA frame for stream ID 7 with length 0 and flags END_STREAM.
2024-04-20 18:22:29.3172|DEBUG|Microsoft.AspNetCore.Server.Kestrel.Http2|Connection id "0HN313UG71O1K" is closed. The last processed stream ID was 7.
