2024-05-08 21:30:31.1180|TRACE|Microsoft.AspNetCore.Server.Kestrel.Http2|Connection id "0HN3FHJOBSMUG" sending SETTINGS frame for stream ID 0 with length 18 and flags NONE.
2024-05-08 21:30:31.1795|TRACE|Microsoft.AspNetCore.Server.Kestrel.Http2|Connection id "0HN3FHJOBSMUG" sending WINDOW_UPDATE frame for stream ID 0 with length 4 and flags 0x0.
2024-05-08 21:30:31.1825|TRACE|Microsoft.AspNetCore.Server.Kestrel.Http2|Connection id "0HN3FHJOBSMUG" received SETTINGS frame for stream ID 0 with length 24 and flags NONE.
2024-05-08 21:30:31.1825|TRACE|Microsoft.AspNetCore.Server.Kestrel.Http2|Connection id "0HN3FHJOBSMUG" sending SETTINGS frame for stream ID 0 with length 0 and flags ACK.
2024-05-08 21:30:31.1825|TRACE|Microsoft.AspNetCore.Server.Kestrel.Http2|Connection id "0HN3FHJOBSMUG" received WINDOW_UPDATE frame for stream ID 0 with length 4 and flags 0x0.
2024-05-08 21:30:31.2016|TRACE|Microsoft.AspNetCore.Server.Kestrel.Http2|Connection id "0HN3FHJOBSMUG" received HEADERS frame for stream ID 1 with length 492 and flags END_STREAM, END_HEADERS, PRIORITY.
2024-05-08 21:30:31.2476|TRACE|Microsoft.AspNetCore.Server.Kestrel.Http2|Connection id "0HN3FHJOBSMUG" received SETTINGS frame for stream ID 0 with length 0 and flags ACK.
2024-05-08 21:30:31.4759|TRACE|Microsoft.AspNetCore.Server.Kestrel.Http2|Connection id "0HN3FHJOBSMUG" sending HEADERS frame for stream ID 1 with length 69 and flags END_STREAM, END_HEADERS.
2024-05-08 21:30:31.4969|TRACE|Microsoft.AspNetCore.Server.Kestrel.Http2|Connection id "0HN3FHJOBSMUG" received HEADERS frame for stream ID 3 with length 37 and flags END_STREAM, END_HEADERS, PRIORITY.
2024-05-08 21:30:31.6241|TRACE|Microsoft.AspNetCore.Server.Kestrel.Http2|Connection id "0HN3FHJOBSMUG" sending HEADERS frame for stream ID 3 with length 28 and flags END_HEADERS.
2024-05-08 21:30:31.8162|TRACE|Microsoft.AspNetCore.Server.Kestrel.Http2|Connection id "0HN3FHJOBSMUG" sending DATA frame for stream ID 3 with length 1024 and flags NONE.
2024-05-08 21:30:31.8162|TRACE|Microsoft.AspNetCore.Server.Kestrel.Http2|Connection id "0HN3FHJOBSMUG" sending DATA frame for stream ID 3 with length 1024 and flags NONE.
2024-05-08 21:30:31.8162|TRACE|Microsoft.AspNetCore.Server.Kestrel.Http2|Connection id "0HN3FHJOBSMUG" sending DATA frame for stream ID 3 with length 1024 and flags NONE.
2024-05-08 21:30:31.8162|TRACE|Microsoft.AspNetCore.Server.Kestrel.Http2|Connection id "0HN3FHJOBSMUG" sending DATA frame for stream ID 3 with length 1024 and flags NONE.
2024-05-08 21:30:31.8162|TRACE|Microsoft.AspNetCore.Server.Kestrel.Http2|Connection id "0HN3FHJOBSMUG" sending DATA frame for stream ID 3 with length 994 and flags NONE.
2024-05-08 21:30:31.8162|TRACE|Microsoft.AspNetCore.Server.Kestrel.Http2|Connection id "0HN3FHJOBSMUG" sending DATA frame for stream ID 3 with length 65 and flags NONE.
2024-05-08 21:30:31.8162|TRACE|Microsoft.AspNetCore.Server.Kestrel.Http2|Connection id "0HN3FHJOBSMUG" sending DATA frame for stream ID 3 with length 16 and flags NONE.
2024-05-08 21:30:31.8162|TRACE|Microsoft.AspNetCore.Server.Kestrel.Http2|Connection id "0HN3FHJOBSMUG" received HEADERS frame for stream ID 5 with length 116 and flags END_STREAM, END_HEADERS, PRIORITY.
2024-05-08 21:30:31.8162|TRACE|Microsoft.AspNetCore.Server.Kestrel.Http2|Connection id "0HN3FHJOBSMUG" received HEADERS frame for stream ID 7 with length 58 and flags END_STREAM, END_HEADERS, PRIORITY.
2024-05-08 21:30:31.8281|TRACE|Microsoft.AspNetCore.Server.Kestrel.Http2|Connection id "0HN3FHJOBSMUG" received HEADERS frame for stream ID 9 with length 51 and flags END_STREAM, END_HEADERS, PRIORITY.
2024-05-08 21:30:31.8281|TRACE|Microsoft.AspNetCore.Server.Kestrel.Http2|Connection id "0HN3FHJOBSMUG" received HEADERS frame for stream ID 11 with length 52 and flags END_STREAM, END_HEADERS, PRIORITY.
2024-05-08 21:30:31.8281|TRACE|Microsoft.AspNetCore.Server.Kestrel.Http2|Connection id "0HN3FHJOBSMUG" received HEADERS frame for stream ID 13 with length 33 and flags END_STREAM, END_HEADERS, PRIORITY.
2024-05-08 21:30:31.8281|TRACE|Microsoft.AspNetCore.Server.Kestrel.Http2|Connection id "0HN3FHJOBSMUG" sending HEADERS frame for stream ID 11 with length 60 and flags END_HEADERS.
2024-05-08 21:30:31.8281|TRACE|Microsoft.AspNetCore.Server.Kestrel.Http2|Connection id "0HN3FHJOBSMUG" sending DATA frame for stream ID 11 with length 12356 and flags NONE.
2024-05-08 21:30:31.8479|TRACE|Microsoft.AspNetCore.Server.Kestrel.Http2|Connection id "0HN3FHJOBSMUG" sending DATA frame for stream ID 11 with length 0 and flags END_STREAM.
2024-05-08 21:30:31.8479|TRACE|Microsoft.AspNetCore.Server.Kestrel.Http2|Connection id "0HN3FHJOBSMUG" sending DATA frame for stream ID 3 with length 0 and flags END_STREAM.
2024-05-08 21:30:31.8479|TRACE|Microsoft.AspNetCore.Server.Kestrel.Http2|Connection id "0HN3FHJOBSMUG" sending HEADERS frame for stream ID 7 with length 94 and flags END_HEADERS.
2024-05-08 21:30:31.8479|TRACE|Microsoft.AspNetCore.Server.Kestrel.Http2|Connection id "0HN3FHJOBSMUG" sending HEADERS frame for stream ID 9 with length 34 and flags END_HEADERS.
2024-05-08 21:30:31.8479|TRACE|Microsoft.AspNetCore.Server.Kestrel.Http2|Connection id "0HN3FHJOBSMUG" sending HEADERS frame for stream ID 5 with length 43 and flags END_HEADERS.
2024-05-08 21:30:31.8479|TRACE|Microsoft.AspNetCore.Server.Kestrel.Http2|Connection id "0HN3FHJOBSMUG" sending DATA frame for stream ID 7 with length 16384 and flags NONE.
2024-05-08 21:30:31.8479|TRACE|Microsoft.AspNetCore.Server.Kestrel.Http2|Connection id "0HN3FHJOBSMUG" sending DATA frame for stream ID 7 with length 16384 and flags NONE.
2024-05-08 21:30:31.8479|TRACE|Microsoft.AspNetCore.Server.Kestrel.Http2|Connection id "0HN3FHJOBSMUG" sending DATA frame for stream ID 7 with length 16384 and flags NONE.
2024-05-08 21:30:31.8479|TRACE|Microsoft.AspNetCore.Server.Kestrel.Http2|Connection id "0HN3FHJOBSMUG" sending DATA frame for stream ID 7 with length 16384 and flags NONE.
2024-05-08 21:30:31.8479|TRACE|Microsoft.AspNetCore.Server.Kestrel.Http2|Connection id "0HN3FHJOBSMUG" sending DATA frame for stream ID 9 with length 16384 and flags NONE.
2024-05-08 21:30:31.8479|TRACE|Microsoft.AspNetCore.Server.Kestrel.Http2|Connection id "0HN3FHJOBSMUG" sending DATA frame for stream ID 9 with length 16384 and flags NONE.
2024-05-08 21:30:31.8479|TRACE|Microsoft.AspNetCore.Server.Kestrel.Http2|Connection id "0HN3FHJOBSMUG" sending DATA frame for stream ID 9 with length 16384 and flags NONE.
2024-05-08 21:30:31.8479|TRACE|Microsoft.AspNetCore.Server.Kestrel.Http2|Connection id "0HN3FHJOBSMUG" sending DATA frame for stream ID 9 with length 16384 and flags NONE.
2024-05-08 21:30:31.8479|TRACE|Microsoft.AspNetCore.Server.Kestrel.Http2|Connection id "0HN3FHJOBSMUG" sending DATA frame for stream ID 5 with length 16384 and flags NONE.
2024-05-08 21:30:31.8585|TRACE|Microsoft.AspNetCore.Server.Kestrel.Http2|Connection id "0HN3FHJOBSMUG" sending DATA frame for stream ID 5 with length 16384 and flags NONE.
2024-05-08 21:30:31.8585|TRACE|Microsoft.AspNetCore.Server.Kestrel.Http2|Connection id "0HN3FHJOBSMUG" sending DATA frame for stream ID 5 with length 16384 and flags NONE.
2024-05-08 21:30:31.8585|TRACE|Microsoft.AspNetCore.Server.Kestrel.Http2|Connection id "0HN3FHJOBSMUG" sending DATA frame for stream ID 5 with length 16384 and flags NONE.
2024-05-08 21:30:31.8585|TRACE|Microsoft.AspNetCore.Server.Kestrel.Http2|Connection id "0HN3FHJOBSMUG" sending DATA frame for stream ID 7 with length 16384 and flags NONE.
2024-05-08 21:30:31.8585|TRACE|Microsoft.AspNetCore.Server.Kestrel.Http2|Connection id "0HN3FHJOBSMUG" sending DATA frame for stream ID 7 with length 16384 and flags NONE.
2024-05-08 21:30:31.8585|TRACE|Microsoft.AspNetCore.Server.Kestrel.Http2|Connection id "0HN3FHJOBSMUG" sending DATA frame for stream ID 7 with length 16384 and flags NONE.
2024-05-08 21:30:31.8585|TRACE|Microsoft.AspNetCore.Server.Kestrel.Http2|Connection id "0HN3FHJOBSMUG" sending DATA frame for stream ID 7 with length 16384 and flags NONE.
2024-05-08 21:30:31.8585|TRACE|Microsoft.AspNetCore.Server.Kestrel.Http2|Connection id "0HN3FHJOBSMUG" sending DATA frame for stream ID 5 with length 16384 and flags NONE.
2024-05-08 21:30:31.8585|TRACE|Microsoft.AspNetCore.Server.Kestrel.Http2|Connection id "0HN3FHJOBSMUG" sending DATA frame for stream ID 5 with length 16384 and flags NONE.
2024-05-08 21:30:31.8585|TRACE|Microsoft.AspNetCore.Server.Kestrel.Http2|Connection id "0HN3FHJOBSMUG" sending DATA frame for stream ID 5 with length 16384 and flags NONE.
2024-05-08 21:30:31.8585|TRACE|Microsoft.AspNetCore.Server.Kestrel.Http2|Connection id "0HN3FHJOBSMUG" sending DATA frame for stream ID 5 with length 16384 and flags NONE.
2024-05-08 21:30:31.8772|TRACE|Microsoft.AspNetCore.Server.Kestrel.Http2|Connection id "0HN3FHJOBSMUG" sending DATA frame for stream ID 9 with length 16384 and flags NONE.
2024-05-08 21:30:31.8772|TRACE|Microsoft.AspNetCore.Server.Kestrel.Http2|Connection id "0HN3FHJOBSMUG" sending DATA frame for stream ID 9 with length 16384 and flags NONE.
2024-05-08 21:30:31.8772|TRACE|Microsoft.AspNetCore.Server.Kestrel.Http2|Connection id "0HN3FHJOBSMUG" sending DATA frame for stream ID 9 with length 16384 and flags NONE.
2024-05-08 21:30:31.8772|TRACE|Microsoft.AspNetCore.Server.Kestrel.Http2|Connection id "0HN3FHJOBSMUG" sending DATA frame for stream ID 9 with length 16384 and flags NONE.
2024-05-08 21:30:31.8772|TRACE|Microsoft.AspNetCore.Server.Kestrel.Http2|Connection id "0HN3FHJOBSMUG" sending HEADERS frame for stream ID 13 with length 119 and flags END_HEADERS.
2024-05-08 21:30:31.8772|TRACE|Microsoft.AspNetCore.Server.Kestrel.Http2|Connection id "0HN3FHJOBSMUG" sending DATA frame for stream ID 7 with length 16384 and flags NONE.
2024-05-08 21:30:31.8772|TRACE|Microsoft.AspNetCore.Server.Kestrel.Http2|Connection id "0HN3FHJOBSMUG" sending DATA frame for stream ID 7 with length 16384 and flags NONE.
2024-05-08 21:30:31.8772|TRACE|Microsoft.AspNetCore.Server.Kestrel.Http2|Connection id "0HN3FHJOBSMUG" sending DATA frame for stream ID 7 with length 16384 and flags NONE.
2024-05-08 21:30:31.8772|TRACE|Microsoft.AspNetCore.Server.Kestrel.Http2|Connection id "0HN3FHJOBSMUG" sending DATA frame for stream ID 7 with length 16384 and flags NONE.
2024-05-08 21:30:31.8772|TRACE|Microsoft.AspNetCore.Server.Kestrel.Http2|Connection id "0HN3FHJOBSMUG" sending DATA frame for stream ID 13 with length 9986 and flags NONE.
2024-05-08 21:30:31.8880|TRACE|Microsoft.AspNetCore.Server.Kestrel.Http2|Connection id "0HN3FHJOBSMUG" sending DATA frame for stream ID 7 with length 16384 and flags NONE.
2024-05-08 21:30:31.8880|TRACE|Microsoft.AspNetCore.Server.Kestrel.Http2|Connection id "0HN3FHJOBSMUG" sending DATA frame for stream ID 7 with length 16384 and flags NONE.
2024-05-08 21:30:31.8880|TRACE|Microsoft.AspNetCore.Server.Kestrel.Http2|Connection id "0HN3FHJOBSMUG" sending DATA frame for stream ID 7 with length 16384 and flags NONE.
2024-05-08 21:30:31.8880|TRACE|Microsoft.AspNetCore.Server.Kestrel.Http2|Connection id "0HN3FHJOBSMUG" sending DATA frame for stream ID 7 with length 16384 and flags NONE.
2024-05-08 21:30:31.8880|TRACE|Microsoft.AspNetCore.Server.Kestrel.Http2|Connection id "0HN3FHJOBSMUG" sending DATA frame for stream ID 13 with length 10240 and flags NONE.
2024-05-08 21:30:31.8880|TRACE|Microsoft.AspNetCore.Server.Kestrel.Http2|Connection id "0HN3FHJOBSMUG" sending DATA frame for stream ID 5 with length 12560 and flags NONE.
2024-05-08 21:30:31.8880|TRACE|Microsoft.AspNetCore.Server.Kestrel.Http2|Connection id "0HN3FHJOBSMUG" sending DATA frame for stream ID 9 with length 16384 and flags NONE.
2024-05-08 21:30:31.8880|TRACE|Microsoft.AspNetCore.Server.Kestrel.Http2|Connection id "0HN3FHJOBSMUG" sending DATA frame for stream ID 9 with length 16384 and flags NONE.
2024-05-08 21:30:31.8880|TRACE|Microsoft.AspNetCore.Server.Kestrel.Http2|Connection id "0HN3FHJOBSMUG" sending DATA frame for stream ID 9 with length 16384 and flags NONE.
2024-05-08 21:30:31.8880|TRACE|Microsoft.AspNetCore.Server.Kestrel.Http2|Connection id "0HN3FHJOBSMUG" sending DATA frame for stream ID 9 with length 16384 and flags NONE.
2024-05-08 21:30:31.9140|TRACE|Microsoft.AspNetCore.Server.Kestrel.Http2|Connection id "0HN3FHJOBSMUG" sending DATA frame for stream ID 7 with length 16384 and flags NONE.
2024-05-08 21:30:31.9140|TRACE|Microsoft.AspNetCore.Server.Kestrel.Http2|Connection id "0HN3FHJOBSMUG" sending DATA frame for stream ID 7 with length 16384 and flags NONE.
2024-05-08 21:30:31.9140|TRACE|Microsoft.AspNetCore.Server.Kestrel.Http2|Connection id "0HN3FHJOBSMUG" sending DATA frame for stream ID 7 with length 16384 and flags NONE.
2024-05-08 21:30:31.9140|TRACE|Microsoft.AspNetCore.Server.Kestrel.Http2|Connection id "0HN3FHJOBSMUG" sending DATA frame for stream ID 7 with length 16384 and flags NONE.
2024-05-08 21:30:31.9140|TRACE|Microsoft.AspNetCore.Server.Kestrel.Http2|Connection id "0HN3FHJOBSMUG" sending DATA frame for stream ID 9 with length 16384 and flags NONE.
2024-05-08 21:30:31.9140|TRACE|Microsoft.AspNetCore.Server.Kestrel.Http2|Connection id "0HN3FHJOBSMUG" sending DATA frame for stream ID 9 with length 16384 and flags NONE.
2024-05-08 21:30:31.9140|TRACE|Microsoft.AspNetCore.Server.Kestrel.Http2|Connection id "0HN3FHJOBSMUG" sending DATA frame for stream ID 9 with length 16384 and flags NONE.
2024-05-08 21:30:31.9140|TRACE|Microsoft.AspNetCore.Server.Kestrel.Http2|Connection id "0HN3FHJOBSMUG" sending DATA frame for stream ID 9 with length 16384 and flags NONE.
2024-05-08 21:30:31.9140|TRACE|Microsoft.AspNetCore.Server.Kestrel.Http2|Connection id "0HN3FHJOBSMUG" sending DATA frame for stream ID 7 with length 16384 and flags NONE.
2024-05-08 21:30:31.9140|TRACE|Microsoft.AspNetCore.Server.Kestrel.Http2|Connection id "0HN3FHJOBSMUG" sending DATA frame for stream ID 7 with length 16384 and flags NONE.
2024-05-08 21:30:31.9140|TRACE|Microsoft.AspNetCore.Server.Kestrel.Http2|Connection id "0HN3FHJOBSMUG" sending DATA frame for stream ID 7 with length 16384 and flags NONE.
2024-05-08 21:30:31.9140|TRACE|Microsoft.AspNetCore.Server.Kestrel.Http2|Connection id "0HN3FHJOBSMUG" sending DATA frame for stream ID 7 with length 16384 and flags NONE.
2024-05-08 21:30:31.9210|TRACE|Microsoft.AspNetCore.Server.Kestrel.Http2|Connection id "0HN3FHJOBSMUG" sending DATA frame for stream ID 7 with length 16384 and flags NONE.
2024-05-08 21:30:31.9210|TRACE|Microsoft.AspNetCore.Server.Kestrel.Http2|Connection id "0HN3FHJOBSMUG" sending DATA frame for stream ID 7 with length 16384 and flags NONE.
2024-05-08 21:30:31.9210|TRACE|Microsoft.AspNetCore.Server.Kestrel.Http2|Connection id "0HN3FHJOBSMUG" sending DATA frame for stream ID 7 with length 16384 and flags NONE.
2024-05-08 21:30:31.9210|TRACE|Microsoft.AspNetCore.Server.Kestrel.Http2|Connection id "0HN3FHJOBSMUG" sending DATA frame for stream ID 7 with length 16384 and flags NONE.
2024-05-08 21:30:31.9453|TRACE|Microsoft.AspNetCore.Server.Kestrel.Http2|Connection id "0HN3FHJOBSMUG" sending DATA frame for stream ID 13 with length 10240 and flags NONE.
2024-05-08 21:30:31.9453|TRACE|Microsoft.AspNetCore.Server.Kestrel.Http2|Connection id "0HN3FHJOBSMUG" sending DATA frame for stream ID 9 with length 16384 and flags NONE.
2024-05-08 21:30:31.9453|TRACE|Microsoft.AspNetCore.Server.Kestrel.Http2|Connection id "0HN3FHJOBSMUG" sending DATA frame for stream ID 9 with length 16384 and flags NONE.
2024-05-08 21:30:31.9453|TRACE|Microsoft.AspNetCore.Server.Kestrel.Http2|Connection id "0HN3FHJOBSMUG" sending DATA frame for stream ID 9 with length 16384 and flags NONE.
2024-05-08 21:30:31.9453|TRACE|Microsoft.AspNetCore.Server.Kestrel.Http2|Connection id "0HN3FHJOBSMUG" sending DATA frame for stream ID 9 with length 16384 and flags NONE.
2024-05-08 21:30:31.9453|TRACE|Microsoft.AspNetCore.Server.Kestrel.Http2|Connection id "0HN3FHJOBSMUG" sending DATA frame for stream ID 7 with length 16384 and flags NONE.
2024-05-08 21:30:31.9453|TRACE|Microsoft.AspNetCore.Server.Kestrel.Http2|Connection id "0HN3FHJOBSMUG" sending DATA frame for stream ID 7 with length 16384 and flags NONE.
2024-05-08 21:30:31.9453|TRACE|Microsoft.AspNetCore.Server.Kestrel.Http2|Connection id "0HN3FHJOBSMUG" sending DATA frame for stream ID 7 with length 16384 and flags NONE.
2024-05-08 21:30:31.9453|TRACE|Microsoft.AspNetCore.Server.Kestrel.Http2|Connection id "0HN3FHJOBSMUG" sending DATA frame for stream ID 7 with length 16384 and flags NONE.
2024-05-08 21:30:31.9453|TRACE|Microsoft.AspNetCore.Server.Kestrel.Http2|Connection id "0HN3FHJOBSMUG" sending DATA frame for stream ID 13 with length 10240 and flags NONE.
2024-05-08 21:30:31.9520|TRACE|Microsoft.AspNetCore.Server.Kestrel.Http2|Connection id "0HN3FHJOBSMUG" sending DATA frame for stream ID 9 with length 9482 and flags NONE.
2024-05-08 21:30:31.9520|TRACE|Microsoft.AspNetCore.Server.Kestrel.Http2|Connection id "0HN3FHJOBSMUG" sending DATA frame for stream ID 5 with length 0 and flags END_STREAM.
2024-05-08 21:30:31.9520|TRACE|Microsoft.AspNetCore.Server.Kestrel.Http2|Connection id "0HN3FHJOBSMUG" sending DATA frame for stream ID 7 with length 16384 and flags NONE.
2024-05-08 21:30:31.9520|TRACE|Microsoft.AspNetCore.Server.Kestrel.Http2|Connection id "0HN3FHJOBSMUG" sending DATA frame for stream ID 7 with length 16384 and flags NONE.
2024-05-08 21:30:31.9520|TRACE|Microsoft.AspNetCore.Server.Kestrel.Http2|Connection id "0HN3FHJOBSMUG" sending DATA frame for stream ID 7 with length 16384 and flags NONE.
2024-05-08 21:30:31.9520|TRACE|Microsoft.AspNetCore.Server.Kestrel.Http2|Connection id "0HN3FHJOBSMUG" sending DATA frame for stream ID 7 with length 16384 and flags NONE.
2024-05-08 21:30:31.9520|TRACE|Microsoft.AspNetCore.Server.Kestrel.Http2|Connection id "0HN3FHJOBSMUG" sending DATA frame for stream ID 13 with length 10240 and flags NONE.
2024-05-08 21:30:31.9520|TRACE|Microsoft.AspNetCore.Server.Kestrel.Http2|Connection id "0HN3FHJOBSMUG" sending DATA frame for stream ID 9 with length 0 and flags END_STREAM.
2024-05-08 21:30:31.9520|TRACE|Microsoft.AspNetCore.Server.Kestrel.Http2|Connection id "0HN3FHJOBSMUG" sending DATA frame for stream ID 13 with length 10240 and flags NONE.
2024-05-08 21:30:31.9520|TRACE|Microsoft.AspNetCore.Server.Kestrel.Http2|Connection id "0HN3FHJOBSMUG" sending DATA frame for stream ID 7 with length 16384 and flags NONE.
2024-05-08 21:30:31.9520|TRACE|Microsoft.AspNetCore.Server.Kestrel.Http2|Connection id "0HN3FHJOBSMUG" sending DATA frame for stream ID 7 with length 16384 and flags NONE.
2024-05-08 21:30:31.9520|TRACE|Microsoft.AspNetCore.Server.Kestrel.Http2|Connection id "0HN3FHJOBSMUG" sending DATA frame for stream ID 7 with length 16384 and flags NONE.
2024-05-08 21:30:31.9520|TRACE|Microsoft.AspNetCore.Server.Kestrel.Http2|Connection id "0HN3FHJOBSMUG" sending DATA frame for stream ID 7 with length 16384 and flags NONE.
2024-05-08 21:30:31.9520|TRACE|Microsoft.AspNetCore.Server.Kestrel.Http2|Connection id "0HN3FHJOBSMUG" sending DATA frame for stream ID 13 with length 10240 and flags NONE.
2024-05-08 21:30:31.9520|TRACE|Microsoft.AspNetCore.Server.Kestrel.Http2|Connection id "0HN3FHJOBSMUG" sending DATA frame for stream ID 13 with length 10240 and flags NONE.
2024-05-08 21:30:31.9520|TRACE|Microsoft.AspNetCore.Server.Kestrel.Http2|Connection id "0HN3FHJOBSMUG" sending DATA frame for stream ID 7 with length 16384 and flags NONE.
2024-05-08 21:30:31.9520|TRACE|Microsoft.AspNetCore.Server.Kestrel.Http2|Connection id "0HN3FHJOBSMUG" sending DATA frame for stream ID 7 with length 16384 and flags NONE.
2024-05-08 21:30:31.9520|TRACE|Microsoft.AspNetCore.Server.Kestrel.Http2|Connection id "0HN3FHJOBSMUG" sending DATA frame for stream ID 7 with length 16384 and flags NONE.
2024-05-08 21:30:31.9520|TRACE|Microsoft.AspNetCore.Server.Kestrel.Http2|Connection id "0HN3FHJOBSMUG" sending DATA frame for stream ID 7 with length 16384 and flags NONE.
2024-05-08 21:30:31.9520|TRACE|Microsoft.AspNetCore.Server.Kestrel.Http2|Connection id "0HN3FHJOBSMUG" sending DATA frame for stream ID 13 with length 10240 and flags NONE.
2024-05-08 21:30:31.9520|TRACE|Microsoft.AspNetCore.Server.Kestrel.Http2|Connection id "0HN3FHJOBSMUG" sending DATA frame for stream ID 7 with length 16384 and flags NONE.
2024-05-08 21:30:31.9520|TRACE|Microsoft.AspNetCore.Server.Kestrel.Http2|Connection id "0HN3FHJOBSMUG" sending DATA frame for stream ID 7 with length 16384 and flags NONE.
2024-05-08 21:30:31.9520|TRACE|Microsoft.AspNetCore.Server.Kestrel.Http2|Connection id "0HN3FHJOBSMUG" sending DATA frame for stream ID 7 with length 16384 and flags NONE.
2024-05-08 21:30:31.9520|TRACE|Microsoft.AspNetCore.Server.Kestrel.Http2|Connection id "0HN3FHJOBSMUG" sending DATA frame for stream ID 7 with length 16384 and flags NONE.
2024-05-08 21:30:31.9520|TRACE|Microsoft.AspNetCore.Server.Kestrel.Http2|Connection id "0HN3FHJOBSMUG" sending DATA frame for stream ID 13 with length 10240 and flags NONE.
2024-05-08 21:30:31.9520|TRACE|Microsoft.AspNetCore.Server.Kestrel.Http2|Connection id "0HN3FHJOBSMUG" sending DATA frame for stream ID 7 with length 16384 and flags NONE.
2024-05-08 21:30:31.9520|TRACE|Microsoft.AspNetCore.Server.Kestrel.Http2|Connection id "0HN3FHJOBSMUG" sending DATA frame for stream ID 7 with length 16384 and flags NONE.
2024-05-08 21:30:31.9520|TRACE|Microsoft.AspNetCore.Server.Kestrel.Http2|Connection id "0HN3FHJOBSMUG" sending DATA frame for stream ID 7 with length 16384 and flags NONE.
2024-05-08 21:30:31.9520|TRACE|Microsoft.AspNetCore.Server.Kestrel.Http2|Connection id "0HN3FHJOBSMUG" sending DATA frame for stream ID 7 with length 16384 and flags NONE.
2024-05-08 21:30:31.9520|TRACE|Microsoft.AspNetCore.Server.Kestrel.Http2|Connection id "0HN3FHJOBSMUG" sending DATA frame for stream ID 13 with length 10240 and flags NONE.
2024-05-08 21:30:31.9520|TRACE|Microsoft.AspNetCore.Server.Kestrel.Http2|Connection id "0HN3FHJOBSMUG" sending DATA frame for stream ID 7 with length 16384 and flags NONE.
2024-05-08 21:30:31.9520|TRACE|Microsoft.AspNetCore.Server.Kestrel.Http2|Connection id "0HN3FHJOBSMUG" sending DATA frame for stream ID 7 with length 16384 and flags NONE.
2024-05-08 21:30:31.9520|TRACE|Microsoft.AspNetCore.Server.Kestrel.Http2|Connection id "0HN3FHJOBSMUG" sending DATA frame for stream ID 7 with length 16384 and flags NONE.
2024-05-08 21:30:31.9520|TRACE|Microsoft.AspNetCore.Server.Kestrel.Http2|Connection id "0HN3FHJOBSMUG" sending DATA frame for stream ID 7 with length 16384 and flags NONE.
2024-05-08 21:30:31.9520|TRACE|Microsoft.AspNetCore.Server.Kestrel.Http2|Connection id "0HN3FHJOBSMUG" sending DATA frame for stream ID 13 with length 10240 and flags NONE.
2024-05-08 21:30:31.9520|TRACE|Microsoft.AspNetCore.Server.Kestrel.Http2|Connection id "0HN3FHJOBSMUG" sending DATA frame for stream ID 7 with length 16384 and flags NONE.
2024-05-08 21:30:31.9520|TRACE|Microsoft.AspNetCore.Server.Kestrel.Http2|Connection id "0HN3FHJOBSMUG" sending DATA frame for stream ID 7 with length 16384 and flags NONE.
2024-05-08 21:30:31.9520|TRACE|Microsoft.AspNetCore.Server.Kestrel.Http2|Connection id "0HN3FHJOBSMUG" sending DATA frame for stream ID 7 with length 16384 and flags NONE.
2024-05-08 21:30:31.9520|TRACE|Microsoft.AspNetCore.Server.Kestrel.Http2|Connection id "0HN3FHJOBSMUG" sending DATA frame for stream ID 7 with length 16384 and flags NONE.
2024-05-08 21:30:31.9520|TRACE|Microsoft.AspNetCore.Server.Kestrel.Http2|Connection id "0HN3FHJOBSMUG" sending DATA frame for stream ID 13 with length 10240 and flags NONE.
2024-05-08 21:30:31.9520|TRACE|Microsoft.AspNetCore.Server.Kestrel.Http2|Connection id "0HN3FHJOBSMUG" sending DATA frame for stream ID 7 with length 16384 and flags NONE.
2024-05-08 21:30:31.9520|TRACE|Microsoft.AspNetCore.Server.Kestrel.Http2|Connection id "0HN3FHJOBSMUG" sending DATA frame for stream ID 7 with length 16384 and flags NONE.
2024-05-08 21:30:31.9520|TRACE|Microsoft.AspNetCore.Server.Kestrel.Http2|Connection id "0HN3FHJOBSMUG" sending DATA frame for stream ID 7 with length 16384 and flags NONE.
2024-05-08 21:30:31.9520|TRACE|Microsoft.AspNetCore.Server.Kestrel.Http2|Connection id "0HN3FHJOBSMUG" sending DATA frame for stream ID 7 with length 16384 and flags NONE.
2024-05-08 21:30:31.9520|TRACE|Microsoft.AspNetCore.Server.Kestrel.Http2|Connection id "0HN3FHJOBSMUG" sending DATA frame for stream ID 13 with length 10240 and flags NONE.
2024-05-08 21:30:31.9679|TRACE|Microsoft.AspNetCore.Server.Kestrel.Http2|Connection id "0HN3FHJOBSMUG" sending DATA frame for stream ID 13 with length 10240 and flags NONE.
2024-05-08 21:30:31.9679|TRACE|Microsoft.AspNetCore.Server.Kestrel.Http2|Connection id "0HN3FHJOBSMUG" sending DATA frame for stream ID 7 with length 16384 and flags NONE.
2024-05-08 21:30:31.9679|TRACE|Microsoft.AspNetCore.Server.Kestrel.Http2|Connection id "0HN3FHJOBSMUG" sending DATA frame for stream ID 7 with length 16384 and flags NONE.
2024-05-08 21:30:31.9679|TRACE|Microsoft.AspNetCore.Server.Kestrel.Http2|Connection id "0HN3FHJOBSMUG" sending DATA frame for stream ID 7 with length 11545 and flags NONE.
2024-05-08 21:30:31.9679|TRACE|Microsoft.AspNetCore.Server.Kestrel.Http2|Connection id "0HN3FHJOBSMUG" sending DATA frame for stream ID 13 with length 160 and flags NONE.
2024-05-08 21:30:31.9679|TRACE|Microsoft.AspNetCore.Server.Kestrel.Http2|Connection id "0HN3FHJOBSMUG" sending DATA frame for stream ID 7 with length 0 and flags END_STREAM.
2024-05-08 21:30:31.9679|TRACE|Microsoft.AspNetCore.Server.Kestrel.Http2|Connection id "0HN3FHJOBSMUG" sending DATA frame for stream ID 13 with length 0 and flags END_STREAM.
2024-05-08 21:30:32.2012|TRACE|Microsoft.AspNetCore.Server.Kestrel.Http2|Connection id "0HN3FHJOBSMUG" received HEADERS frame for stream ID 15 with length 74 and flags END_STREAM, END_HEADERS, PRIORITY.
2024-05-08 21:30:32.5392|TRACE|Microsoft.AspNetCore.Server.Kestrel.Http2|Connection id "0HN3FHJOBSMUG" sending HEADERS frame for stream ID 15 with length 65 and flags END_HEADERS.
2024-05-08 21:30:32.5392|TRACE|Microsoft.AspNetCore.Server.Kestrel.Http2|Connection id "0HN3FHJOBSMUG" sending DATA frame for stream ID 15 with length 16384 and flags NONE.
2024-05-08 21:30:32.5392|TRACE|Microsoft.AspNetCore.Server.Kestrel.Http2|Connection id "0HN3FHJOBSMUG" sending DATA frame for stream ID 15 with length 16384 and flags NONE.
2024-05-08 21:30:32.5392|TRACE|Microsoft.AspNetCore.Server.Kestrel.Http2|Connection id "0HN3FHJOBSMUG" sending DATA frame for stream ID 15 with length 2199 and flags NONE.
2024-05-08 21:30:32.5392|TRACE|Microsoft.AspNetCore.Server.Kestrel.Http2|Connection id "0HN3FHJOBSMUG" sending DATA frame for stream ID 15 with length 0 and flags END_STREAM.
2024-05-08 21:41:28.2423|DEBUG|Microsoft.AspNetCore.Server.Kestrel.Http2|Connection id "0HN3FHJOBSMUG" is closed. The last processed stream ID was 15.
