2024-04-12 19:07:13.6359|TRACE|Microsoft.AspNetCore.Server.Kestrel.Http2|Connection id "0HN2R1AEFNH72" sending SETTINGS frame for stream ID 0 with length 18 and flags NONE.
2024-04-12 19:07:13.7103|TRACE|Microsoft.AspNetCore.Server.Kestrel.Http2|Connection id "0HN2R1AEFNH72" sending WINDOW_UPDATE frame for stream ID 0 with length 4 and flags 0x0.
2024-04-12 19:07:13.7103|TRACE|Microsoft.AspNetCore.Server.Kestrel.Http2|Connection id "0HN2R1AEFNH72" received SETTINGS frame for stream ID 0 with length 24 and flags NONE.
2024-04-12 19:07:13.7103|TRACE|Microsoft.AspNetCore.Server.Kestrel.Http2|Connection id "0HN2R1AEFNH72" sending SETTINGS frame for stream ID 0 with length 0 and flags ACK.
2024-04-12 19:07:13.7103|TRACE|Microsoft.AspNetCore.Server.Kestrel.Http2|Connection id "0HN2R1AEFNH72" received WINDOW_UPDATE frame for stream ID 0 with length 4 and flags 0x0.
2024-04-12 19:07:13.7193|TRACE|Microsoft.AspNetCore.Server.Kestrel.Http2|Connection id "0HN2R1AEFNH72" received HEADERS frame for stream ID 1 with length 478 and flags END_STREAM, END_HEADERS, PRIORITY.
2024-04-12 19:07:13.8100|TRACE|Microsoft.AspNetCore.Server.Kestrel.Http2|Connection id "0HN2R1AEFNH72" received SETTINGS frame for stream ID 0 with length 0 and flags ACK.
2024-04-12 19:07:14.2275|TRACE|Microsoft.AspNetCore.Server.Kestrel.Http2|Connection id "0HN2R1AEFNH72" sending HEADERS frame for stream ID 1 with length 69 and flags END_STREAM, END_HEADERS.
2024-04-12 19:07:14.2372|TRACE|Microsoft.AspNetCore.Server.Kestrel.Http2|Connection id "0HN2R1AEFNH72" received HEADERS frame for stream ID 3 with length 36 and flags END_STREAM, END_HEADERS, PRIORITY.
2024-04-12 19:07:14.4286|TRACE|Microsoft.AspNetCore.Server.Kestrel.Http2|Connection id "0HN2R1AEFNH72" sending HEADERS frame for stream ID 3 with length 28 and flags END_HEADERS.
2024-04-12 19:07:14.8214|TRACE|Microsoft.AspNetCore.Server.Kestrel.Http2|Connection id "0HN2R1AEFNH72" sending DATA frame for stream ID 3 with length 1024 and flags NONE.
2024-04-12 19:07:14.8214|TRACE|Microsoft.AspNetCore.Server.Kestrel.Http2|Connection id "0HN2R1AEFNH72" sending DATA frame for stream ID 3 with length 1024 and flags NONE.
2024-04-12 19:07:14.8214|TRACE|Microsoft.AspNetCore.Server.Kestrel.Http2|Connection id "0HN2R1AEFNH72" sending DATA frame for stream ID 3 with length 1024 and flags NONE.
2024-04-12 19:07:14.8214|TRACE|Microsoft.AspNetCore.Server.Kestrel.Http2|Connection id "0HN2R1AEFNH72" sending DATA frame for stream ID 3 with length 1024 and flags NONE.
2024-04-12 19:07:14.8214|TRACE|Microsoft.AspNetCore.Server.Kestrel.Http2|Connection id "0HN2R1AEFNH72" sending DATA frame for stream ID 3 with length 994 and flags NONE.
2024-04-12 19:07:14.8214|TRACE|Microsoft.AspNetCore.Server.Kestrel.Http2|Connection id "0HN2R1AEFNH72" sending DATA frame for stream ID 3 with length 65 and flags NONE.
2024-04-12 19:07:14.8214|TRACE|Microsoft.AspNetCore.Server.Kestrel.Http2|Connection id "0HN2R1AEFNH72" sending DATA frame for stream ID 3 with length 16 and flags NONE.
2024-04-12 19:07:14.8349|TRACE|Microsoft.AspNetCore.Server.Kestrel.Http2|Connection id "0HN2R1AEFNH72" sending DATA frame for stream ID 3 with length 0 and flags END_STREAM.
2024-04-12 19:07:14.8491|TRACE|Microsoft.AspNetCore.Server.Kestrel.Http2|Connection id "0HN2R1AEFNH72" received HEADERS frame for stream ID 5 with length 110 and flags END_STREAM, END_HEADERS, PRIORITY.
2024-04-12 19:07:14.8491|TRACE|Microsoft.AspNetCore.Server.Kestrel.Http2|Connection id "0HN2R1AEFNH72" received HEADERS frame for stream ID 7 with length 52 and flags END_STREAM, END_HEADERS, PRIORITY.
2024-04-12 19:07:14.8491|TRACE|Microsoft.AspNetCore.Server.Kestrel.Http2|Connection id "0HN2R1AEFNH72" received HEADERS frame for stream ID 9 with length 50 and flags END_STREAM, END_HEADERS, PRIORITY.
2024-04-12 19:07:14.8585|TRACE|Microsoft.AspNetCore.Server.Kestrel.Http2|Connection id "0HN2R1AEFNH72" received HEADERS frame for stream ID 11 with length 51 and flags END_STREAM, END_HEADERS, PRIORITY.
2024-04-12 19:07:14.8585|TRACE|Microsoft.AspNetCore.Server.Kestrel.Http2|Connection id "0HN2R1AEFNH72" received HEADERS frame for stream ID 13 with length 33 and flags END_STREAM, END_HEADERS, PRIORITY.
2024-04-12 19:07:14.8585|TRACE|Microsoft.AspNetCore.Server.Kestrel.Http2|Connection id "0HN2R1AEFNH72" sending HEADERS frame for stream ID 7 with length 94 and flags END_HEADERS.
2024-04-12 19:07:14.8585|TRACE|Microsoft.AspNetCore.Server.Kestrel.Http2|Connection id "0HN2R1AEFNH72" sending HEADERS frame for stream ID 5 with length 43 and flags END_HEADERS.
2024-04-12 19:07:14.8585|TRACE|Microsoft.AspNetCore.Server.Kestrel.Http2|Connection id "0HN2R1AEFNH72" sending HEADERS frame for stream ID 9 with length 34 and flags END_HEADERS.
2024-04-12 19:07:14.8752|TRACE|Microsoft.AspNetCore.Server.Kestrel.Http2|Connection id "0HN2R1AEFNH72" sending DATA frame for stream ID 7 with length 16384 and flags NONE.
2024-04-12 19:07:14.8752|TRACE|Microsoft.AspNetCore.Server.Kestrel.Http2|Connection id "0HN2R1AEFNH72" sending DATA frame for stream ID 7 with length 16384 and flags NONE.
2024-04-12 19:07:14.8752|TRACE|Microsoft.AspNetCore.Server.Kestrel.Http2|Connection id "0HN2R1AEFNH72" sending DATA frame for stream ID 7 with length 16384 and flags NONE.
2024-04-12 19:07:14.8752|TRACE|Microsoft.AspNetCore.Server.Kestrel.Http2|Connection id "0HN2R1AEFNH72" sending DATA frame for stream ID 7 with length 16384 and flags NONE.
2024-04-12 19:07:14.8752|TRACE|Microsoft.AspNetCore.Server.Kestrel.Http2|Connection id "0HN2R1AEFNH72" sending DATA frame for stream ID 5 with length 16384 and flags NONE.
2024-04-12 19:07:14.8752|TRACE|Microsoft.AspNetCore.Server.Kestrel.Http2|Connection id "0HN2R1AEFNH72" sending DATA frame for stream ID 5 with length 16384 and flags NONE.
2024-04-12 19:07:14.8752|TRACE|Microsoft.AspNetCore.Server.Kestrel.Http2|Connection id "0HN2R1AEFNH72" sending DATA frame for stream ID 5 with length 16384 and flags NONE.
2024-04-12 19:07:14.8752|TRACE|Microsoft.AspNetCore.Server.Kestrel.Http2|Connection id "0HN2R1AEFNH72" sending DATA frame for stream ID 5 with length 16384 and flags NONE.
2024-04-12 19:07:14.8752|TRACE|Microsoft.AspNetCore.Server.Kestrel.Http2|Connection id "0HN2R1AEFNH72" sending DATA frame for stream ID 9 with length 16384 and flags NONE.
2024-04-12 19:07:14.8752|TRACE|Microsoft.AspNetCore.Server.Kestrel.Http2|Connection id "0HN2R1AEFNH72" sending DATA frame for stream ID 9 with length 16384 and flags NONE.
2024-04-12 19:07:14.8752|TRACE|Microsoft.AspNetCore.Server.Kestrel.Http2|Connection id "0HN2R1AEFNH72" sending DATA frame for stream ID 9 with length 16384 and flags NONE.
2024-04-12 19:07:14.8752|TRACE|Microsoft.AspNetCore.Server.Kestrel.Http2|Connection id "0HN2R1AEFNH72" sending DATA frame for stream ID 9 with length 16384 and flags NONE.
2024-04-12 19:07:14.9016|TRACE|Microsoft.AspNetCore.Server.Kestrel.Http2|Connection id "0HN2R1AEFNH72" sending DATA frame for stream ID 5 with length 16384 and flags NONE.
2024-04-12 19:07:14.9016|TRACE|Microsoft.AspNetCore.Server.Kestrel.Http2|Connection id "0HN2R1AEFNH72" sending DATA frame for stream ID 5 with length 16384 and flags NONE.
2024-04-12 19:07:14.9016|TRACE|Microsoft.AspNetCore.Server.Kestrel.Http2|Connection id "0HN2R1AEFNH72" sending DATA frame for stream ID 5 with length 16384 and flags NONE.
2024-04-12 19:07:14.9016|TRACE|Microsoft.AspNetCore.Server.Kestrel.Http2|Connection id "0HN2R1AEFNH72" sending DATA frame for stream ID 5 with length 16384 and flags NONE.
2024-04-12 19:07:14.9116|TRACE|Microsoft.AspNetCore.Server.Kestrel.Http2|Connection id "0HN2R1AEFNH72" sending DATA frame for stream ID 9 with length 16384 and flags NONE.
2024-04-12 19:07:14.9116|TRACE|Microsoft.AspNetCore.Server.Kestrel.Http2|Connection id "0HN2R1AEFNH72" sending DATA frame for stream ID 9 with length 16384 and flags NONE.
2024-04-12 19:07:14.9116|TRACE|Microsoft.AspNetCore.Server.Kestrel.Http2|Connection id "0HN2R1AEFNH72" sending DATA frame for stream ID 9 with length 16384 and flags NONE.
2024-04-12 19:07:14.9116|TRACE|Microsoft.AspNetCore.Server.Kestrel.Http2|Connection id "0HN2R1AEFNH72" sending DATA frame for stream ID 9 with length 16384 and flags NONE.
2024-04-12 19:07:14.9215|TRACE|Microsoft.AspNetCore.Server.Kestrel.Http2|Connection id "0HN2R1AEFNH72" sending DATA frame for stream ID 5 with length 12560 and flags NONE.
2024-04-12 19:07:14.9215|TRACE|Microsoft.AspNetCore.Server.Kestrel.Http2|Connection id "0HN2R1AEFNH72" sending DATA frame for stream ID 7 with length 16384 and flags NONE.
2024-04-12 19:07:14.9215|TRACE|Microsoft.AspNetCore.Server.Kestrel.Http2|Connection id "0HN2R1AEFNH72" sending DATA frame for stream ID 7 with length 16384 and flags NONE.
2024-04-12 19:07:14.9215|TRACE|Microsoft.AspNetCore.Server.Kestrel.Http2|Connection id "0HN2R1AEFNH72" sending DATA frame for stream ID 7 with length 16384 and flags NONE.
2024-04-12 19:07:14.9215|TRACE|Microsoft.AspNetCore.Server.Kestrel.Http2|Connection id "0HN2R1AEFNH72" sending DATA frame for stream ID 7 with length 16384 and flags NONE.
2024-04-12 19:07:14.9215|TRACE|Microsoft.AspNetCore.Server.Kestrel.Http2|Connection id "0HN2R1AEFNH72" sending HEADERS frame for stream ID 11 with length 60 and flags END_HEADERS.
2024-04-12 19:07:14.9215|TRACE|Microsoft.AspNetCore.Server.Kestrel.Http2|Connection id "0HN2R1AEFNH72" sending DATA frame for stream ID 11 with length 12356 and flags NONE.
2024-04-12 19:07:14.9215|TRACE|Microsoft.AspNetCore.Server.Kestrel.Http2|Connection id "0HN2R1AEFNH72" sending DATA frame for stream ID 11 with length 0 and flags END_STREAM.
2024-04-12 19:07:14.9581|TRACE|Microsoft.AspNetCore.Server.Kestrel.Http2|Connection id "0HN2R1AEFNH72" sending DATA frame for stream ID 9 with length 16384 and flags NONE.
2024-04-12 19:07:14.9581|TRACE|Microsoft.AspNetCore.Server.Kestrel.Http2|Connection id "0HN2R1AEFNH72" sending DATA frame for stream ID 9 with length 16384 and flags NONE.
2024-04-12 19:07:14.9581|TRACE|Microsoft.AspNetCore.Server.Kestrel.Http2|Connection id "0HN2R1AEFNH72" sending DATA frame for stream ID 9 with length 16384 and flags NONE.
2024-04-12 19:07:14.9581|TRACE|Microsoft.AspNetCore.Server.Kestrel.Http2|Connection id "0HN2R1AEFNH72" sending DATA frame for stream ID 9 with length 16384 and flags NONE.
2024-04-12 19:07:14.9581|TRACE|Microsoft.AspNetCore.Server.Kestrel.Http2|Connection id "0HN2R1AEFNH72" sending DATA frame for stream ID 7 with length 16384 and flags NONE.
2024-04-12 19:07:14.9581|TRACE|Microsoft.AspNetCore.Server.Kestrel.Http2|Connection id "0HN2R1AEFNH72" sending DATA frame for stream ID 7 with length 16384 and flags NONE.
2024-04-12 19:07:14.9581|TRACE|Microsoft.AspNetCore.Server.Kestrel.Http2|Connection id "0HN2R1AEFNH72" sending DATA frame for stream ID 7 with length 16384 and flags NONE.
2024-04-12 19:07:14.9581|TRACE|Microsoft.AspNetCore.Server.Kestrel.Http2|Connection id "0HN2R1AEFNH72" sending DATA frame for stream ID 7 with length 16384 and flags NONE.
2024-04-12 19:07:14.9581|TRACE|Microsoft.AspNetCore.Server.Kestrel.Http2|Connection id "0HN2R1AEFNH72" sending DATA frame for stream ID 9 with length 16384 and flags NONE.
2024-04-12 19:07:14.9581|TRACE|Microsoft.AspNetCore.Server.Kestrel.Http2|Connection id "0HN2R1AEFNH72" sending DATA frame for stream ID 9 with length 16384 and flags NONE.
2024-04-12 19:07:14.9581|TRACE|Microsoft.AspNetCore.Server.Kestrel.Http2|Connection id "0HN2R1AEFNH72" sending DATA frame for stream ID 9 with length 16384 and flags NONE.
2024-04-12 19:07:14.9581|TRACE|Microsoft.AspNetCore.Server.Kestrel.Http2|Connection id "0HN2R1AEFNH72" sending DATA frame for stream ID 9 with length 16384 and flags NONE.
2024-04-12 19:07:14.9581|TRACE|Microsoft.AspNetCore.Server.Kestrel.Http2|Connection id "0HN2R1AEFNH72" sending DATA frame for stream ID 7 with length 16384 and flags NONE.
2024-04-12 19:07:14.9581|TRACE|Microsoft.AspNetCore.Server.Kestrel.Http2|Connection id "0HN2R1AEFNH72" sending DATA frame for stream ID 7 with length 16384 and flags NONE.
2024-04-12 19:07:14.9581|TRACE|Microsoft.AspNetCore.Server.Kestrel.Http2|Connection id "0HN2R1AEFNH72" sending DATA frame for stream ID 7 with length 16384 and flags NONE.
2024-04-12 19:07:14.9581|TRACE|Microsoft.AspNetCore.Server.Kestrel.Http2|Connection id "0HN2R1AEFNH72" sending DATA frame for stream ID 7 with length 16384 and flags NONE.
2024-04-12 19:07:14.9725|TRACE|Microsoft.AspNetCore.Server.Kestrel.Http2|Connection id "0HN2R1AEFNH72" sending DATA frame for stream ID 9 with length 16384 and flags NONE.
2024-04-12 19:07:14.9725|TRACE|Microsoft.AspNetCore.Server.Kestrel.Http2|Connection id "0HN2R1AEFNH72" sending DATA frame for stream ID 9 with length 16384 and flags NONE.
2024-04-12 19:07:14.9725|TRACE|Microsoft.AspNetCore.Server.Kestrel.Http2|Connection id "0HN2R1AEFNH72" sending DATA frame for stream ID 9 with length 16384 and flags NONE.
2024-04-12 19:07:14.9725|TRACE|Microsoft.AspNetCore.Server.Kestrel.Http2|Connection id "0HN2R1AEFNH72" sending DATA frame for stream ID 9 with length 16384 and flags NONE.
2024-04-12 19:07:14.9725|TRACE|Microsoft.AspNetCore.Server.Kestrel.Http2|Connection id "0HN2R1AEFNH72" sending DATA frame for stream ID 9 with length 9482 and flags NONE.
2024-04-12 19:07:14.9725|TRACE|Microsoft.AspNetCore.Server.Kestrel.Http2|Connection id "0HN2R1AEFNH72" sending DATA frame for stream ID 7 with length 16384 and flags NONE.
2024-04-12 19:07:14.9725|TRACE|Microsoft.AspNetCore.Server.Kestrel.Http2|Connection id "0HN2R1AEFNH72" sending DATA frame for stream ID 7 with length 16384 and flags NONE.
2024-04-12 19:07:14.9725|TRACE|Microsoft.AspNetCore.Server.Kestrel.Http2|Connection id "0HN2R1AEFNH72" sending DATA frame for stream ID 7 with length 16384 and flags NONE.
2024-04-12 19:07:14.9725|TRACE|Microsoft.AspNetCore.Server.Kestrel.Http2|Connection id "0HN2R1AEFNH72" sending DATA frame for stream ID 7 with length 16384 and flags NONE.
2024-04-12 19:07:14.9725|TRACE|Microsoft.AspNetCore.Server.Kestrel.Http2|Connection id "0HN2R1AEFNH72" sending DATA frame for stream ID 7 with length 16384 and flags NONE.
2024-04-12 19:07:14.9725|TRACE|Microsoft.AspNetCore.Server.Kestrel.Http2|Connection id "0HN2R1AEFNH72" sending DATA frame for stream ID 7 with length 16384 and flags NONE.
2024-04-12 19:07:14.9725|TRACE|Microsoft.AspNetCore.Server.Kestrel.Http2|Connection id "0HN2R1AEFNH72" sending DATA frame for stream ID 7 with length 16384 and flags NONE.
2024-04-12 19:07:14.9725|TRACE|Microsoft.AspNetCore.Server.Kestrel.Http2|Connection id "0HN2R1AEFNH72" sending DATA frame for stream ID 7 with length 16384 and flags NONE.
2024-04-12 19:07:14.9844|TRACE|Microsoft.AspNetCore.Server.Kestrel.Http2|Connection id "0HN2R1AEFNH72" sending DATA frame for stream ID 7 with length 16384 and flags NONE.
2024-04-12 19:07:14.9844|TRACE|Microsoft.AspNetCore.Server.Kestrel.Http2|Connection id "0HN2R1AEFNH72" sending DATA frame for stream ID 7 with length 16384 and flags NONE.
2024-04-12 19:07:14.9844|TRACE|Microsoft.AspNetCore.Server.Kestrel.Http2|Connection id "0HN2R1AEFNH72" sending DATA frame for stream ID 7 with length 16384 and flags NONE.
2024-04-12 19:07:14.9844|TRACE|Microsoft.AspNetCore.Server.Kestrel.Http2|Connection id "0HN2R1AEFNH72" sending DATA frame for stream ID 7 with length 16384 and flags NONE.
2024-04-12 19:07:14.9844|TRACE|Microsoft.AspNetCore.Server.Kestrel.Http2|Connection id "0HN2R1AEFNH72" sending DATA frame for stream ID 7 with length 16384 and flags NONE.
2024-04-12 19:07:14.9844|TRACE|Microsoft.AspNetCore.Server.Kestrel.Http2|Connection id "0HN2R1AEFNH72" sending DATA frame for stream ID 7 with length 16384 and flags NONE.
2024-04-12 19:07:14.9844|TRACE|Microsoft.AspNetCore.Server.Kestrel.Http2|Connection id "0HN2R1AEFNH72" sending DATA frame for stream ID 7 with length 16384 and flags NONE.
2024-04-12 19:07:14.9844|TRACE|Microsoft.AspNetCore.Server.Kestrel.Http2|Connection id "0HN2R1AEFNH72" sending DATA frame for stream ID 7 with length 16384 and flags NONE.
2024-04-12 19:07:14.9844|TRACE|Microsoft.AspNetCore.Server.Kestrel.Http2|Connection id "0HN2R1AEFNH72" sending DATA frame for stream ID 7 with length 16384 and flags NONE.
2024-04-12 19:07:14.9844|TRACE|Microsoft.AspNetCore.Server.Kestrel.Http2|Connection id "0HN2R1AEFNH72" sending DATA frame for stream ID 7 with length 16384 and flags NONE.
2024-04-12 19:07:14.9844|TRACE|Microsoft.AspNetCore.Server.Kestrel.Http2|Connection id "0HN2R1AEFNH72" sending DATA frame for stream ID 7 with length 16384 and flags NONE.
2024-04-12 19:07:14.9844|TRACE|Microsoft.AspNetCore.Server.Kestrel.Http2|Connection id "0HN2R1AEFNH72" sending DATA frame for stream ID 7 with length 16384 and flags NONE.
2024-04-12 19:07:14.9844|TRACE|Microsoft.AspNetCore.Server.Kestrel.Http2|Connection id "0HN2R1AEFNH72" sending DATA frame for stream ID 5 with length 0 and flags END_STREAM.
2024-04-12 19:07:14.9844|TRACE|Microsoft.AspNetCore.Server.Kestrel.Http2|Connection id "0HN2R1AEFNH72" sending DATA frame for stream ID 9 with length 0 and flags END_STREAM.
2024-04-12 19:07:14.9844|TRACE|Microsoft.AspNetCore.Server.Kestrel.Http2|Connection id "0HN2R1AEFNH72" sending DATA frame for stream ID 7 with length 16384 and flags NONE.
2024-04-12 19:07:14.9844|TRACE|Microsoft.AspNetCore.Server.Kestrel.Http2|Connection id "0HN2R1AEFNH72" sending DATA frame for stream ID 7 with length 16384 and flags NONE.
2024-04-12 19:07:14.9844|TRACE|Microsoft.AspNetCore.Server.Kestrel.Http2|Connection id "0HN2R1AEFNH72" sending DATA frame for stream ID 7 with length 16384 and flags NONE.
2024-04-12 19:07:14.9844|TRACE|Microsoft.AspNetCore.Server.Kestrel.Http2|Connection id "0HN2R1AEFNH72" sending DATA frame for stream ID 7 with length 16384 and flags NONE.
2024-04-12 19:07:14.9844|TRACE|Microsoft.AspNetCore.Server.Kestrel.Http2|Connection id "0HN2R1AEFNH72" sending DATA frame for stream ID 7 with length 16384 and flags NONE.
2024-04-12 19:07:14.9844|TRACE|Microsoft.AspNetCore.Server.Kestrel.Http2|Connection id "0HN2R1AEFNH72" sending DATA frame for stream ID 7 with length 16384 and flags NONE.
2024-04-12 19:07:14.9844|TRACE|Microsoft.AspNetCore.Server.Kestrel.Http2|Connection id "0HN2R1AEFNH72" sending DATA frame for stream ID 7 with length 16384 and flags NONE.
2024-04-12 19:07:14.9844|TRACE|Microsoft.AspNetCore.Server.Kestrel.Http2|Connection id "0HN2R1AEFNH72" sending DATA frame for stream ID 7 with length 16384 and flags NONE.
2024-04-12 19:07:14.9844|TRACE|Microsoft.AspNetCore.Server.Kestrel.Http2|Connection id "0HN2R1AEFNH72" sending DATA frame for stream ID 7 with length 16384 and flags NONE.
2024-04-12 19:07:14.9844|TRACE|Microsoft.AspNetCore.Server.Kestrel.Http2|Connection id "0HN2R1AEFNH72" sending DATA frame for stream ID 7 with length 16384 and flags NONE.
2024-04-12 19:07:14.9844|TRACE|Microsoft.AspNetCore.Server.Kestrel.Http2|Connection id "0HN2R1AEFNH72" sending DATA frame for stream ID 7 with length 16384 and flags NONE.
2024-04-12 19:07:14.9844|TRACE|Microsoft.AspNetCore.Server.Kestrel.Http2|Connection id "0HN2R1AEFNH72" sending DATA frame for stream ID 7 with length 16384 and flags NONE.
2024-04-12 19:07:15.0031|TRACE|Microsoft.AspNetCore.Server.Kestrel.Http2|Connection id "0HN2R1AEFNH72" sending DATA frame for stream ID 7 with length 16384 and flags NONE.
2024-04-12 19:07:15.0031|TRACE|Microsoft.AspNetCore.Server.Kestrel.Http2|Connection id "0HN2R1AEFNH72" sending DATA frame for stream ID 7 with length 16384 and flags NONE.
2024-04-12 19:07:15.0031|TRACE|Microsoft.AspNetCore.Server.Kestrel.Http2|Connection id "0HN2R1AEFNH72" sending DATA frame for stream ID 7 with length 16384 and flags NONE.
2024-04-12 19:07:15.0031|TRACE|Microsoft.AspNetCore.Server.Kestrel.Http2|Connection id "0HN2R1AEFNH72" sending DATA frame for stream ID 7 with length 16384 and flags NONE.
2024-04-12 19:07:15.0031|TRACE|Microsoft.AspNetCore.Server.Kestrel.Http2|Connection id "0HN2R1AEFNH72" sending DATA frame for stream ID 7 with length 16384 and flags NONE.
2024-04-12 19:07:15.0031|TRACE|Microsoft.AspNetCore.Server.Kestrel.Http2|Connection id "0HN2R1AEFNH72" sending DATA frame for stream ID 7 with length 16384 and flags NONE.
2024-04-12 19:07:15.0031|TRACE|Microsoft.AspNetCore.Server.Kestrel.Http2|Connection id "0HN2R1AEFNH72" sending DATA frame for stream ID 7 with length 16384 and flags NONE.
2024-04-12 19:07:15.0031|TRACE|Microsoft.AspNetCore.Server.Kestrel.Http2|Connection id "0HN2R1AEFNH72" sending DATA frame for stream ID 7 with length 16384 and flags NONE.
2024-04-12 19:07:15.0031|TRACE|Microsoft.AspNetCore.Server.Kestrel.Http2|Connection id "0HN2R1AEFNH72" sending DATA frame for stream ID 7 with length 16384 and flags NONE.
2024-04-12 19:07:15.0031|TRACE|Microsoft.AspNetCore.Server.Kestrel.Http2|Connection id "0HN2R1AEFNH72" sending DATA frame for stream ID 7 with length 16384 and flags NONE.
2024-04-12 19:07:15.0031|TRACE|Microsoft.AspNetCore.Server.Kestrel.Http2|Connection id "0HN2R1AEFNH72" sending DATA frame for stream ID 7 with length 16384 and flags NONE.
2024-04-12 19:07:15.0031|TRACE|Microsoft.AspNetCore.Server.Kestrel.Http2|Connection id "0HN2R1AEFNH72" sending DATA frame for stream ID 7 with length 16384 and flags NONE.
2024-04-12 19:07:15.0031|TRACE|Microsoft.AspNetCore.Server.Kestrel.Http2|Connection id "0HN2R1AEFNH72" sending DATA frame for stream ID 7 with length 16384 and flags NONE.
2024-04-12 19:07:15.0031|TRACE|Microsoft.AspNetCore.Server.Kestrel.Http2|Connection id "0HN2R1AEFNH72" sending DATA frame for stream ID 7 with length 16384 and flags NONE.
2024-04-12 19:07:15.0031|TRACE|Microsoft.AspNetCore.Server.Kestrel.Http2|Connection id "0HN2R1AEFNH72" sending DATA frame for stream ID 7 with length 16384 and flags NONE.
2024-04-12 19:07:15.0031|TRACE|Microsoft.AspNetCore.Server.Kestrel.Http2|Connection id "0HN2R1AEFNH72" sending DATA frame for stream ID 7 with length 16384 and flags NONE.
2024-04-12 19:07:15.0031|TRACE|Microsoft.AspNetCore.Server.Kestrel.Http2|Connection id "0HN2R1AEFNH72" sending DATA frame for stream ID 7 with length 16384 and flags NONE.
2024-04-12 19:07:15.0031|TRACE|Microsoft.AspNetCore.Server.Kestrel.Http2|Connection id "0HN2R1AEFNH72" sending DATA frame for stream ID 7 with length 16384 and flags NONE.
2024-04-12 19:07:15.0031|TRACE|Microsoft.AspNetCore.Server.Kestrel.Http2|Connection id "0HN2R1AEFNH72" sending DATA frame for stream ID 7 with length 11545 and flags NONE.
2024-04-12 19:07:15.0031|TRACE|Microsoft.AspNetCore.Server.Kestrel.Http2|Connection id "0HN2R1AEFNH72" sending DATA frame for stream ID 7 with length 0 and flags END_STREAM.
2024-04-12 19:07:15.3131|TRACE|Microsoft.AspNetCore.Server.Kestrel.Http2|Connection id "0HN2R1AEFNH72" sending HEADERS frame for stream ID 13 with length 149 and flags END_HEADERS.
2024-04-12 19:07:15.3131|TRACE|Microsoft.AspNetCore.Server.Kestrel.Http2|Connection id "0HN2R1AEFNH72" sending DATA frame for stream ID 13 with length 9986 and flags NONE.
2024-04-12 19:07:15.3131|TRACE|Microsoft.AspNetCore.Server.Kestrel.Http2|Connection id "0HN2R1AEFNH72" sending DATA frame for stream ID 13 with length 10240 and flags NONE.
2024-04-12 19:07:15.3131|TRACE|Microsoft.AspNetCore.Server.Kestrel.Http2|Connection id "0HN2R1AEFNH72" sending DATA frame for stream ID 13 with length 10240 and flags NONE.
2024-04-12 19:07:15.3131|TRACE|Microsoft.AspNetCore.Server.Kestrel.Http2|Connection id "0HN2R1AEFNH72" sending DATA frame for stream ID 13 with length 10240 and flags NONE.
2024-04-12 19:07:15.3131|TRACE|Microsoft.AspNetCore.Server.Kestrel.Http2|Connection id "0HN2R1AEFNH72" sending DATA frame for stream ID 13 with length 10240 and flags NONE.
2024-04-12 19:07:15.3131|TRACE|Microsoft.AspNetCore.Server.Kestrel.Http2|Connection id "0HN2R1AEFNH72" sending DATA frame for stream ID 13 with length 10240 and flags NONE.
2024-04-12 19:07:15.3131|TRACE|Microsoft.AspNetCore.Server.Kestrel.Http2|Connection id "0HN2R1AEFNH72" sending DATA frame for stream ID 13 with length 10240 and flags NONE.
2024-04-12 19:07:15.3131|TRACE|Microsoft.AspNetCore.Server.Kestrel.Http2|Connection id "0HN2R1AEFNH72" sending DATA frame for stream ID 13 with length 10240 and flags NONE.
2024-04-12 19:07:15.3131|TRACE|Microsoft.AspNetCore.Server.Kestrel.Http2|Connection id "0HN2R1AEFNH72" sending DATA frame for stream ID 13 with length 10240 and flags NONE.
2024-04-12 19:07:15.3131|TRACE|Microsoft.AspNetCore.Server.Kestrel.Http2|Connection id "0HN2R1AEFNH72" sending DATA frame for stream ID 13 with length 10240 and flags NONE.
2024-04-12 19:07:15.3131|TRACE|Microsoft.AspNetCore.Server.Kestrel.Http2|Connection id "0HN2R1AEFNH72" sending DATA frame for stream ID 13 with length 10240 and flags NONE.
2024-04-12 19:07:15.3131|TRACE|Microsoft.AspNetCore.Server.Kestrel.Http2|Connection id "0HN2R1AEFNH72" sending DATA frame for stream ID 13 with length 10240 and flags NONE.
2024-04-12 19:07:15.3131|TRACE|Microsoft.AspNetCore.Server.Kestrel.Http2|Connection id "0HN2R1AEFNH72" sending DATA frame for stream ID 13 with length 10240 and flags NONE.
2024-04-12 19:07:15.3131|TRACE|Microsoft.AspNetCore.Server.Kestrel.Http2|Connection id "0HN2R1AEFNH72" sending DATA frame for stream ID 13 with length 10240 and flags NONE.
2024-04-12 19:07:15.3131|TRACE|Microsoft.AspNetCore.Server.Kestrel.Http2|Connection id "0HN2R1AEFNH72" sending DATA frame for stream ID 13 with length 10240 and flags NONE.
2024-04-12 19:07:15.3131|TRACE|Microsoft.AspNetCore.Server.Kestrel.Http2|Connection id "0HN2R1AEFNH72" sending DATA frame for stream ID 13 with length 160 and flags NONE.
2024-04-12 19:07:15.3131|TRACE|Microsoft.AspNetCore.Server.Kestrel.Http2|Connection id "0HN2R1AEFNH72" sending DATA frame for stream ID 13 with length 0 and flags END_STREAM.
2024-04-12 19:07:15.3723|TRACE|Microsoft.AspNetCore.Server.Kestrel.Http2|Connection id "0HN2R1AEFNH72" received HEADERS frame for stream ID 15 with length 66 and flags END_STREAM, END_HEADERS, PRIORITY.
2024-04-12 19:07:15.8070|TRACE|Microsoft.AspNetCore.Server.Kestrel.Http2|Connection id "0HN2R1AEFNH72" sending HEADERS frame for stream ID 15 with length 35 and flags END_HEADERS.
2024-04-12 19:07:15.8070|TRACE|Microsoft.AspNetCore.Server.Kestrel.Http2|Connection id "0HN2R1AEFNH72" sending DATA frame for stream ID 15 with length 16384 and flags NONE.
2024-04-12 19:07:15.8070|TRACE|Microsoft.AspNetCore.Server.Kestrel.Http2|Connection id "0HN2R1AEFNH72" sending DATA frame for stream ID 15 with length 16384 and flags NONE.
2024-04-12 19:07:15.8070|TRACE|Microsoft.AspNetCore.Server.Kestrel.Http2|Connection id "0HN2R1AEFNH72" sending DATA frame for stream ID 15 with length 2199 and flags NONE.
2024-04-12 19:07:15.8070|TRACE|Microsoft.AspNetCore.Server.Kestrel.Http2|Connection id "0HN2R1AEFNH72" sending DATA frame for stream ID 15 with length 0 and flags END_STREAM.
